TpTrace Verbose: 0 : 6244, 1, 2022/12/04, 00:19:27.225, 1152900508441, vstest.console.dll, Version: 17.4.0-release-20221019-01 Current process architecture: X64
TpTrace Verbose: 0 : 6244, 1, 2022/12/04, 00:19:27.228, 1152900538128, vstest.console.dll, Runtime location: C:\Program Files\dotnet\shared\Microsoft.NETCore.App\7.0.0
TpTrace Verbose: 0 : 6244, 1, 2022/12/04, 00:19:27.233, 1152900582967, vstest.console.dll, ArtifactProcessingPostProcessModeProcessorExecutor.Initialize: ArtifactProcessingMode.Collect
TpTrace Verbose: 0 : 6244, 1, 2022/12/04, 00:19:27.233, 1152900584897, vstest.console.dll, TestSessionCorrelationIdProcessorModeProcessorExecutor.Initialize: TestSessionCorrelationId '6268_adc43934-d13a-42b7-9774-a79c1e290b58'
TpTrace Information: 0 : 6244, 1, 2022/12/04, 00:19:27.242, 1152900676405, vstest.console.dll, FilePatternParser: The given file C:\Users\Almina\Desktop\VVS_zadaca1\TestProject\bin\Debug\net5.0\fine-code-coverage\build-output\TestProject.dll is a full path.
TpTrace Verbose: 0 : 6244, 1, 2022/12/04, 00:19:27.249, 1152900746475, vstest.console.dll, TestPluginCache.DiscoverTestExtensions: finding test extensions in assemblies ends with: RuntimeProvider.dll TPluginInfo: Microsoft.VisualStudio.TestPlatform.Common.ExtensionFramework.Utilities.TestRuntimePluginInformation TExtension: Microsoft.VisualStudio.TestPlatform.ObjectModel.Host.ITestRuntimeProvider
TpTrace Verbose: 0 : 6244, 1, 2022/12/04, 00:19:27.249, 1152900749095, vstest.console.dll, TestPluginCache.GetExtensionPaths: Filtered extension paths: 
TpTrace Verbose: 0 : 6244, 1, 2022/12/04, 00:19:27.249, 1152900750215, vstest.console.dll, TestPluginCache.GetExtensionPaths: Added default extension paths: C:\Program Files\dotnet\sdk\7.0.100\Extensions\Microsoft.Diagnostics.NETCore.Client.dll
C:\Program Files\dotnet\sdk\7.0.100\Extensions\Microsoft.TestPlatform.Extensions.BlameDataCollector.dll
C:\Program Files\dotnet\sdk\7.0.100\Extensions\Microsoft.TestPlatform.Extensions.EventLogCollector.dll
C:\Program Files\dotnet\sdk\7.0.100\Extensions\Microsoft.TestPlatform.TestHostRuntimeProvider.dll
C:\Program Files\dotnet\sdk\7.0.100\Extensions\Microsoft.VisualStudio.TestPlatform.Extensions.Html.TestLogger.dll
C:\Program Files\dotnet\sdk\7.0.100\Extensions\Microsoft.VisualStudio.TestPlatform.Extensions.Trx.TestLogger.dll
TpTrace Verbose: 0 : 6244, 1, 2022/12/04, 00:19:27.249, 1152900750702, vstest.console.dll, TestPluginCache.GetExtensionPaths: Added unfilterableExtensionPaths: 
TpTrace Information: 0 : 6244, 1, 2022/12/04, 00:19:27.250, 1152900759315, vstest.console.dll, AssemblyResolver.ctor: Creating AssemblyResolver with searchDirectories C:\Program Files\dotnet\sdk\7.0.100\Extensions,C:\Program Files\dotnet\sdk\7.0.100
TpTrace Verbose: 0 : 6244, 1, 2022/12/04, 00:19:27.252, 1152900776655, vstest.console.dll, TestPluginCache.DiscoverTestExtensions: Discovering the extensions using extension path.
TpTrace Verbose: 0 : 6244, 1, 2022/12/04, 00:19:27.252, 1152900778164, vstest.console.dll, TestPluginCache.GetExtensionPaths: Filtered extension paths: 
TpTrace Verbose: 0 : 6244, 1, 2022/12/04, 00:19:27.252, 1152900778801, vstest.console.dll, TestPluginCache.GetExtensionPaths: Added default extension paths: C:\Program Files\dotnet\sdk\7.0.100\Extensions\Microsoft.Diagnostics.NETCore.Client.dll
C:\Program Files\dotnet\sdk\7.0.100\Extensions\Microsoft.TestPlatform.Extensions.BlameDataCollector.dll
C:\Program Files\dotnet\sdk\7.0.100\Extensions\Microsoft.TestPlatform.Extensions.EventLogCollector.dll
C:\Program Files\dotnet\sdk\7.0.100\Extensions\Microsoft.TestPlatform.TestHostRuntimeProvider.dll
C:\Program Files\dotnet\sdk\7.0.100\Extensions\Microsoft.VisualStudio.TestPlatform.Extensions.Html.TestLogger.dll
C:\Program Files\dotnet\sdk\7.0.100\Extensions\Microsoft.VisualStudio.TestPlatform.Extensions.Trx.TestLogger.dll
TpTrace Verbose: 0 : 6244, 1, 2022/12/04, 00:19:27.252, 1152900779245, vstest.console.dll, TestPluginCache.GetExtensionPaths: Added unfilterableExtensionPaths: 
TpTrace Verbose: 0 : 6244, 1, 2022/12/04, 00:19:27.252, 1152900780592, vstest.console.dll, TestPluginCache.DiscoverTestExtensions: Discovering the extensions using allExtensionPaths: C:\Program Files\dotnet\sdk\7.0.100\Extensions\Microsoft.Diagnostics.NETCore.Client.dll
C:\Program Files\dotnet\sdk\7.0.100\Extensions\Microsoft.TestPlatform.Extensions.BlameDataCollector.dll
C:\Program Files\dotnet\sdk\7.0.100\Extensions\Microsoft.TestPlatform.Extensions.EventLogCollector.dll
C:\Program Files\dotnet\sdk\7.0.100\Extensions\Microsoft.TestPlatform.TestHostRuntimeProvider.dll
C:\Program Files\dotnet\sdk\7.0.100\Extensions\Microsoft.VisualStudio.TestPlatform.Extensions.Html.TestLogger.dll
C:\Program Files\dotnet\sdk\7.0.100\Extensions\Microsoft.VisualStudio.TestPlatform.Extensions.Trx.TestLogger.dll
TpTrace Information: 0 : 6244, 1, 2022/12/04, 00:19:27.253, 1152900782404, vstest.console.dll, AssemblyResolver.AddSearchDirectories: Adding more searchDirectories C:\Program Files\dotnet\sdk\7.0.100\Extensions,C:\Program Files\dotnet\sdk\7.0.100
TpTrace Information: 0 : 6244, 1, 2022/12/04, 00:19:27.253, 1152900783104, vstest.console.dll, AssemblyResolver.AddSearchDirectories: Adding more searchDirectories C:\Program Files\dotnet\sdk\7.0.100\Extensions,C:\Program Files\dotnet\sdk\7.0.100
TpTrace Information: 0 : 6244, 1, 2022/12/04, 00:19:27.253, 1152900783564, vstest.console.dll, AssemblyResolver.AddSearchDirectories: Adding more searchDirectories C:\Program Files\dotnet\sdk\7.0.100\Extensions,C:\Program Files\dotnet\sdk\7.0.100
TpTrace Information: 0 : 6244, 1, 2022/12/04, 00:19:27.253, 1152900783986, vstest.console.dll, AssemblyResolver.AddSearchDirectories: Adding more searchDirectories C:\Program Files\dotnet\sdk\7.0.100\Extensions,C:\Program Files\dotnet\sdk\7.0.100
TpTrace Information: 0 : 6244, 1, 2022/12/04, 00:19:27.253, 1152900784398, vstest.console.dll, AssemblyResolver.AddSearchDirectories: Adding more searchDirectories C:\Program Files\dotnet\sdk\7.0.100\Extensions,C:\Program Files\dotnet\sdk\7.0.100
TpTrace Information: 0 : 6244, 1, 2022/12/04, 00:19:27.253, 1152900784872, vstest.console.dll, AssemblyResolver.AddSearchDirectories: Adding more searchDirectories C:\Program Files\dotnet\sdk\7.0.100\Extensions,C:\Program Files\dotnet\sdk\7.0.100
TpTrace Information: 0 : 6244, 1, 2022/12/04, 00:19:27.253, 1152900790221, vstest.console.dll, AssemblyResolver.OnResolve: Microsoft.Diagnostics.NETCore.Client: Resolving assembly.
TpTrace Information: 0 : 6244, 1, 2022/12/04, 00:19:27.253, 1152900791005, vstest.console.dll, AssemblyResolver.OnResolve: Microsoft.Diagnostics.NETCore.Client: Searching in: 'C:\Program Files\dotnet\sdk\7.0.100\Extensions'.
TpTrace Information: 0 : 6244, 1, 2022/12/04, 00:19:27.265, 1152900910746, vstest.console.dll, AssemblyResolver.OnResolve: Microsoft.Diagnostics.NETCore.Client: Loading assembly 'C:\Program Files\dotnet\sdk\7.0.100\Extensions\Microsoft.Diagnostics.NETCore.Client.dll'.
TpTrace Information: 0 : 6244, 1, 2022/12/04, 00:19:27.266, 1152900921111, vstest.console.dll, AssemblyResolver.OnResolve: Resolved assembly: Microsoft.Diagnostics.NETCore.Client, from path: C:\Program Files\dotnet\sdk\7.0.100\Extensions\Microsoft.Diagnostics.NETCore.Client.dll
TpTrace Verbose: 0 : 6244, 1, 2022/12/04, 00:19:27.268, 1152900935066, vstest.console.dll, MetadataReaderExtensionsHelper: Discovering extensions inside assembly 'Microsoft.Diagnostics.NETCore.Client, Version=0.2.6.42401, Culture=neutral, PublicKeyToken=31bf3856ad364e35' file path 'C:\Program Files\dotnet\sdk\7.0.100\Extensions\Microsoft.Diagnostics.NETCore.Client.dll'
TpTrace Information: 0 : 6244, 1, 2022/12/04, 00:19:27.273, 1152900988801, vstest.console.dll, AssemblyResolver.OnResolve: Microsoft.Bcl.AsyncInterfaces: Resolving assembly.
TpTrace Information: 0 : 6244, 1, 2022/12/04, 00:19:27.273, 1152900989698, vstest.console.dll, AssemblyResolver.OnResolve: Microsoft.Bcl.AsyncInterfaces: Searching in: 'C:\Program Files\dotnet\sdk\7.0.100\Extensions'.
TpTrace Information: 0 : 6244, 1, 2022/12/04, 00:19:27.273, 1152900990727, vstest.console.dll, AssemblyResolver.OnResolve: Microsoft.Bcl.AsyncInterfaces: Assembly path does not exist: 'C:\Program Files\dotnet\sdk\7.0.100\Extensions\Microsoft.Bcl.AsyncInterfaces.dll', returning.
TpTrace Information: 0 : 6244, 1, 2022/12/04, 00:19:27.274, 1152900992273, vstest.console.dll, AssemblyResolver.OnResolve: Microsoft.Bcl.AsyncInterfaces: Assembly path does not exist: 'C:\Program Files\dotnet\sdk\7.0.100\Extensions\Microsoft.Bcl.AsyncInterfaces.exe', returning.
TpTrace Information: 0 : 6244, 1, 2022/12/04, 00:19:27.274, 1152900992733, vstest.console.dll, AssemblyResolver.OnResolve: Microsoft.Bcl.AsyncInterfaces: Searching in: 'C:\Program Files\dotnet\sdk\7.0.100'.
TpTrace Information: 0 : 6244, 1, 2022/12/04, 00:19:27.274, 1152900993564, vstest.console.dll, AssemblyResolver.OnResolve: Microsoft.Bcl.AsyncInterfaces: Assembly path does not exist: 'C:\Program Files\dotnet\sdk\7.0.100\Microsoft.Bcl.AsyncInterfaces.dll', returning.
TpTrace Information: 0 : 6244, 1, 2022/12/04, 00:19:27.274, 1152900994365, vstest.console.dll, AssemblyResolver.OnResolve: Microsoft.Bcl.AsyncInterfaces: Assembly path does not exist: 'C:\Program Files\dotnet\sdk\7.0.100\Microsoft.Bcl.AsyncInterfaces.exe', returning.
TpTrace Information: 0 : 6244, 1, 2022/12/04, 00:19:27.274, 1152900994821, vstest.console.dll, AssemblyResolver.OnResolve: Microsoft.Bcl.AsyncInterfaces: Failed to load assembly.
TpTrace Verbose: 0 : 6244, 1, 2022/12/04, 00:19:27.274, 1152900995329, vstest.console.dll, CurrentDomainAssemblyResolve: Resolving assembly 'Microsoft.Bcl.AsyncInterfaces'.
TpTrace Information: 0 : 6244, 1, 2022/12/04, 00:19:27.274, 1152900996057, vstest.console.dll, AssemblyResolver.OnResolve: Microsoft.Bcl.AsyncInterfaces: Resolving assembly.
TpTrace Information: 0 : 6244, 1, 2022/12/04, 00:19:27.274, 1152900996568, vstest.console.dll, AssemblyResolver.OnResolve: Microsoft.Bcl.AsyncInterfaces: Resolved from cache.
TpTrace Verbose: 0 : 6244, 1, 2022/12/04, 00:19:27.274, 1152900996947, vstest.console.dll, CurrentDomainAssemblyResolve: Resolving assembly 'Microsoft.Bcl.AsyncInterfaces'.
TpTrace Verbose: 0 : 6244, 1, 2022/12/04, 00:19:27.274, 1152900997416, vstest.console.dll, CurrentDomainAssemblyResolve: Failed to resolve assembly 'Microsoft.Bcl.AsyncInterfaces'.
TpTrace Verbose: 0 : 6244, 1, 2022/12/04, 00:19:27.275, 1152901007354, vstest.console.dll, CurrentDomainAssemblyResolve: Failed to resolve assembly 'Microsoft.Bcl.AsyncInterfaces'.
TpTrace Warning: 0 : 6244, 1, 2022/12/04, 00:19:27.284, 1152901098101, vstest.console.dll, TestPluginDiscoverer: Failed to get types from assembly 'Microsoft.Diagnostics.NETCore.Client, Version=0.2.6.42401, Culture=neutral, PublicKeyToken=31bf3856ad364e35'. Error: System.Reflection.ReflectionTypeLoadException: Unable to load one or more of the requested types.
Could not load file or assembly 'Microsoft.Bcl.AsyncInterfaces, Version=1.0.0.0, Culture=neutral, PublicKeyToken=cc7b13ffcd2ddd51'. The system cannot find the file specified.
   at System.Reflection.RuntimeModule.GetTypes(RuntimeModule module)
   at System.Reflection.Assembly.GetTypes()
   at Microsoft.VisualStudio.TestPlatform.Common.ExtensionFramework.TestPluginDiscoverer.GetTestExtensionsFromAssembly[TPluginInfo,TExtension](Assembly assembly, Dictionary`2 pluginInfos, String filePath)
System.IO.FileNotFoundException: Could not load file or assembly 'Microsoft.Bcl.AsyncInterfaces, Version=1.0.0.0, Culture=neutral, PublicKeyToken=cc7b13ffcd2ddd51'. The system cannot find the file specified.
File name: 'Microsoft.Bcl.AsyncInterfaces, Version=1.0.0.0, Culture=neutral, PublicKeyToken=cc7b13ffcd2ddd51'
 ---> System.IO.FileNotFoundException: Could not load file or assembly 'Microsoft.Bcl.AsyncInterfaces, Culture=neutral, PublicKeyToken=null'. The system cannot find the file specified.
File name: 'Microsoft.Bcl.AsyncInterfaces, Culture=neutral, PublicKeyToken=null'
   at System.Reflection.RuntimeAssembly.InternalLoad(AssemblyName assemblyName, StackCrawlMark& stackMark, AssemblyLoadContext assemblyLoadContext, RuntimeAssembly requestingAssembly, Boolean throwOnFileNotFound)
   at System.Reflection.Assembly.Load(AssemblyName assemblyRef)
   at Microsoft.VisualStudio.TestPlatform.Common.ExtensionFramework.TestPluginCache.CurrentDomainAssemblyResolve(Object sender, AssemblyResolveEventArgs args)
   at System.Runtime.Loader.AssemblyLoadContext.GetFirstResolvedAssemblyFromResolvingEvent(AssemblyName assemblyName)
   at System.Runtime.Loader.AssemblyLoadContext.ResolveUsingEvent(AssemblyName assemblyName)
   at System.Runtime.Loader.AssemblyLoadContext.ResolveUsingResolvingEvent(IntPtr gchManagedAssemblyLoadContext, AssemblyName assemblyName)
TpTrace Warning: 0 : 6244, 1, 2022/12/04, 00:19:27.285, 1152901102755, vstest.console.dll, LoaderExceptions: System.IO.FileNotFoundException: Could not load file or assembly 'Microsoft.Bcl.AsyncInterfaces, Version=1.0.0.0, Culture=neutral, PublicKeyToken=cc7b13ffcd2ddd51'. The system cannot find the file specified.
File name: 'Microsoft.Bcl.AsyncInterfaces, Version=1.0.0.0, Culture=neutral, PublicKeyToken=cc7b13ffcd2ddd51'
 ---> System.IO.FileNotFoundException: Could not load file or assembly 'Microsoft.Bcl.AsyncInterfaces, Culture=neutral, PublicKeyToken=null'. The system cannot find the file specified.
File name: 'Microsoft.Bcl.AsyncInterfaces, Culture=neutral, PublicKeyToken=null'
   at System.Reflection.RuntimeAssembly.InternalLoad(AssemblyName assemblyName, StackCrawlMark& stackMark, AssemblyLoadContext assemblyLoadContext, RuntimeAssembly requestingAssembly, Boolean throwOnFileNotFound)
   at System.Reflection.Assembly.Load(AssemblyName assemblyRef)
   at Microsoft.VisualStudio.TestPlatform.Common.ExtensionFramework.TestPluginCache.CurrentDomainAssemblyResolve(Object sender, AssemblyResolveEventArgs args)
   at System.Runtime.Loader.AssemblyLoadContext.GetFirstResolvedAssemblyFromResolvingEvent(AssemblyName assemblyName)
   at System.Runtime.Loader.AssemblyLoadContext.ResolveUsingEvent(AssemblyName assemblyName)
   at System.Runtime.Loader.AssemblyLoadContext.ResolveUsingResolvingEvent(IntPtr gchManagedAssemblyLoadContext, AssemblyName assemblyName)
TpTrace Information: 0 : 6244, 1, 2022/12/04, 00:19:27.285, 1152901104975, vstest.console.dll, AssemblyResolver.OnResolve: Microsoft.TestPlatform.Extensions.BlameDataCollector: Resolving assembly.
TpTrace Information: 0 : 6244, 1, 2022/12/04, 00:19:27.285, 1152901105474, vstest.console.dll, AssemblyResolver.OnResolve: Microsoft.TestPlatform.Extensions.BlameDataCollector: Searching in: 'C:\Program Files\dotnet\sdk\7.0.100\Extensions'.
TpTrace Information: 0 : 6244, 1, 2022/12/04, 00:19:27.286, 1152901112104, vstest.console.dll, AssemblyResolver.OnResolve: Microsoft.TestPlatform.Extensions.BlameDataCollector: Loading assembly 'C:\Program Files\dotnet\sdk\7.0.100\Extensions\Microsoft.TestPlatform.Extensions.BlameDataCollector.dll'.
TpTrace Information: 0 : 6244, 1, 2022/12/04, 00:19:27.286, 1152901118629, vstest.console.dll, AssemblyResolver.OnResolve: Resolved assembly: Microsoft.TestPlatform.Extensions.BlameDataCollector, from path: C:\Program Files\dotnet\sdk\7.0.100\Extensions\Microsoft.TestPlatform.Extensions.BlameDataCollector.dll
TpTrace Verbose: 0 : 6244, 1, 2022/12/04, 00:19:27.286, 1152901119615, vstest.console.dll, MetadataReaderExtensionsHelper: Discovering extensions inside assembly 'Microsoft.TestPlatform.Extensions.BlameDataCollector, Version=15.0.0.0, Culture=neutral, PublicKeyToken=b03f5f7f11d50a3a' file path 'C:\Program Files\dotnet\sdk\7.0.100\Extensions\Microsoft.TestPlatform.Extensions.BlameDataCollector.dll'
TpTrace Information: 0 : 6244, 1, 2022/12/04, 00:19:27.288, 1152901138670, vstest.console.dll, AssemblyResolver.OnResolve: Microsoft.TestPlatform.Extensions.EventLogCollector: Resolving assembly.
TpTrace Information: 0 : 6244, 1, 2022/12/04, 00:19:27.288, 1152901139599, vstest.console.dll, AssemblyResolver.OnResolve: Microsoft.TestPlatform.Extensions.EventLogCollector: Searching in: 'C:\Program Files\dotnet\sdk\7.0.100\Extensions'.
TpTrace Information: 0 : 6244, 1, 2022/12/04, 00:19:27.289, 1152901146503, vstest.console.dll, AssemblyResolver.OnResolve: Microsoft.TestPlatform.Extensions.EventLogCollector: Loading assembly 'C:\Program Files\dotnet\sdk\7.0.100\Extensions\Microsoft.TestPlatform.Extensions.EventLogCollector.dll'.
TpTrace Information: 0 : 6244, 1, 2022/12/04, 00:19:27.290, 1152901155265, vstest.console.dll, AssemblyResolver.OnResolve: Resolved assembly: Microsoft.TestPlatform.Extensions.EventLogCollector, from path: C:\Program Files\dotnet\sdk\7.0.100\Extensions\Microsoft.TestPlatform.Extensions.EventLogCollector.dll
TpTrace Verbose: 0 : 6244, 1, 2022/12/04, 00:19:27.290, 1152901156586, vstest.console.dll, MetadataReaderExtensionsHelper: Discovering extensions inside assembly 'Microsoft.TestPlatform.Extensions.EventLogCollector, Version=15.0.0.0, Culture=neutral, PublicKeyToken=b03f5f7f11d50a3a' file path 'C:\Program Files\dotnet\sdk\7.0.100\Extensions\Microsoft.TestPlatform.Extensions.EventLogCollector.dll'
TpTrace Information: 0 : 6244, 1, 2022/12/04, 00:19:27.294, 1152901193041, vstest.console.dll, AssemblyResolver.OnResolve: Microsoft.TestPlatform.TestHostRuntimeProvider: Resolving assembly.
TpTrace Information: 0 : 6244, 1, 2022/12/04, 00:19:27.294, 1152901194137, vstest.console.dll, AssemblyResolver.OnResolve: Microsoft.TestPlatform.TestHostRuntimeProvider: Searching in: 'C:\Program Files\dotnet\sdk\7.0.100\Extensions'.
TpTrace Information: 0 : 6244, 1, 2022/12/04, 00:19:27.294, 1152901199505, vstest.console.dll, AssemblyResolver.OnResolve: Microsoft.TestPlatform.TestHostRuntimeProvider: Loading assembly 'C:\Program Files\dotnet\sdk\7.0.100\Extensions\Microsoft.TestPlatform.TestHostRuntimeProvider.dll'.
TpTrace Information: 0 : 6244, 1, 2022/12/04, 00:19:27.295, 1152901205228, vstest.console.dll, AssemblyResolver.OnResolve: Resolved assembly: Microsoft.TestPlatform.TestHostRuntimeProvider, from path: C:\Program Files\dotnet\sdk\7.0.100\Extensions\Microsoft.TestPlatform.TestHostRuntimeProvider.dll
TpTrace Verbose: 0 : 6244, 1, 2022/12/04, 00:19:27.295, 1152901205968, vstest.console.dll, MetadataReaderExtensionsHelper: Discovering extensions inside assembly 'Microsoft.TestPlatform.TestHostRuntimeProvider, Version=15.0.0.0, Culture=neutral, PublicKeyToken=b03f5f7f11d50a3a' file path 'C:\Program Files\dotnet\sdk\7.0.100\Extensions\Microsoft.TestPlatform.TestHostRuntimeProvider.dll'
TpTrace Information: 0 : 6244, 1, 2022/12/04, 00:19:27.297, 1152901227501, vstest.console.dll, GetTestExtensionFromType: Register extension with identifier data 'HostProvider://DefaultTestHost' and type 'Microsoft.VisualStudio.TestPlatform.CrossPlatEngine.Hosting.DefaultTestHostManager, Microsoft.TestPlatform.TestHostRuntimeProvider, Version=15.0.0.0, Culture=neutral, PublicKeyToken=b03f5f7f11d50a3a' inside file 'C:\Program Files\dotnet\sdk\7.0.100\Extensions\Microsoft.TestPlatform.TestHostRuntimeProvider.dll'
TpTrace Information: 0 : 6244, 1, 2022/12/04, 00:19:27.297, 1152901230130, vstest.console.dll, GetTestExtensionFromType: Register extension with identifier data 'HostProvider://DotnetTestHost' and type 'Microsoft.VisualStudio.TestPlatform.CrossPlatEngine.Hosting.DotnetTestHostManager, Microsoft.TestPlatform.TestHostRuntimeProvider, Version=15.0.0.0, Culture=neutral, PublicKeyToken=b03f5f7f11d50a3a' inside file 'C:\Program Files\dotnet\sdk\7.0.100\Extensions\Microsoft.TestPlatform.TestHostRuntimeProvider.dll'
TpTrace Information: 0 : 6244, 1, 2022/12/04, 00:19:27.297, 1152901230997, vstest.console.dll, AssemblyResolver.OnResolve: Microsoft.VisualStudio.TestPlatform.Extensions.Html.TestLogger: Resolving assembly.
TpTrace Information: 0 : 6244, 1, 2022/12/04, 00:19:27.297, 1152901231452, vstest.console.dll, AssemblyResolver.OnResolve: Microsoft.VisualStudio.TestPlatform.Extensions.Html.TestLogger: Searching in: 'C:\Program Files\dotnet\sdk\7.0.100\Extensions'.
TpTrace Information: 0 : 6244, 1, 2022/12/04, 00:19:27.298, 1152901236673, vstest.console.dll, AssemblyResolver.OnResolve: Microsoft.VisualStudio.TestPlatform.Extensions.Html.TestLogger: Loading assembly 'C:\Program Files\dotnet\sdk\7.0.100\Extensions\Microsoft.VisualStudio.TestPlatform.Extensions.Html.TestLogger.dll'.
TpTrace Information: 0 : 6244, 1, 2022/12/04, 00:19:27.299, 1152901242096, vstest.console.dll, AssemblyResolver.OnResolve: Resolved assembly: Microsoft.VisualStudio.TestPlatform.Extensions.Html.TestLogger, from path: C:\Program Files\dotnet\sdk\7.0.100\Extensions\Microsoft.VisualStudio.TestPlatform.Extensions.Html.TestLogger.dll
TpTrace Verbose: 0 : 6244, 1, 2022/12/04, 00:19:27.299, 1152901242853, vstest.console.dll, MetadataReaderExtensionsHelper: Discovering extensions inside assembly 'Microsoft.VisualStudio.TestPlatform.Extensions.Html.TestLogger, Version=15.0.0.0, Culture=neutral, PublicKeyToken=b03f5f7f11d50a3a' file path 'C:\Program Files\dotnet\sdk\7.0.100\Extensions\Microsoft.VisualStudio.TestPlatform.Extensions.Html.TestLogger.dll'
TpTrace Information: 0 : 6244, 1, 2022/12/04, 00:19:27.300, 1152901252589, vstest.console.dll, AssemblyResolver.OnResolve: Microsoft.VisualStudio.TestPlatform.Extensions.Trx.TestLogger: Resolving assembly.
TpTrace Information: 0 : 6244, 1, 2022/12/04, 00:19:27.300, 1152901253174, vstest.console.dll, AssemblyResolver.OnResolve: Microsoft.VisualStudio.TestPlatform.Extensions.Trx.TestLogger: Searching in: 'C:\Program Files\dotnet\sdk\7.0.100\Extensions'.
TpTrace Information: 0 : 6244, 1, 2022/12/04, 00:19:27.300, 1152901257531, vstest.console.dll, AssemblyResolver.OnResolve: Microsoft.VisualStudio.TestPlatform.Extensions.Trx.TestLogger: Loading assembly 'C:\Program Files\dotnet\sdk\7.0.100\Extensions\Microsoft.VisualStudio.TestPlatform.Extensions.Trx.TestLogger.dll'.
TpTrace Information: 0 : 6244, 1, 2022/12/04, 00:19:27.301, 1152901263040, vstest.console.dll, AssemblyResolver.OnResolve: Resolved assembly: Microsoft.VisualStudio.TestPlatform.Extensions.Trx.TestLogger, from path: C:\Program Files\dotnet\sdk\7.0.100\Extensions\Microsoft.VisualStudio.TestPlatform.Extensions.Trx.TestLogger.dll
TpTrace Verbose: 0 : 6244, 1, 2022/12/04, 00:19:27.301, 1152901263795, vstest.console.dll, MetadataReaderExtensionsHelper: Discovering extensions inside assembly 'Microsoft.VisualStudio.TestPlatform.Extensions.Trx.TestLogger, Version=15.0.0.0, Culture=neutral, PublicKeyToken=b03f5f7f11d50a3a' file path 'C:\Program Files\dotnet\sdk\7.0.100\Extensions\Microsoft.VisualStudio.TestPlatform.Extensions.Trx.TestLogger.dll'
TpTrace Verbose: 0 : 6244, 1, 2022/12/04, 00:19:27.302, 1152901276363, vstest.console.dll, TestPluginCache: Discovered the extensions using extension path ''.
TpTrace Verbose: 0 : 6244, 1, 2022/12/04, 00:19:27.302, 1152901277029, vstest.console.dll, TestPluginCache: Discoverers are ''.
TpTrace Verbose: 0 : 6244, 1, 2022/12/04, 00:19:27.302, 1152901277423, vstest.console.dll, TestPluginCache: Executors are ''.
TpTrace Verbose: 0 : 6244, 1, 2022/12/04, 00:19:27.302, 1152901277776, vstest.console.dll, TestPluginCache: Executors2 are ''.
TpTrace Verbose: 0 : 6244, 1, 2022/12/04, 00:19:27.302, 1152901278115, vstest.console.dll, TestPluginCache: Setting providers are ''.
TpTrace Verbose: 0 : 6244, 1, 2022/12/04, 00:19:27.302, 1152901278448, vstest.console.dll, TestPluginCache: Loggers are ''.
TpTrace Verbose: 0 : 6244, 1, 2022/12/04, 00:19:27.302, 1152901279982, vstest.console.dll, TestPluginCache: TestHosts are 'HostProvider://DefaultTestHost,HostProvider://DotnetTestHost'.
TpTrace Verbose: 0 : 6244, 1, 2022/12/04, 00:19:27.302, 1152901280441, vstest.console.dll, TestPluginCache: DataCollectors are ''.
TpTrace Information: 0 : 6244, 1, 2022/12/04, 00:19:27.315, 1152901405150, vstest.console.dll, RunTestsArgumentProcessor:Execute: Test run is starting.
TpTrace Verbose: 0 : 6244, 1, 2022/12/04, 00:19:27.315, 1152901406173, vstest.console.dll, RunTestsArgumentProcessor:Execute: Queuing Test run.
TpTrace Information: 0 : 6244, 1, 2022/12/04, 00:19:27.315, 1152901408852, vstest.console.dll, TestRequestManager.RunTests: run tests started.
TpTrace Information: 0 : 6244, 1, 2022/12/04, 00:19:27.317, 1152901422812, vstest.console.dll, AssemblyMetadataProvider.GetFrameworkName: Determined framework:'.NETCoreApp,Version=v5.0' for source: 'C:\Users\Almina\Desktop\VVS_zadaca1\TestProject\bin\Debug\net5.0\fine-code-coverage\build-output\TestProject.dll'
TpTrace Information: 0 : 6244, 1, 2022/12/04, 00:19:27.317, 1152901424641, vstest.console.dll, Determined framework for all sources: .NETCoreApp,Version=v5.0
TpTrace Verbose: 0 : 6244, 1, 2022/12/04, 00:19:27.317, 1152901429218, vstest.console.dll, TestRequestManager.UpdateRunSettingsIfRequired: Default architecture: X64 IsDefaultTargetArchitecture: True, Current process architecture: X64 OperatingSystem: Windows.
TpTrace Information: 0 : 6244, 1, 2022/12/04, 00:19:27.319, 1152901450364, vstest.console.dll, AssemblyMetadataProvider.GetArchitecture: Determined architecture:AnyCPU info for assembly: C:\Users\Almina\Desktop\VVS_zadaca1\TestProject\bin\Debug\net5.0\fine-code-coverage\build-output\TestProject.dll
TpTrace Information: 0 : 6244, 1, 2022/12/04, 00:19:27.319, 1152901450992, vstest.console.dll, Determined platform for source 'C:\Users\Almina\Desktop\VVS_zadaca1\TestProject\bin\Debug\net5.0\fine-code-coverage\build-output\TestProject.dll' was AnyCPU and it will use the default plaform X64.
TpTrace Information: 0 : 6244, 1, 2022/12/04, 00:19:27.319, 1152901451416, vstest.console.dll, None of the sources provided any runnable platform, using the default platform: X64
TpTrace Information: 0 : 6244, 1, 2022/12/04, 00:19:27.320, 1152901452411, vstest.console.dll, Platform was updated to 'X64'.
TpTrace Information: 0 : 6244, 1, 2022/12/04, 00:19:27.323, 1152901491912, vstest.console.dll, InferRunSettingsHelper.IsTestSettingsEnabled: Unable to navigate to RunSettings/MSTest. Current node: RunSettings
TpTrace Information: 0 : 6244, 1, 2022/12/04, 00:19:27.324, 1152901499694, vstest.console.dll, AssemblyResolver.OnResolve: Microsoft.VisualStudio.TestPlatform.Fakes: Resolving assembly.
TpTrace Information: 0 : 6244, 1, 2022/12/04, 00:19:27.324, 1152901500480, vstest.console.dll, AssemblyResolver.OnResolve: Microsoft.VisualStudio.TestPlatform.Fakes: Searching in: 'C:\Program Files\dotnet\sdk\7.0.100\Extensions'.
TpTrace Information: 0 : 6244, 1, 2022/12/04, 00:19:27.325, 1152901502083, vstest.console.dll, AssemblyResolver.OnResolve: Microsoft.VisualStudio.TestPlatform.Fakes: Assembly path does not exist: 'C:\Program Files\dotnet\sdk\7.0.100\Extensions\Microsoft.VisualStudio.TestPlatform.Fakes.dll', returning.
TpTrace Information: 0 : 6244, 1, 2022/12/04, 00:19:27.325, 1152901503137, vstest.console.dll, AssemblyResolver.OnResolve: Microsoft.VisualStudio.TestPlatform.Fakes: Assembly path does not exist: 'C:\Program Files\dotnet\sdk\7.0.100\Extensions\Microsoft.VisualStudio.TestPlatform.Fakes.exe', returning.
TpTrace Information: 0 : 6244, 1, 2022/12/04, 00:19:27.325, 1152901503552, vstest.console.dll, AssemblyResolver.OnResolve: Microsoft.VisualStudio.TestPlatform.Fakes: Searching in: 'C:\Program Files\dotnet\sdk\7.0.100'.
TpTrace Information: 0 : 6244, 1, 2022/12/04, 00:19:27.325, 1152901504434, vstest.console.dll, AssemblyResolver.OnResolve: Microsoft.VisualStudio.TestPlatform.Fakes: Assembly path does not exist: 'C:\Program Files\dotnet\sdk\7.0.100\Microsoft.VisualStudio.TestPlatform.Fakes.dll', returning.
TpTrace Information: 0 : 6244, 1, 2022/12/04, 00:19:27.325, 1152901505234, vstest.console.dll, AssemblyResolver.OnResolve: Microsoft.VisualStudio.TestPlatform.Fakes: Assembly path does not exist: 'C:\Program Files\dotnet\sdk\7.0.100\Microsoft.VisualStudio.TestPlatform.Fakes.exe', returning.
TpTrace Information: 0 : 6244, 1, 2022/12/04, 00:19:27.325, 1152901505637, vstest.console.dll, AssemblyResolver.OnResolve: Microsoft.VisualStudio.TestPlatform.Fakes: Failed to load assembly.
TpTrace Information: 0 : 6244, 1, 2022/12/04, 00:19:27.325, 1152901508548, vstest.console.dll, Failed to load assembly Microsoft.VisualStudio.TestPlatform.Fakes, Version=17.0.0.0, Culture=neutral. Reason:System.IO.FileNotFoundException: Could not load file or assembly 'Microsoft.VisualStudio.TestPlatform.Fakes, Version=17.0.0.0, Culture=neutral, PublicKeyToken=null'. The system cannot find the file specified.
File name: 'Microsoft.VisualStudio.TestPlatform.Fakes, Version=17.0.0.0, Culture=neutral, PublicKeyToken=null'
   at System.Reflection.RuntimeAssembly.InternalLoad(AssemblyName assemblyName, StackCrawlMark& stackMark, AssemblyLoadContext assemblyLoadContext, RuntimeAssembly requestingAssembly, Boolean throwOnFileNotFound)
   at System.Reflection.Assembly.Load(AssemblyName assemblyRef)
   at Microsoft.VisualStudio.TestPlatform.Common.Utilities.FakesUtilities.LoadTestPlatformAssembly()
TpTrace Verbose: 0 : 6244, 1, 2022/12/04, 00:19:27.329, 1152901546721, vstest.console.dll, TestPluginCache.DiscoverTestExtensions: finding test extensions in assemblies ends with: TestLogger.dll TPluginInfo: Microsoft.VisualStudio.TestPlatform.Common.ExtensionFramework.Utilities.TestLoggerPluginInformation TExtension: Microsoft.VisualStudio.TestPlatform.ObjectModel.Client.ITestLogger
TpTrace Verbose: 0 : 6244, 1, 2022/12/04, 00:19:27.329, 1152901547646, vstest.console.dll, TestPluginCache.GetExtensionPaths: Filtered extension paths: 
TpTrace Verbose: 0 : 6244, 1, 2022/12/04, 00:19:27.329, 1152901548127, vstest.console.dll, TestPluginCache.GetExtensionPaths: Added default extension paths: C:\Program Files\dotnet\sdk\7.0.100\Extensions\Microsoft.Diagnostics.NETCore.Client.dll
C:\Program Files\dotnet\sdk\7.0.100\Extensions\Microsoft.TestPlatform.Extensions.BlameDataCollector.dll
C:\Program Files\dotnet\sdk\7.0.100\Extensions\Microsoft.TestPlatform.Extensions.EventLogCollector.dll
C:\Program Files\dotnet\sdk\7.0.100\Extensions\Microsoft.TestPlatform.TestHostRuntimeProvider.dll
C:\Program Files\dotnet\sdk\7.0.100\Extensions\Microsoft.VisualStudio.TestPlatform.Extensions.Html.TestLogger.dll
C:\Program Files\dotnet\sdk\7.0.100\Extensions\Microsoft.VisualStudio.TestPlatform.Extensions.Trx.TestLogger.dll
TpTrace Verbose: 0 : 6244, 1, 2022/12/04, 00:19:27.329, 1152901548556, vstest.console.dll, TestPluginCache.GetExtensionPaths: Added unfilterableExtensionPaths: 
TpTrace Information: 0 : 6244, 1, 2022/12/04, 00:19:27.329, 1152901550024, vstest.console.dll, AssemblyResolver.AddSearchDirectories: Adding more searchDirectories C:\Program Files\dotnet\sdk\7.0.100\Extensions,C:\Program Files\dotnet\sdk\7.0.100
TpTrace Verbose: 0 : 6244, 1, 2022/12/04, 00:19:27.329, 1152901550530, vstest.console.dll, TestPluginCache.DiscoverTestExtensions: Discovering the extensions using extension path.
TpTrace Verbose: 0 : 6244, 1, 2022/12/04, 00:19:27.329, 1152901550957, vstest.console.dll, TestPluginCache.GetExtensionPaths: Filtered extension paths: 
TpTrace Verbose: 0 : 6244, 1, 2022/12/04, 00:19:27.329, 1152901551394, vstest.console.dll, TestPluginCache.GetExtensionPaths: Added default extension paths: C:\Program Files\dotnet\sdk\7.0.100\Extensions\Microsoft.Diagnostics.NETCore.Client.dll
C:\Program Files\dotnet\sdk\7.0.100\Extensions\Microsoft.TestPlatform.Extensions.BlameDataCollector.dll
C:\Program Files\dotnet\sdk\7.0.100\Extensions\Microsoft.TestPlatform.Extensions.EventLogCollector.dll
C:\Program Files\dotnet\sdk\7.0.100\Extensions\Microsoft.TestPlatform.TestHostRuntimeProvider.dll
C:\Program Files\dotnet\sdk\7.0.100\Extensions\Microsoft.VisualStudio.TestPlatform.Extensions.Html.TestLogger.dll
C:\Program Files\dotnet\sdk\7.0.100\Extensions\Microsoft.VisualStudio.TestPlatform.Extensions.Trx.TestLogger.dll
TpTrace Verbose: 0 : 6244, 1, 2022/12/04, 00:19:27.329, 1152901551778, vstest.console.dll, TestPluginCache.GetExtensionPaths: Added unfilterableExtensionPaths: 
TpTrace Verbose: 0 : 6244, 1, 2022/12/04, 00:19:27.330, 1152901552220, vstest.console.dll, TestPluginCache.DiscoverTestExtensions: Discovering the extensions using allExtensionPaths: C:\Program Files\dotnet\sdk\7.0.100\Extensions\Microsoft.Diagnostics.NETCore.Client.dll
C:\Program Files\dotnet\sdk\7.0.100\Extensions\Microsoft.TestPlatform.Extensions.BlameDataCollector.dll
C:\Program Files\dotnet\sdk\7.0.100\Extensions\Microsoft.TestPlatform.Extensions.EventLogCollector.dll
C:\Program Files\dotnet\sdk\7.0.100\Extensions\Microsoft.TestPlatform.TestHostRuntimeProvider.dll
C:\Program Files\dotnet\sdk\7.0.100\Extensions\Microsoft.VisualStudio.TestPlatform.Extensions.Html.TestLogger.dll
C:\Program Files\dotnet\sdk\7.0.100\Extensions\Microsoft.VisualStudio.TestPlatform.Extensions.Trx.TestLogger.dll
TpTrace Information: 0 : 6244, 1, 2022/12/04, 00:19:27.330, 1152901553355, vstest.console.dll, AssemblyResolver.AddSearchDirectories: Adding more searchDirectories C:\Program Files\dotnet\sdk\7.0.100\Extensions,C:\Program Files\dotnet\sdk\7.0.100
TpTrace Information: 0 : 6244, 1, 2022/12/04, 00:19:27.330, 1152901553895, vstest.console.dll, AssemblyResolver.AddSearchDirectories: Adding more searchDirectories C:\Program Files\dotnet\sdk\7.0.100\Extensions,C:\Program Files\dotnet\sdk\7.0.100
TpTrace Information: 0 : 6244, 1, 2022/12/04, 00:19:27.330, 1152901554316, vstest.console.dll, AssemblyResolver.AddSearchDirectories: Adding more searchDirectories C:\Program Files\dotnet\sdk\7.0.100\Extensions,C:\Program Files\dotnet\sdk\7.0.100
TpTrace Information: 0 : 6244, 1, 2022/12/04, 00:19:27.330, 1152901554715, vstest.console.dll, AssemblyResolver.AddSearchDirectories: Adding more searchDirectories C:\Program Files\dotnet\sdk\7.0.100\Extensions,C:\Program Files\dotnet\sdk\7.0.100
TpTrace Information: 0 : 6244, 1, 2022/12/04, 00:19:27.330, 1152901555165, vstest.console.dll, AssemblyResolver.AddSearchDirectories: Adding more searchDirectories C:\Program Files\dotnet\sdk\7.0.100\Extensions,C:\Program Files\dotnet\sdk\7.0.100
TpTrace Information: 0 : 6244, 1, 2022/12/04, 00:19:27.330, 1152901555573, vstest.console.dll, AssemblyResolver.AddSearchDirectories: Adding more searchDirectories C:\Program Files\dotnet\sdk\7.0.100\Extensions,C:\Program Files\dotnet\sdk\7.0.100
TpTrace Verbose: 0 : 6244, 1, 2022/12/04, 00:19:27.330, 1152901556866, vstest.console.dll, MetadataReaderExtensionsHelper: Discovering extensions inside assembly 'Microsoft.Diagnostics.NETCore.Client, Version=0.2.6.42401, Culture=neutral, PublicKeyToken=31bf3856ad364e35' file path 'C:\Program Files\dotnet\sdk\7.0.100\Extensions\Microsoft.Diagnostics.NETCore.Client.dll'
TpTrace Information: 0 : 6244, 1, 2022/12/04, 00:19:27.331, 1152901567486, vstest.console.dll, AssemblyResolver.OnResolve: Microsoft.Bcl.AsyncInterfaces: Resolving assembly.
TpTrace Information: 0 : 6244, 1, 2022/12/04, 00:19:27.331, 1152901567994, vstest.console.dll, AssemblyResolver.OnResolve: Microsoft.Bcl.AsyncInterfaces: Resolved from cache.
TpTrace Verbose: 0 : 6244, 1, 2022/12/04, 00:19:27.331, 1152901568365, vstest.console.dll, CurrentDomainAssemblyResolve: Resolving assembly 'Microsoft.Bcl.AsyncInterfaces'.
TpTrace Information: 0 : 6244, 1, 2022/12/04, 00:19:27.331, 1152901568922, vstest.console.dll, AssemblyResolver.OnResolve: Microsoft.Bcl.AsyncInterfaces: Resolving assembly.
TpTrace Information: 0 : 6244, 1, 2022/12/04, 00:19:27.331, 1152901569312, vstest.console.dll, AssemblyResolver.OnResolve: Microsoft.Bcl.AsyncInterfaces: Resolved from cache.
TpTrace Verbose: 0 : 6244, 1, 2022/12/04, 00:19:27.331, 1152901569664, vstest.console.dll, CurrentDomainAssemblyResolve: Resolving assembly 'Microsoft.Bcl.AsyncInterfaces'.
TpTrace Verbose: 0 : 6244, 1, 2022/12/04, 00:19:27.331, 1152901570069, vstest.console.dll, CurrentDomainAssemblyResolve: Failed to resolve assembly 'Microsoft.Bcl.AsyncInterfaces'.
TpTrace Verbose: 0 : 6244, 1, 2022/12/04, 00:19:27.331, 1152901571651, vstest.console.dll, CurrentDomainAssemblyResolve: Failed to resolve assembly 'Microsoft.Bcl.AsyncInterfaces'.
TpTrace Warning: 0 : 6244, 1, 2022/12/04, 00:19:27.332, 1152901575052, vstest.console.dll, TestPluginDiscoverer: Failed to get types from assembly 'Microsoft.Diagnostics.NETCore.Client, Version=0.2.6.42401, Culture=neutral, PublicKeyToken=31bf3856ad364e35'. Error: System.Reflection.ReflectionTypeLoadException: Unable to load one or more of the requested types.
Could not load file or assembly 'Microsoft.Bcl.AsyncInterfaces, Version=1.0.0.0, Culture=neutral, PublicKeyToken=cc7b13ffcd2ddd51'. The system cannot find the file specified.
   at System.Reflection.RuntimeModule.GetTypes(RuntimeModule module)
   at System.Reflection.Assembly.GetTypes()
   at Microsoft.VisualStudio.TestPlatform.Common.ExtensionFramework.TestPluginDiscoverer.GetTestExtensionsFromAssembly[TPluginInfo,TExtension](Assembly assembly, Dictionary`2 pluginInfos, String filePath)
System.IO.FileNotFoundException: Could not load file or assembly 'Microsoft.Bcl.AsyncInterfaces, Version=1.0.0.0, Culture=neutral, PublicKeyToken=cc7b13ffcd2ddd51'. The system cannot find the file specified.
File name: 'Microsoft.Bcl.AsyncInterfaces, Version=1.0.0.0, Culture=neutral, PublicKeyToken=cc7b13ffcd2ddd51'
 ---> System.IO.FileNotFoundException: Could not load file or assembly 'Microsoft.Bcl.AsyncInterfaces, Culture=neutral, PublicKeyToken=null'. The system cannot find the file specified.
File name: 'Microsoft.Bcl.AsyncInterfaces, Culture=neutral, PublicKeyToken=null'
   at System.Reflection.RuntimeAssembly.InternalLoad(AssemblyName assemblyName, StackCrawlMark& stackMark, AssemblyLoadContext assemblyLoadContext, RuntimeAssembly requestingAssembly, Boolean throwOnFileNotFound)
   at System.Reflection.Assembly.Load(AssemblyName assemblyRef)
   at Microsoft.VisualStudio.TestPlatform.Common.ExtensionFramework.TestPluginCache.CurrentDomainAssemblyResolve(Object sender, AssemblyResolveEventArgs args)
   at System.Runtime.Loader.AssemblyLoadContext.GetFirstResolvedAssemblyFromResolvingEvent(AssemblyName assemblyName)
   at System.Runtime.Loader.AssemblyLoadContext.ResolveUsingEvent(AssemblyName assemblyName)
   at System.Runtime.Loader.AssemblyLoadContext.ResolveUsingResolvingEvent(IntPtr gchManagedAssemblyLoadContext, AssemblyName assemblyName)
TpTrace Warning: 0 : 6244, 1, 2022/12/04, 00:19:27.332, 1152901576692, vstest.console.dll, LoaderExceptions: System.IO.FileNotFoundException: Could not load file or assembly 'Microsoft.Bcl.AsyncInterfaces, Version=1.0.0.0, Culture=neutral, PublicKeyToken=cc7b13ffcd2ddd51'. The system cannot find the file specified.
File name: 'Microsoft.Bcl.AsyncInterfaces, Version=1.0.0.0, Culture=neutral, PublicKeyToken=cc7b13ffcd2ddd51'
 ---> System.IO.FileNotFoundException: Could not load file or assembly 'Microsoft.Bcl.AsyncInterfaces, Culture=neutral, PublicKeyToken=null'. The system cannot find the file specified.
File name: 'Microsoft.Bcl.AsyncInterfaces, Culture=neutral, PublicKeyToken=null'
   at System.Reflection.RuntimeAssembly.InternalLoad(AssemblyName assemblyName, StackCrawlMark& stackMark, AssemblyLoadContext assemblyLoadContext, RuntimeAssembly requestingAssembly, Boolean throwOnFileNotFound)
   at System.Reflection.Assembly.Load(AssemblyName assemblyRef)
   at Microsoft.VisualStudio.TestPlatform.Common.ExtensionFramework.TestPluginCache.CurrentDomainAssemblyResolve(Object sender, AssemblyResolveEventArgs args)
   at System.Runtime.Loader.AssemblyLoadContext.GetFirstResolvedAssemblyFromResolvingEvent(AssemblyName assemblyName)
   at System.Runtime.Loader.AssemblyLoadContext.ResolveUsingEvent(AssemblyName assemblyName)
   at System.Runtime.Loader.AssemblyLoadContext.ResolveUsingResolvingEvent(IntPtr gchManagedAssemblyLoadContext, AssemblyName assemblyName)
TpTrace Verbose: 0 : 6244, 1, 2022/12/04, 00:19:27.332, 1152901577582, vstest.console.dll, MetadataReaderExtensionsHelper: Discovering extensions inside assembly 'Microsoft.TestPlatform.Extensions.BlameDataCollector, Version=15.0.0.0, Culture=neutral, PublicKeyToken=b03f5f7f11d50a3a' file path 'C:\Program Files\dotnet\sdk\7.0.100\Extensions\Microsoft.TestPlatform.Extensions.BlameDataCollector.dll'
TpTrace Information: 0 : 6244, 1, 2022/12/04, 00:19:27.333, 1152901585224, vstest.console.dll, GetTestExtensionFromType: Register extension with identifier data 'logger://Microsoft/TestPlatform/Extensions/Blame/v1' and type 'Microsoft.TestPlatform.Extensions.BlameDataCollector.BlameLogger, Microsoft.TestPlatform.Extensions.BlameDataCollector, Version=15.0.0.0, Culture=neutral, PublicKeyToken=b03f5f7f11d50a3a' inside file 'C:\Program Files\dotnet\sdk\7.0.100\Extensions\Microsoft.TestPlatform.Extensions.BlameDataCollector.dll'
TpTrace Verbose: 0 : 6244, 1, 2022/12/04, 00:19:27.333, 1152901585848, vstest.console.dll, MetadataReaderExtensionsHelper: Discovering extensions inside assembly 'Microsoft.TestPlatform.Extensions.EventLogCollector, Version=15.0.0.0, Culture=neutral, PublicKeyToken=b03f5f7f11d50a3a' file path 'C:\Program Files\dotnet\sdk\7.0.100\Extensions\Microsoft.TestPlatform.Extensions.EventLogCollector.dll'
TpTrace Verbose: 0 : 6244, 1, 2022/12/04, 00:19:27.333, 1152901590863, vstest.console.dll, MetadataReaderExtensionsHelper: Discovering extensions inside assembly 'Microsoft.TestPlatform.TestHostRuntimeProvider, Version=15.0.0.0, Culture=neutral, PublicKeyToken=b03f5f7f11d50a3a' file path 'C:\Program Files\dotnet\sdk\7.0.100\Extensions\Microsoft.TestPlatform.TestHostRuntimeProvider.dll'
TpTrace Verbose: 0 : 6244, 1, 2022/12/04, 00:19:27.334, 1152901595363, vstest.console.dll, MetadataReaderExtensionsHelper: Discovering extensions inside assembly 'Microsoft.VisualStudio.TestPlatform.Extensions.Html.TestLogger, Version=15.0.0.0, Culture=neutral, PublicKeyToken=b03f5f7f11d50a3a' file path 'C:\Program Files\dotnet\sdk\7.0.100\Extensions\Microsoft.VisualStudio.TestPlatform.Extensions.Html.TestLogger.dll'
TpTrace Information: 0 : 6244, 1, 2022/12/04, 00:19:27.334, 1152901601825, vstest.console.dll, GetTestExtensionFromType: Register extension with identifier data 'logger://Microsoft/TestPlatform/HtmlLogger/v1' and type 'Microsoft.VisualStudio.TestPlatform.Extensions.HtmlLogger.HtmlLogger, Microsoft.VisualStudio.TestPlatform.Extensions.Html.TestLogger, Version=15.0.0.0, Culture=neutral, PublicKeyToken=b03f5f7f11d50a3a' inside file 'C:\Program Files\dotnet\sdk\7.0.100\Extensions\Microsoft.VisualStudio.TestPlatform.Extensions.Html.TestLogger.dll'
TpTrace Verbose: 0 : 6244, 1, 2022/12/04, 00:19:27.335, 1152901602449, vstest.console.dll, MetadataReaderExtensionsHelper: Discovering extensions inside assembly 'Microsoft.VisualStudio.TestPlatform.Extensions.Trx.TestLogger, Version=15.0.0.0, Culture=neutral, PublicKeyToken=b03f5f7f11d50a3a' file path 'C:\Program Files\dotnet\sdk\7.0.100\Extensions\Microsoft.VisualStudio.TestPlatform.Extensions.Trx.TestLogger.dll'
TpTrace Information: 0 : 6244, 1, 2022/12/04, 00:19:27.335, 1152901607528, vstest.console.dll, GetTestExtensionFromType: Register extension with identifier data 'logger://Microsoft/TestPlatform/TrxLogger/v1' and type 'Microsoft.VisualStudio.TestPlatform.Extensions.TrxLogger.TrxLogger, Microsoft.VisualStudio.TestPlatform.Extensions.Trx.TestLogger, Version=15.0.0.0, Culture=neutral, PublicKeyToken=b03f5f7f11d50a3a' inside file 'C:\Program Files\dotnet\sdk\7.0.100\Extensions\Microsoft.VisualStudio.TestPlatform.Extensions.Trx.TestLogger.dll'
TpTrace Verbose: 0 : 6244, 1, 2022/12/04, 00:19:27.335, 1152901608551, vstest.console.dll, TestPluginCache: Discovered the extensions using extension path ''.
TpTrace Verbose: 0 : 6244, 1, 2022/12/04, 00:19:27.335, 1152901608987, vstest.console.dll, TestPluginCache: Discoverers are ''.
TpTrace Verbose: 0 : 6244, 1, 2022/12/04, 00:19:27.335, 1152901609328, vstest.console.dll, TestPluginCache: Executors are ''.
TpTrace Verbose: 0 : 6244, 1, 2022/12/04, 00:19:27.335, 1152901609653, vstest.console.dll, TestPluginCache: Executors2 are ''.
TpTrace Verbose: 0 : 6244, 1, 2022/12/04, 00:19:27.335, 1152901609975, vstest.console.dll, TestPluginCache: Setting providers are ''.
TpTrace Verbose: 0 : 6244, 1, 2022/12/04, 00:19:27.335, 1152901610794, vstest.console.dll, TestPluginCache: Loggers are 'logger://Microsoft/TestPlatform/Extensions/Blame/v1,logger://Microsoft/TestPlatform/HtmlLogger/v1,logger://Microsoft/TestPlatform/TrxLogger/v1'.
TpTrace Verbose: 0 : 6244, 1, 2022/12/04, 00:19:27.335, 1152901611351, vstest.console.dll, TestPluginCache: TestHosts are 'HostProvider://DefaultTestHost,HostProvider://DotnetTestHost'.
TpTrace Verbose: 0 : 6244, 1, 2022/12/04, 00:19:27.335, 1152901611723, vstest.console.dll, TestPluginCache: DataCollectors are ''.
TpTrace Information: 0 : 6244, 1, 2022/12/04, 00:19:27.336, 1152901621326, vstest.console.dll, TestPluginManager.CreateTestExtension: Attempting to load test extension: Microsoft.TestPlatform.Extensions.BlameDataCollector.BlameLogger
TpTrace Verbose: 0 : 6244, 1, 2022/12/04, 00:19:27.347, 1152901723004, vstest.console.dll, TestEngine: Initializing Parallel Execution as MaxCpuCount is set to: 1
TpTrace Information: 0 : 6244, 1, 2022/12/04, 00:19:27.349, 1152901743448, vstest.console.dll, TestPluginManager.CreateTestExtension: Attempting to load test extension: Microsoft.VisualStudio.TestPlatform.CrossPlatEngine.Hosting.DefaultTestHostManager
TpTrace Information: 0 : 6244, 1, 2022/12/04, 00:19:27.350, 1152901757903, vstest.console.dll, TestPluginManager.CreateTestExtension: Attempting to load test extension: Microsoft.VisualStudio.TestPlatform.CrossPlatEngine.Hosting.DotnetTestHostManager
TpTrace Information: 0 : 6244, 1, 2022/12/04, 00:19:27.351, 1152901766627, vstest.console.dll, InferRunSettingsHelper.IsTestSettingsEnabled: Unable to navigate to RunSettings/MSTest. Current node: RunSettings
TpTrace Verbose: 0 : 6244, 1, 2022/12/04, 00:19:27.356, 1152901818609, vstest.console.dll, TestEngine.GetExecutionManager: Chosen execution manager 'Microsoft.VisualStudio.TestPlatform.CrossPlatEngine.Client.Parallel.ParallelProxyExecutionManager, Microsoft.TestPlatform.CrossPlatEngine, Version=15.0.0.0, Culture=neutral, PublicKeyToken=b03f5f7f11d50a3a' ParallelLevel '1'.
TpTrace Verbose: 0 : 6244, 1, 2022/12/04, 00:19:27.356, 1152901820593, vstest.console.dll, TestRunRequest.ExecuteAsync: Creating test run request.
TpTrace Verbose: 0 : 6244, 1, 2022/12/04, 00:19:27.357, 1152901823404, vstest.console.dll, TestRunRequest.ExecuteAsync: Starting.
TpTrace Information: 0 : 6244, 1, 2022/12/04, 00:19:27.357, 1152901826517, vstest.console.dll, TestRunRequest.ExecuteAsync: Starting run with settings:TestRunCriteria:
   KeepAlive=False,FrequencyOfRunStatsChangeEvent=10,RunStatsChangeEventTimeout=00:00:01.5000000,TestCaseFilter=,TestExecutorLauncher=
   Settingsxml=<RunSettings>
  <RunConfiguration>
    <ResultsDirectory>C:\Users\Almina\Desktop\VVS_zadaca1\TestProject\bin\Debug\net5.0\fine-code-coverage\coverage-tool-output</ResultsDirectory>
    <TargetPlatform>X64</TargetPlatform>
    <TargetFrameworkVersion>.NETCoreApp,Version=v5.0</TargetFrameworkVersion>
    <DesignMode>False</DesignMode>
    <CollectSourceInformation>False</CollectSourceInformation>
  </RunConfiguration>
  <LoggerRunSettings>
    <Loggers>
      <Logger friendlyName="blame" enabled="True" />
      <Logger friendlyName="Console" uri="logger://microsoft/TestPlatform/ConsoleLogger/v1" assemblyQualifiedName="Microsoft.VisualStudio.TestPlatform.CommandLine.Internal.ConsoleLogger, vstest.console, Version=15.0.0.0, Culture=neutral, PublicKeyToken=b03f5f7f11d50a3a" codeBase="C:\Program Files\dotnet\sdk\7.0.100\vstest.console.dll" enabled="True" />
    </Loggers>
  </LoggerRunSettings>
  <DataCollectionRunSettings>
    <DataCollectors>
      <DataCollector friendlyName="blame" enabled="True">
        <Configuration>
          <ResultsDirectory>C:\Users\Almina\Desktop\VVS_zadaca1\TestProject\bin\Debug\net5.0\fine-code-coverage\coverage-tool-output</ResultsDirectory>
        </Configuration>
      </DataCollector>
    </DataCollectors>
  </DataCollectionRunSettings>
</RunSettings>

TpTrace Verbose: 0 : 6244, 1, 2022/12/04, 00:19:27.357, 1152901827134, vstest.console.dll, TestRunRequest.ExecuteAsync: Wait for the first run request is over.
TpTrace Verbose: 0 : 6244, 1, 2022/12/04, 00:19:27.357, 1152901830586, vstest.console.dll, MulticastDelegateUtilities.SafeInvoke: TestRun.TestRunStart: Invoking callbacks was skipped because there are no subscribers.
TpTrace Verbose: 0 : 6244, 4, 2022/12/04, 00:19:27.358, 1152901834173, vstest.console.dll, MulticastDelegateUtilities.SafeInvoke: InternalTestLoggerEvents.SendTestRunStart: Invoking callback 1/1 for Microsoft.VisualStudio.TestPlatform.CommandLine.Internal.ConsoleLogger., took 0 ms.
TpTrace Verbose: 0 : 6244, 1, 2022/12/04, 00:19:27.359, 1152901846488, vstest.console.dll, ParallelProxyExecutionManager: Start execution. Total sources: 1
TpTrace Verbose: 0 : 6244, 1, 2022/12/04, 00:19:27.361, 1152901865757, vstest.console.dll, TestRequestSender is acting as server.
TpTrace Verbose: 0 : 6244, 1, 2022/12/04, 00:19:27.363, 1152901887939, vstest.console.dll, DataCollectionRequestSender.InitializeCommunication : Initialize communication. 
TpTrace Information: 0 : 6244, 1, 2022/12/04, 00:19:27.368, 1152901932431, vstest.console.dll, Listening on Endpoint : 127.0.0.1:56411
TpTrace Verbose: 0 : 6244, 1, 2022/12/04, 00:19:27.376, 1152902019210, vstest.console.dll, DotnetDataCollectionLauncher: Adding  --runtimeconfig "C:\Program Files\dotnet\sdk\7.0.100\datacollector.runtimeconfig.json" in args
TpTrace Verbose: 0 : 6244, 1, 2022/12/04, 00:19:27.376, 1152902020644, vstest.console.dll, DotnetDataCollectionLauncher: Adding  --depsfile "C:\Program Files\dotnet\sdk\7.0.100\datacollector.deps.json" in args
TpTrace Verbose: 0 : 6244, 1, 2022/12/04, 00:19:27.377, 1152902023362, vstest.console.dll, DotnetDataCollectionLauncher: Full path of dotnet.exe is C:\Program Files\dotnet\dotnet.exe
TpTrace Information: 0 : 6244, 1, 2022/12/04, 00:19:27.383, 1152902083524, vstest.console.dll, ProxyDataCollectionManager.Initialize: Launched datacollector processId: 14196 port: 56411
TpTrace Information: 0 : 6244, 1, 2022/12/04, 00:19:27.383, 1152902085644, vstest.console.dll, ProxyDataCollectionManager.Initialize: waiting for connection with timeout: 90 seconds
TpTrace Verbose: 0 : 6244, 1, 2022/12/04, 00:19:27.383, 1152902086627, vstest.console.dll, DataCollectionRequestSender.WaitForRequestHandlerConnection : Waiting for connection with timeout: 90000
TpTrace Information: 0 : 6244, 7, 2022/12/04, 00:19:27.565, 1152903906378, vstest.console.dll, Using the buffer size of 16384 bytes
TpTrace Verbose: 0 : 6244, 1, 2022/12/04, 00:19:27.565, 1152903906737, vstest.console.dll, SocketCommunicationManager.WaitForClientConnection took: 181 ms, with 90000 ms timeout, and finished with True.
TpTrace Information: 0 : 6244, 7, 2022/12/04, 00:19:27.565, 1152903908066, vstest.console.dll, Accepted Client request and set the flag
TpTrace Verbose: 0 : 6244, 1, 2022/12/04, 00:19:27.565, 1152903909494, vstest.console.dll, ProxyDataCollectionManager.InvokeDataCollectionServiceAction: Starting.
TpTrace Information: 0 : 6244, 1, 2022/12/04, 00:19:27.565, 1152903910373, vstest.console.dll, ProxyDataCollectionManager.BeforeTestRunStart: Get environment variable and port for datacollector processId: 14196 port: 56411
TpTrace Verbose: 0 : 6244, 1, 2022/12/04, 00:19:27.565, 1152903911840, vstest.console.dll, DataCollectionRequestSender.SendBeforeTestRunStartAndGetResult: Send BeforeTestRunStart message with settingsXml <RunSettings><RunConfiguration><ResultsDirectory>C:\Users\Almina\Desktop\VVS_zadaca1\TestProject\bin\Debug\net5.0\fine-code-coverage\coverage-tool-output</ResultsDirectory><TargetPlatform>X64</TargetPlatform><TargetFrameworkVersion>.NETCoreApp,Version=v5.0</TargetFrameworkVersion><DesignMode>False</DesignMode><CollectSourceInformation>False</CollectSourceInformation><TestAdaptersPaths>C:\Program Files\dotnet\sdk\7.0.100\Extensions</TestAdaptersPaths></RunConfiguration><LoggerRunSettings><Loggers><Logger friendlyName="blame" enabled="True" /><Logger friendlyName="Console" uri="logger://microsoft/TestPlatform/ConsoleLogger/v1" assemblyQualifiedName="Microsoft.VisualStudio.TestPlatform.CommandLine.Internal.ConsoleLogger, vstest.console, Version=15.0.0.0, Culture=neutral, PublicKeyToken=b03f5f7f11d50a3a" codeBase="C:\Program Files\dotnet\sdk\7.0.100\vstest.console.dll" enabled="True" /></Loggers></LoggerRunSettings><DataCollectionRunSettings><DataCollectors><DataCollector friendlyName="blame" enabled="True"><Configuration><ResultsDirectory>C:\Users\Almina\Desktop\VVS_zadaca1\TestProject\bin\Debug\net5.0\fine-code-coverage\coverage-tool-output</ResultsDirectory></Configuration></DataCollector></DataCollectors></DataCollectionRunSettings></RunSettings> and sources System.Collections.Generic.List`1[System.String]: 
TpTrace Verbose: 0 : 6244, 1, 2022/12/04, 00:19:27.665, 1152904907909, vstest.console.dll, DataCollectionRequestSender.SendBeforeTestRunStartAndGetResult: Received message: (DataCollection.SendMessage) -> {"MessageType":"DataCollection.SendMessage","Payload":{"FriendlyName":null,"Uri":null,"TestCaseId":"00000000-0000-0000-0000-000000000000","Message":"Logging DataCollector Diagnostics in file: C:\\Users\\Almina\\Desktop\\VVS_zadaca1\\TestProject\\bin\\Debug\\net5.0\\fine-code-coverage\\coverage-tool-output\\diagnostics.datacollector.22-12-04_00-19-27_37639_1.log","Level":0}}
TpTrace Verbose: 0 : 6244, 1, 2022/12/04, 00:19:27.790, 1152906158753, vstest.console.dll, DataCollectionRequestSender.SendBeforeTestRunStartAndGetResult: Received message: (DataCollection.BeforeTestRunStartResult) -> {"MessageType":"DataCollection.BeforeTestRunStartResult","Payload":{"EnvironmentVariables":{},"DataCollectionEventsPort":56413}}
TpTrace Information: 0 : 6244, 1, 2022/12/04, 00:19:27.796, 1152906214711, vstest.console.dll, ProxyDataCollectionManager.BeforeTestRunStart: SendBeforeTestRunStartAndGetResult successful, env variable from datacollector:   and testhost port: 56413
TpTrace Information: 0 : 6244, 1, 2022/12/04, 00:19:27.796, 1152906215781, vstest.console.dll, ProxyDataCollectionManager.InvokeDataCollectionServiceAction: Completed.
TpTrace Verbose: 0 : 6244, 7, 2022/12/04, 00:19:27.796, 1152906216992, vstest.console.dll, ParallelProxyExecutionManager: Execution started. Started clients: 1
TpTrace Verbose: 0 : 6244, 1, 2022/12/04, 00:19:27.796, 1152906217286, vstest.console.dll, ProxyParallelExecutionManager: No sources available for execution.
TpTrace Information: 0 : 6244, 1, 2022/12/04, 00:19:27.796, 1152906218026, vstest.console.dll, TestRunRequest.ExecuteAsync: Started.
TpTrace Verbose: 0 : 6244, 1, 2022/12/04, 00:19:27.796, 1152906219079, vstest.console.dll, TestRunRequest.WaitForCompletion: Waiting with timeout -1.
TpTrace Verbose: 0 : 6244, 7, 2022/12/04, 00:19:27.796, 1152906220096, vstest.console.dll, TestRunRequest:SendTestRunMessage: Starting.
TpTrace Verbose: 0 : 6244, 7, 2022/12/04, 00:19:27.796, 1152906221645, vstest.console.dll, MulticastDelegateUtilities.SafeInvoke: TestRun.LogMessages: Invoking callback 1/1 for Microsoft.VisualStudio.TestPlatform.CommandLine.TestRunResultAggregator., took 0 ms.
TpTrace Information: 0 : 6244, 7, 2022/12/04, 00:19:27.797, 1152906222116, vstest.console.dll, TestRunRequest:SendTestRunMessage: Completed.
TpTrace Verbose: 0 : 6244, 4, 2022/12/04, 00:19:27.797, 1152906223229, vstest.console.dll, MulticastDelegateUtilities.SafeInvoke: InternalTestLoggerEvents.SendTestRunMessage: Invoking callback 1/1 for Microsoft.VisualStudio.TestPlatform.CommandLine.Internal.ConsoleLogger., took 0 ms.
TpTrace Verbose: 0 : 6244, 7, 2022/12/04, 00:19:27.797, 1152906224375, vstest.console.dll, ProxyExecutionManager: Test host is always Lazy initialize.
TpTrace Verbose: 0 : 6244, 7, 2022/12/04, 00:19:27.797, 1152906227013, vstest.console.dll, TestRequestSender.InitializeCommunication: initialize communication. 
TpTrace Information: 0 : 6244, 7, 2022/12/04, 00:19:27.798, 1152906232651, vstest.console.dll, SocketServer.Start: Listening on endpoint : 127.0.0.1:56414
TpTrace Verbose: 0 : 6244, 7, 2022/12/04, 00:19:27.798, 1152906241164, vstest.console.dll, DotnetTestHostmanager.GetTestHostProcessStartInfo: Platform environment 'X64' target architecture 'X64' framework '.NETCoreApp,Version=v5.0' OS 'Windows'
TpTrace Verbose: 0 : 6244, 7, 2022/12/04, 00:19:27.799, 1152906243629, vstest.console.dll, DotnetTestHostmanager: Adding  --runtimeconfig "C:\Users\Almina\Desktop\VVS_zadaca1\TestProject\bin\Debug\net5.0\fine-code-coverage\build-output\TestProject.runtimeconfig.json" in args
TpTrace Verbose: 0 : 6244, 7, 2022/12/04, 00:19:27.799, 1152906244660, vstest.console.dll, DotnetTestHostmanager: Adding  --depsfile "C:\Users\Almina\Desktop\VVS_zadaca1\TestProject\bin\Debug\net5.0\fine-code-coverage\build-output\TestProject.deps.json" in args
TpTrace Verbose: 0 : 6244, 7, 2022/12/04, 00:19:27.799, 1152906246417, vstest.console.dll, DotnetTestHostmanager.IsWinOnArm: Current PROCESSOR_ARCHITECTURE from environment variable 'AMD64'
TpTrace Verbose: 0 : 6244, 7, 2022/12/04, 00:19:27.799, 1152906247026, vstest.console.dll, DotnetTestHostmanager.IsWinOnArm: Is Windows on ARM 'False'
TpTrace Verbose: 0 : 6244, 7, 2022/12/04, 00:19:27.799, 1152906248078, vstest.console.dll, DotnetTestHostManager: testhost.exe found at path: C:\Users\Almina\Desktop\VVS_zadaca1\TestProject\bin\Debug\net5.0\fine-code-coverage\build-output\testhost.exe
TpTrace Verbose: 0 : 6244, 7, 2022/12/04, 00:19:27.799, 1152906248621, vstest.console.dll, DotnetTestHostmanager: Full path of host exe is C:\Users\Almina\Desktop\VVS_zadaca1\TestProject\bin\Debug\net5.0\fine-code-coverage\build-output\testhost.exe
TpTrace Verbose: 0 : 6244, 7, 2022/12/04, 00:19:27.799, 1152906250034, vstest.console.dll, DotnetTestHostmanager.LaunchTestHostAsync: Found 'VSTEST_WINAPPHOST_DOTNET_ROOT' in env variables, value 'C:\Program Files\dotnet', forwarding to 'DOTNET_ROOT'
TpTrace Verbose: 0 : 6244, 7, 2022/12/04, 00:19:27.799, 1152906251957, vstest.console.dll, DotnetTestHostManager: Starting process 'C:\Users\Almina\Desktop\VVS_zadaca1\TestProject\bin\Debug\net5.0\fine-code-coverage\build-output\testhost.exe' with command line ' --runtimeconfig "C:\Users\Almina\Desktop\VVS_zadaca1\TestProject\bin\Debug\net5.0\fine-code-coverage\build-output\TestProject.runtimeconfig.json" --depsfile "C:\Users\Almina\Desktop\VVS_zadaca1\TestProject\bin\Debug\net5.0\fine-code-coverage\build-output\TestProject.deps.json" --port 56414 --endpoint 127.0.0.1:056414 --role client --parentprocessid 6244 --diag "C:\Users\Almina\Desktop\VVS_zadaca1\TestProject\bin\Debug\net5.0\fine-code-coverage\coverage-tool-output\diagnostics.host.22-12-04_00-19-27_79847_7.log" --tracelevel 4 --datacollectionport 56413 --telemetryoptedin false'
TpTrace Verbose: 0 : 6244, 7, 2022/12/04, 00:19:27.805, 1152906310898, vstest.console.dll, MulticastDelegateUtilities.SafeInvoke: HostProviderEvents.OnHostLaunched: Invoking callback 1/2 for Microsoft.VisualStudio.TestPlatform.CrossPlatEngine.Client.ProxyExecutionManagerWithDataCollection., took 1 ms.
TpTrace Verbose: 0 : 6244, 7, 2022/12/04, 00:19:27.806, 1152906314518, vstest.console.dll, Test Runtime launched
TpTrace Verbose: 0 : 6244, 7, 2022/12/04, 00:19:27.806, 1152906315200, vstest.console.dll, MulticastDelegateUtilities.SafeInvoke: HostProviderEvents.OnHostLaunched: Invoking callback 2/2 for Microsoft.VisualStudio.TestPlatform.CrossPlatEngine.Client.ProxyOperationManager., took 0 ms.
TpTrace Verbose: 0 : 6244, 7, 2022/12/04, 00:19:27.806, 1152906316822, vstest.console.dll, TestRequestSender.WaitForRequestHandlerConnection: waiting for connection with timeout: 90000.
TpTrace Verbose: 0 : 6244, 7, 2022/12/04, 00:19:28.012, 1152908375517, vstest.console.dll, TestRequestSender.WaitForRequestHandlerConnection: waiting took 205 ms, with timeout 90000 ms, and result 0, which is success.
TpTrace Verbose: 0 : 6244, 10, 2022/12/04, 00:19:28.012, 1152908375517, vstest.console.dll, MulticastDelegateUtilities.SafeInvoke: SocketServer: ClientConnected: Invoking callback 1/1 for Microsoft.VisualStudio.TestPlatform.CommunicationUtilities.TestRequestSender., took 0 ms.
TpTrace Verbose: 0 : 6244, 10, 2022/12/04, 00:19:28.012, 1152908377539, vstest.console.dll, SocketServer.OnClientConnected: Client connected for endPoint: 127.0.0.1:56414, starting MessageLoopAsync:
TpTrace Verbose: 0 : 6244, 10, 2022/12/04, 00:19:28.012, 1152908381182, vstest.console.dll, TcpClientExtensions.MessageLoopAsync: Polling on remoteEndPoint: 127.0.0.1:56415 localEndPoint: 127.0.0.1:56414
TpTrace Verbose: 0 : 6244, 7, 2022/12/04, 00:19:28.013, 1152908388736, vstest.console.dll, TestRequestSender.CheckVersionWithTestHost: Sending check version message: {"MessageType":"ProtocolVersion","Payload":7}
TpTrace Verbose: 0 : 6244, 10, 2022/12/04, 00:19:28.181, 1152910071590, vstest.console.dll, TcpClientExtensions.MessageLoopAsync: NotifyDataAvailable remoteEndPoint: 127.0.0.1:56415 localEndPoint: 127.0.0.1:56414
TpTrace Verbose: 0 : 6244, 10, 2022/12/04, 00:19:28.182, 1152910075440, vstest.console.dll, TestRequestSender.CheckVersionWithTestHost: onMessageReceived received message: (ProtocolVersion) -> {"MessageType":"ProtocolVersion","Payload":7}
TpTrace Verbose: 0 : 6244, 10, 2022/12/04, 00:19:28.183, 1152910087147, vstest.console.dll, MulticastDelegateUtilities.SafeInvoke: LengthPrefixCommunicationChannel: MessageReceived: Invoking callback 1/1 for Microsoft.VisualStudio.TestPlatform.CommunicationUtilities.TestRequestSender+<>c__DisplayClass26_0., took 1 ms.
TpTrace Verbose: 0 : 6244, 7, 2022/12/04, 00:19:28.183, 1152910088161, vstest.console.dll, TestPluginCache.GetExtensionPaths: Filtered extension paths: 
TpTrace Verbose: 0 : 6244, 10, 2022/12/04, 00:19:28.183, 1152910088765, vstest.console.dll, TcpClientExtensions.MessageLoopAsync: Polling on remoteEndPoint: 127.0.0.1:56415 localEndPoint: 127.0.0.1:56414
TpTrace Verbose: 0 : 6244, 7, 2022/12/04, 00:19:28.183, 1152910089844, vstest.console.dll, TestPluginCache.GetExtensionPaths: Added default extension paths: C:\Program Files\dotnet\sdk\7.0.100\Extensions\Microsoft.Diagnostics.NETCore.Client.dll
C:\Program Files\dotnet\sdk\7.0.100\Extensions\Microsoft.TestPlatform.Extensions.BlameDataCollector.dll
C:\Program Files\dotnet\sdk\7.0.100\Extensions\Microsoft.TestPlatform.Extensions.EventLogCollector.dll
C:\Program Files\dotnet\sdk\7.0.100\Extensions\Microsoft.TestPlatform.TestHostRuntimeProvider.dll
C:\Program Files\dotnet\sdk\7.0.100\Extensions\Microsoft.VisualStudio.TestPlatform.Extensions.Html.TestLogger.dll
C:\Program Files\dotnet\sdk\7.0.100\Extensions\Microsoft.VisualStudio.TestPlatform.Extensions.Trx.TestLogger.dll
TpTrace Verbose: 0 : 6244, 7, 2022/12/04, 00:19:28.183, 1152910090656, vstest.console.dll, TestPluginCache.GetExtensionPaths: Added unfilterableExtensionPaths: 
TpTrace Verbose: 0 : 6244, 7, 2022/12/04, 00:19:28.191, 1152910166710, vstest.console.dll, TestRequestSender.InitializeExecution: Sending initialize execution with message: {"Version":7,"MessageType":"TestExecution.Initialize","Payload":["C:\\Users\\Almina\\Desktop\\VVS_zadaca1\\TestProject\\bin\\Debug\\net5.0\\fine-code-coverage\\build-output\\Microsoft.VisualStudio.TestPlatform.MSTest.TestAdapter.dll"]}
TpTrace Warning: 0 : 6244, 7, 2022/12/04, 00:19:28.192, 1152910172671, vstest.console.dll, InferRunSettingsHelper.MakeRunsettingsCompatible: Removing the following settings: TargetPlatform from RunSettings file. To use those settings please move to latest version of Microsoft.NET.Test.Sdk
TpTrace Verbose: 0 : 6244, 10, 2022/12/04, 00:19:28.196, 1152910219044, vstest.console.dll, TcpClientExtensions.MessageLoopAsync: NotifyDataAvailable remoteEndPoint: 127.0.0.1:56415 localEndPoint: 127.0.0.1:56414
TpTrace Verbose: 0 : 6244, 10, 2022/12/04, 00:19:28.197, 1152910228365, vstest.console.dll, TestRequestSender.OnExecutionMessageReceived: Received message: {"Version":7,"MessageType":"TestSession.Message","Payload":{"MessageLevel":0,"Message":"Logging TestHost Diagnostics in file: C:\\Users\\Almina\\Desktop\\VVS_zadaca1\\TestProject\\bin\\Debug\\net5.0\\fine-code-coverage\\coverage-tool-output\\diagnostics.host.22-12-04_00-19-27_79847_7.log"}}
TpTrace Verbose: 0 : 6244, 10, 2022/12/04, 00:19:28.201, 1152910265362, vstest.console.dll, TestRunRequest:SendTestRunMessage: Starting.
TpTrace Verbose: 0 : 6244, 10, 2022/12/04, 00:19:28.201, 1152910268736, vstest.console.dll, MulticastDelegateUtilities.SafeInvoke: TestRun.LogMessages: Invoking callback 1/1 for Microsoft.VisualStudio.TestPlatform.CommandLine.TestRunResultAggregator., took 0 ms.
TpTrace Verbose: 0 : 6244, 4, 2022/12/04, 00:19:28.201, 1152910268770, vstest.console.dll, MulticastDelegateUtilities.SafeInvoke: InternalTestLoggerEvents.SendTestRunMessage: Invoking callback 1/1 for Microsoft.VisualStudio.TestPlatform.CommandLine.Internal.ConsoleLogger., took 0 ms.
TpTrace Information: 0 : 6244, 10, 2022/12/04, 00:19:28.201, 1152910270140, vstest.console.dll, TestRunRequest:SendTestRunMessage: Completed.
TpTrace Verbose: 0 : 6244, 10, 2022/12/04, 00:19:28.201, 1152910271783, vstest.console.dll, MulticastDelegateUtilities.SafeInvoke: LengthPrefixCommunicationChannel: MessageReceived: Invoking callback 1/1 for Microsoft.VisualStudio.TestPlatform.CommunicationUtilities.TestRequestSender+<>c__DisplayClass31_0., took 4 ms.
TpTrace Verbose: 0 : 6244, 10, 2022/12/04, 00:19:28.202, 1152910273564, vstest.console.dll, TcpClientExtensions.MessageLoopAsync: Polling on remoteEndPoint: 127.0.0.1:56415 localEndPoint: 127.0.0.1:56414
TpTrace Verbose: 0 : 6244, 7, 2022/12/04, 00:19:28.206, 1152910317287, vstest.console.dll, TestRequestSender.StartTestRun: Sending test run with message: {"Version":7,"MessageType":"TestExecution.StartWithSources","Payload":{"AdapterSourceMap":{"_none_":["C:\\Users\\Almina\\Desktop\\VVS_zadaca1\\TestProject\\bin\\Debug\\net5.0\\fine-code-coverage\\build-output\\TestProject.dll"]},"RunSettings":"<RunSettings>\r\n  <RunConfiguration>\r\n    <ResultsDirectory>C:\\Users\\Almina\\Desktop\\VVS_zadaca1\\TestProject\\bin\\Debug\\net5.0\\fine-code-coverage\\coverage-tool-output</ResultsDirectory>\r\n    <TargetFrameworkVersion>.NETCoreApp,Version=v5.0</TargetFrameworkVersion>\r\n    <DesignMode>False</DesignMode>\r\n    <CollectSourceInformation>False</CollectSourceInformation>\r\n  </RunConfiguration>\r\n  <LoggerRunSettings>\r\n    <Loggers>\r\n      <Logger friendlyName=\"blame\" enabled=\"True\" />\r\n      <Logger friendlyName=\"Console\" uri=\"logger://microsoft/TestPlatform/ConsoleLogger/v1\" assemblyQualifiedName=\"Microsoft.VisualStudio.TestPlatform.CommandLine.Internal.ConsoleLogger, vstest.console, Version=15.0.0.0, Culture=neutral, PublicKeyToken=b03f5f7f11d50a3a\" codeBase=\"C:\\Program Files\\dotnet\\sdk\\7.0.100\\vstest.console.dll\" enabled=\"True\" />\r\n    </Loggers>\r\n  </LoggerRunSettings>\r\n  <DataCollectionRunSettings>\r\n    <DataCollectors>\r\n      <DataCollector friendlyName=\"blame\" enabled=\"True\">\r\n        <Configuration>\r\n          <ResultsDirectory>C:\\Users\\Almina\\Desktop\\VVS_zadaca1\\TestProject\\bin\\Debug\\net5.0\\fine-code-coverage\\coverage-tool-output</ResultsDirectory>\r\n        </Configuration>\r\n      </DataCollector>\r\n    </DataCollectors>\r\n  </DataCollectionRunSettings>\r\n</RunSettings>","TestExecutionContext":{"FrequencyOfRunStatsChangeEvent":10,"RunStatsChangeEventTimeout":"00:00:01.5000000","InIsolation":false,"KeepAlive":false,"AreTestCaseLevelEventsRequired":false,"IsDebug":false,"TestCaseFilter":null,"FilterOptions":null},"Package":null}}
TpTrace Verbose: 0 : 6244, 10, 2022/12/04, 00:19:28.794, 1152916197990, vstest.console.dll, TcpClientExtensions.MessageLoopAsync: NotifyDataAvailable remoteEndPoint: 127.0.0.1:56415 localEndPoint: 127.0.0.1:56414
TpTrace Verbose: 0 : 6244, 10, 2022/12/04, 00:19:28.795, 1152916202987, vstest.console.dll, TestRequestSender.OnExecutionMessageReceived: Received message: {"Version":7,"MessageType":"TestExecution.StatsChange","Payload":{"NewTestResults":[{"TestCase":{"Id":"9ca0d3bd-75dc-3656-ce07-04dc7deaaa9a","FullyQualifiedName":"TestProject.Glasac1FunkcionalnostTest.TestiranjeValidnostiZnakovaImena1","DisplayName":"TestiranjeValidnostiZnakovaImena1","ExecutorUri":"executor://MSTestAdapter/v2","Source":"C:\\Users\\Almina\\Desktop\\VVS_zadaca1\\TestProject\\bin\\Debug\\net5.0\\fine-code-coverage\\build-output\\TestProject.dll","CodeFilePath":null,"LineNumber":-1,"Properties":[{"Key":{"Id":"TestCase.ManagedType","Label":"ManagedType","Category":"","Description":"","Attributes":1,"ValueType":"System.String"},"Value":"TestProject.Glasac1FunkcionalnostTest"},{"Key":{"Id":"TestCase.ManagedMethod","Label":"ManagedMethod","Category":"","Description":"","Attributes":1,"ValueType":"System.String"},"Value":"TestiranjeValidnostiZnakovaImena1"},{"Key":{"Id":"MSTestDiscoverer.TestClassName","Label":"ClassName","Category":"","Description":"","Attributes":1,"ValueType":"System.String"},"Value":"TestProject.Glasac1FunkcionalnostTest"},{"Key":{"Id":"TestCase.Hierarchy","Label":"Hierarchy","Category":"","Description":"","Attributes":2,"ValueType":"System.String[]"},"Value":["TestProject","Glasac1FunkcionalnostTest"]},{"Key":{"Id":"TestObject.Traits","Label":"Traits","Category":"","Description":"","Attributes":5,"ValueType":"System.Collections.Generic.KeyValuePair`2[[System.String],[System.String]][]"},"Value":[]}]},"Attachments":[],"Outcome":1,"ErrorMessage":null,"ErrorStackTrace":null,"DisplayName":"TestiranjeValidnostiZnakovaImena1","Messages":[],"ComputerName":null,"Duration":"00:00:00.0109836","StartTime":"2022-12-04T00:19:28.6143145+01:00","EndTime":"2022-12-04T00:19:28.6456517+01:00","Properties":[{"Key":{"Id":"ExecutionId","Label":"ExecutionId","Category":"","Description":"","Attributes":1,"ValueType":"System.Guid"},"Value":"00000000-0000-0000-0000-000000000000"},{"Key":{"Id":"ParentExecId","Label":"ParentExecId","Category":"","Description":"","Attributes":1,"ValueType":"System.Guid"},"Value":"00000000-0000-0000-0000-000000000000"},{"Key":{"Id":"InnerResultsCount","Label":"InnerResultsCount","Category":"","Description":"","Attributes":1,"ValueType":"System.Int32"},"Value":0}]},{"TestCase":{"Id":"844a25a4-5047-e132-c2b9-4ddcf0ca7ac2","FullyQualifiedName":"TestProject.Glasac1FunkcionalnostTest.TestiranjeValidnostiZnakovaImena2","DisplayName":"TestiranjeValidnostiZnakovaImena2 (Hasan123)","ExecutorUri":"executor://MSTestAdapter/v2","Source":"C:\\Users\\Almina\\Desktop\\VVS_zadaca1\\TestProject\\bin\\Debug\\net5.0\\fine-code-coverage\\build-output\\TestProject.dll","CodeFilePath":null,"LineNumber":-1,"Properties":[{"Key":{"Id":"TestCase.ManagedType","Label":"ManagedType","Category":"","Description":"","Attributes":1,"ValueType":"System.String"},"Value":"TestProject.Glasac1FunkcionalnostTest"},{"Key":{"Id":"TestCase.ManagedMethod","Label":"ManagedMethod","Category":"","Description":"","Attributes":1,"ValueType":"System.String"},"Value":"TestiranjeValidnostiZnakovaImena2(System.String)"},{"Key":{"Id":"MSTestDiscoverer.TestClassName","Label":"ClassName","Category":"","Description":"","Attributes":1,"ValueType":"System.String"},"Value":"TestProject.Glasac1FunkcionalnostTest"},{"Key":{"Id":"TestCase.Hierarchy","Label":"Hierarchy","Category":"","Description":"","Attributes":2,"ValueType":"System.String[]"},"Value":["TestProject","Glasac1FunkcionalnostTest"]},{"Key":{"Id":"TestObject.Traits","Label":"Traits","Category":"","Description":"","Attributes":5,"ValueType":"System.Collections.Generic.KeyValuePair`2[[System.String],[System.String]][]"},"Value":[]},{"Key":{"Id":"MSTest.DynamicDataType","Label":"DynamicDataType","Category":"","Description":"","Attributes":1,"ValueType":"System.Int32"},"Value":2},{"Key":{"Id":"MSTest.DynamicData","Label":"DynamicData","Category":"","Description":"","Attributes":1,"ValueType":"System.String[]"},"Value":["System.String, System.Private.CoreLib, Version=5.0.0.0, Culture=neutral, PublicKeyToken=7cec85d7bea7798e","\"Hasan123\""]}]},"Attachments":[],"Outcome":1,"ErrorMessage":null,"ErrorStackTrace":null,"DisplayName":"TestiranjeValidnostiZnakovaImena2 (Hasan123)","Messages":[],"ComputerName":null,"Duration":"00:00:00.0024855","StartTime":"2022-12-04T00:19:28.6795345+01:00","EndTime":"2022-12-04T00:19:28.6893061+01:00","Properties":[{"Key":{"Id":"ExecutionId","Label":"ExecutionId","Category":"","Description":"","Attributes":1,"ValueType":"System.Guid"},"Value":"00000000-0000-0000-0000-000000000000"},{"Key":{"Id":"ParentExecId","Label":"ParentExecId","Category":"","Description":"","Attributes":1,"ValueType":"System.Guid"},"Value":"00000000-0000-0000-0000-000000000000"},{"Key":{"Id":"InnerResultsCount","Label":"InnerResultsCount","Category":"","Description":"","Attributes":1,"ValueType":"System.Int32"},"Value":0}]},{"TestCase":{"Id":"e1fa0817-079e-ee3f-1272-205eb727d226","FullyQualifiedName":"TestProject.Glasac1FunkcionalnostTest.TestiranjeValidnostiZnakovaImena2","DisplayName":"TestiranjeValidnostiZnakovaImena2 (Hasan_Drugi564)","ExecutorUri":"executor://MSTestAdapter/v2","Source":"C:\\Users\\Almina\\Desktop\\VVS_zadaca1\\TestProject\\bin\\Debug\\net5.0\\fine-code-coverage\\build-output\\TestProject.dll","CodeFilePath":null,"LineNumber":-1,"Properties":[{"Key":{"Id":"TestCase.ManagedType","Label":"ManagedType","Category":"","Description":"","Attributes":1,"ValueType":"System.String"},"Value":"TestProject.Glasac1FunkcionalnostTest"},{"Key":{"Id":"TestCase.ManagedMethod","Label":"ManagedMethod","Category":"","Description":"","Attributes":1,"ValueType":"System.String"},"Value":"TestiranjeValidnostiZnakovaImena2(System.String)"},{"Key":{"Id":"MSTestDiscoverer.TestClassName","Label":"ClassName","Category":"","Description":"","Attributes":1,"ValueType":"System.String"},"Value":"TestProject.Glasac1FunkcionalnostTest"},{"Key":{"Id":"TestCase.Hierarchy","Label":"Hierarchy","Category":"","Description":"","Attributes":2,"ValueType":"System.String[]"},"Value":["TestProject","Glasac1FunkcionalnostTest"]},{"Key":{"Id":"TestObject.Traits","Label":"Traits","Category":"","Description":"","Attributes":5,"ValueType":"System.Collections.Generic.KeyValuePair`2[[System.String],[System.String]][]"},"Value":[]},{"Key":{"Id":"MSTest.DynamicDataType","Label":"DynamicDataType","Category":"","Description":"","Attributes":1,"ValueType":"System.Int32"},"Value":2},{"Key":{"Id":"MSTest.DynamicData","Label":"DynamicData","Category":"","Description":"","Attributes":1,"ValueType":"System.String[]"},"Value":["System.String, System.Private.CoreLib, Version=5.0.0.0, Culture=neutral, PublicKeyToken=7cec85d7bea7798e","\"Hasan_Drugi564\""]}]},"Attachments":[],"Outcome":1,"ErrorMessage":null,"ErrorStackTrace":null,"DisplayName":"TestiranjeValidnostiZnakovaImena2 (Hasan_Drugi564)","Messages":[],"ComputerName":null,"Duration":"00:00:00.0005034","StartTime":"2022-12-04T00:19:28.6987024+01:00","EndTime":"2022-12-04T00:19:28.6995927+01:00","Properties":[{"Key":{"Id":"ExecutionId","Label":"ExecutionId","Category":"","Description":"","Attributes":1,"ValueType":"System.Guid"},"Value":"00000000-0000-0000-0000-000000000000"},{"Key":{"Id":"ParentExecId","Label":"ParentExecId","Category":"","Description":"","Attributes":1,"ValueType":"System.Guid"},"Value":"00000000-0000-0000-0000-000000000000"},{"Key":{"Id":"InnerResultsCount","Label":"InnerResultsCount","Category":"","Description":"","Attributes":1,"ValueType":"System.Int32"},"Value":0}]},{"TestCase":{"Id":"071aa9c0-5667-660d-5e83-b9836af2c19b","FullyQualifiedName":"TestProject.Glasac1FunkcionalnostTest.TestiranjeValidnostiZnakovaImena2","DisplayName":"TestiranjeValidnostiZnakovaImena2 (!@#$$Hasan)","ExecutorUri":"executor://MSTestAdapter/v2","Source":"C:\\Users\\Almina\\Desktop\\VVS_zadaca1\\TestProject\\bin\\Debug\\net5.0\\fine-code-coverage\\build-output\\TestProject.dll","CodeFilePath":null,"LineNumber":-1,"Properties":[{"Key":{"Id":"TestCase.ManagedType","Label":"ManagedType","Category":"","Description":"","Attributes":1,"ValueType":"System.String"},"Value":"TestProject.Glasac1FunkcionalnostTest"},{"Key":{"Id":"TestCase.ManagedMethod","Label":"ManagedMethod","Category":"","Description":"","Attributes":1,"ValueType":"System.String"},"Value":"TestiranjeValidnostiZnakovaImena2(System.String)"},{"Key":{"Id":"MSTestDiscoverer.TestClassName","Label":"ClassName","Category":"","Description":"","Attributes":1,"ValueType":"System.String"},"Value":"TestProject.Glasac1FunkcionalnostTest"},{"Key":{"Id":"TestCase.Hierarchy","Label":"Hierarchy","Category":"","Description":"","Attributes":2,"ValueType":"System.String[]"},"Value":["TestProject","Glasac1FunkcionalnostTest"]},{"Key":{"Id":"TestObject.Traits","Label":"Traits","Category":"","Description":"","Attributes":5,"ValueType":"System.Collections.Generic.KeyValuePair`2[[System.String],[System.String]][]"},"Value":[]},{"Key":{"Id":"MSTest.DynamicDataType","Label":"DynamicDataType","Category":"","Description":"","Attributes":1,"ValueType":"System.Int32"},"Value":2},{"Key":{"Id":"MSTest.DynamicData","Label":"DynamicData","Category":"","Description":"","Attributes":1,"ValueType":"System.String[]"},"Value":["System.String, System.Private.CoreLib, Version=5.0.0.0, Culture=neutral, PublicKeyToken=7cec85d7bea7798e","\"!@#$$Hasan\""]}]},"Attachments":[],"Outcome":1,"ErrorMessage":null,"ErrorStackTrace":null,"DisplayName":"TestiranjeValidnostiZnakovaImena2 (!@#$$Hasan)","Messages":[],"ComputerName":null,"Duration":"00:00:00.0006572","StartTime":"2022-12-04T00:19:28.7043878+01:00","EndTime":"2022-12-04T00:19:28.7054971+01:00","Properties":[{"Key":{"Id":"ExecutionId","Label":"ExecutionId","Category":"","Description":"","Attributes":1,"ValueType":"System.Guid"},"Value":"00000000-0000-0000-0000-000000000000"},{"Key":{"Id":"ParentExecId","Label":"ParentExecId","Category":"","Description":"","Attributes":1,"ValueType":"System.Guid"},"Value":"00000000-0000-0000-0000-000000000000"},{"Key":{"Id":"InnerResultsCount","Label":"InnerResultsCount","Category":"","Description":"","Attributes":1,"ValueType":"System.Int32"},"Value":0}]},{"TestCase":{"Id":"a18d9811-d45f-7723-13a2-21edef6d476f","FullyQualifiedName":"TestProject.Glasac1FunkcionalnostTest.TestiranjeValidnostiZnakovaImena2","DisplayName":"TestiranjeValidnostiZnakovaImena2 (Hasan_Hasan )","ExecutorUri":"executor://MSTestAdapter/v2","Source":"C:\\Users\\Almina\\Desktop\\VVS_zadaca1\\TestProject\\bin\\Debug\\net5.0\\fine-code-coverage\\build-output\\TestProject.dll","CodeFilePath":null,"LineNumber":-1,"Properties":[{"Key":{"Id":"TestCase.ManagedType","Label":"ManagedType","Category":"","Description":"","Attributes":1,"ValueType":"System.String"},"Value":"TestProject.Glasac1FunkcionalnostTest"},{"Key":{"Id":"TestCase.ManagedMethod","Label":"ManagedMethod","Category":"","Description":"","Attributes":1,"ValueType":"System.String"},"Value":"TestiranjeValidnostiZnakovaImena2(System.String)"},{"Key":{"Id":"MSTestDiscoverer.TestClassName","Label":"ClassName","Category":"","Description":"","Attributes":1,"ValueType":"System.String"},"Value":"TestProject.Glasac1FunkcionalnostTest"},{"Key":{"Id":"TestCase.Hierarchy","Label":"Hierarchy","Category":"","Description":"","Attributes":2,"ValueType":"System.String[]"},"Value":["TestProject","Glasac1FunkcionalnostTest"]},{"Key":{"Id":"TestObject.Traits","Label":"Traits","Category":"","Description":"","Attributes":5,"ValueType":"System.Collections.Generic.KeyValuePair`2[[System.String],[System.String]][]"},"Value":[]},{"Key":{"Id":"MSTest.DynamicDataType","Label":"DynamicDataType","Category":"","Description":"","Attributes":1,"ValueType":"System.Int32"},"Value":2},{"Key":{"Id":"MSTest.DynamicData","Label":"DynamicData","Category":"","Description":"","Attributes":1,"ValueType":"System.String[]"},"Value":["System.String, System.Private.CoreLib, Version=5.0.0.0, Culture=neutral, PublicKeyToken=7cec85d7bea7798e","\"Hasan_Hasan \""]}]},"Attachments":[],"Outcome":1,"ErrorMessage":null,"ErrorStackTrace":null,"DisplayName":"TestiranjeValidnostiZnakovaImena2 (Hasan_Hasan )","Messages":[],"ComputerName":null,"Duration":"00:00:00.0006135","StartTime":"2022-12-04T00:19:28.7102373+01:00","EndTime":"2022-12-04T00:19:28.7113344+01:00","Properties":[{"Key":{"Id":"ExecutionId","Label":"ExecutionId","Category":"","Description":"","Attributes":1,"ValueType":"System.Guid"},"Value":"00000000-0000-0000-0000-000000000000"},{"Key":{"Id":"ParentExecId","Label":"ParentExecId","Category":"","Description":"","Attributes":1,"ValueType":"System.Guid"},"Value":"00000000-0000-0000-0000-000000000000"},{"Key":{"Id":"InnerResultsCount","Label":"InnerResultsCount","Category":"","Description":"","Attributes":1,"ValueType":"System.Int32"},"Value":0}]},{"TestCase":{"Id":"5f59a588-07ad-d406-450d-045e9083c2d8","FullyQualifiedName":"TestProject.Glasac1FunkcionalnostTest.TestiranjeValidnostiZnakovaImena2","DisplayName":"TestiranjeValidnostiZnakovaImena2 (n)","ExecutorUri":"executor://MSTestAdapter/v2","Source":"C:\\Users\\Almina\\Desktop\\VVS_zadaca1\\TestProject\\bin\\Debug\\net5.0\\fine-code-coverage\\build-output\\TestProject.dll","CodeFilePath":null,"LineNumber":-1,"Properties":[{"Key":{"Id":"TestCase.ManagedType","Label":"ManagedType","Category":"","Description":"","Attributes":1,"ValueType":"System.String"},"Value":"TestProject.Glasac1FunkcionalnostTest"},{"Key":{"Id":"TestCase.ManagedMethod","Label":"ManagedMethod","Category":"","Description":"","Attributes":1,"ValueType":"System.String"},"Value":"TestiranjeValidnostiZnakovaImena2(System.String)"},{"Key":{"Id":"MSTestDiscoverer.TestClassName","Label":"ClassName","Category":"","Description":"","Attributes":1,"ValueType":"System.String"},"Value":"TestProject.Glasac1FunkcionalnostTest"},{"Key":{"Id":"TestCase.Hierarchy","Label":"Hierarchy","Category":"","Description":"","Attributes":2,"ValueType":"System.String[]"},"Value":["TestProject","Glasac1FunkcionalnostTest"]},{"Key":{"Id":"TestObject.Traits","Label":"Traits","Category":"","Description":"","Attributes":5,"ValueType":"System.Collections.Generic.KeyValuePair`2[[System.String],[System.String]][]"},"Value":[]},{"Key":{"Id":"MSTest.DynamicDataType","Label":"DynamicDataType","Category":"","Description":"","Attributes":1,"ValueType":"System.Int32"},"Value":2},{"Key":{"Id":"MSTest.DynamicData","Label":"DynamicData","Category":"","Description":"","Attributes":1,"ValueType":"System.String[]"},"Value":["System.String, System.Private.CoreLib, Version=5.0.0.0, Culture=neutral, PublicKeyToken=7cec85d7bea7798e","\"n\""]}]},"Attachments":[],"Outcome":1,"ErrorMessage":null,"ErrorStackTrace":null,"DisplayName":"TestiranjeValidnostiZnakovaImena2 (n)","Messages":[],"ComputerName":null,"Duration":"00:00:00.0006041","StartTime":"2022-12-04T00:19:28.7181303+01:00","EndTime":"2022-12-04T00:19:28.7191801+01:00","Properties":[{"Key":{"Id":"ExecutionId","Label":"ExecutionId","Category":"","Description":"","Attributes":1,"ValueType":"System.Guid"},"Value":"00000000-0000-0000-0000-000000000000"},{"Key":{"Id":"ParentExecId","Label":"ParentExecId","Category":"","Description":"","Attributes":1,"ValueType":"System.Guid"},"Value":"00000000-0000-0000-0000-000000000000"},{"Key":{"Id":"InnerResultsCount","Label":"InnerResultsCount","Category":"","Description":"","Attributes":1,"ValueType":"System.Int32"},"Value":0}]},{"TestCase":{"Id":"a37e7fc9-00ca-bed3-adf4-a0e42228cfb9","FullyQualifiedName":"TestProject.Glasac1FunkcionalnostTest.TestiranjeValidnostiZnakovaImena2","DisplayName":"TestiranjeValidnostiZnakovaImena2 (ovajobjekatimaprekocetrdesetzarakterazaimeatonijedozvoljenozatotrebadabaciizuzetaksvudagdjesetoprobauraditi)","ExecutorUri":"executor://MSTestAdapter/v2","Source":"C:\\Users\\Almina\\Desktop\\VVS_zadaca1\\TestProject\\bin\\Debug\\net5.0\\fine-code-coverage\\build-output\\TestProject.dll","CodeFilePath":null,"LineNumber":-1,"Properties":[{"Key":{"Id":"TestCase.ManagedType","Label":"ManagedType","Category":"","Description":"","Attributes":1,"ValueType":"System.String"},"Value":"TestProject.Glasac1FunkcionalnostTest"},{"Key":{"Id":"TestCase.ManagedMethod","Label":"ManagedMethod","Category":"","Description":"","Attributes":1,"ValueType":"System.String"},"Value":"TestiranjeValidnostiZnakovaImena2(System.String)"},{"Key":{"Id":"MSTestDiscoverer.TestClassName","Label":"ClassName","Category":"","Description":"","Attributes":1,"ValueType":"System.String"},"Value":"TestProject.Glasac1FunkcionalnostTest"},{"Key":{"Id":"TestCase.Hierarchy","Label":"Hierarchy","Category":"","Description":"","Attributes":2,"ValueType":"System.String[]"},"Value":["TestProject","Glasac1FunkcionalnostTest"]},{"Key":{"Id":"TestObject.Traits","Label":"Traits","Category":"","Description":"","Attributes":5,"ValueType":"System.Collections.Generic.KeyValuePair`2[[System.String],[System.String]][]"},"Value":[]},{"Key":{"Id":"MSTest.DynamicDataType","Label":"DynamicDataType","Category":"","Description":"","Attributes":1,"ValueType":"System.Int32"},"Value":2},{"Key":{"Id":"MSTest.DynamicData","Label":"DynamicData","Category":"","Description":"","Attributes":1,"ValueType":"System.String[]"},"Value":["System.String, System.Private.CoreLib, Version=5.0.0.0, Culture=neutral, PublicKeyToken=7cec85d7bea7798e","\"ovajobjekatimaprekocetrdesetzarakterazaimeatonijedozvoljenozatotrebadabaciizuzetaksvudagdjesetoprobauraditi\""]}]},"Attachments":[],"Outcome":1,"ErrorMessage":null,"ErrorStackTrace":null,"DisplayName":"TestiranjeValidnostiZnakovaImena2 (ovajobjekatimaprekocetrdesetzarakterazaimeatonijedozvoljenozatotrebadabaciizuzetaksvudagdjesetoprobauraditi)","Messages":[],"ComputerName":null,"Duration":"00:00:00.0006883","StartTime":"2022-12-04T00:19:28.7267646+01:00","EndTime":"2022-12-04T00:19:28.7279413+01:00","Properties":[{"Key":{"Id":"ExecutionId","Label":"ExecutionId","Category":"","Description":"","Attributes":1,"ValueType":"System.Guid"},"Value":"00000000-0000-0000-0000-000000000000"},{"Key":{"Id":"ParentExecId","Label":"ParentExecId","Category":"","Description":"","Attributes":1,"ValueType":"System.Guid"},"Value":"00000000-0000-0000-0000-000000000000"},{"Key":{"Id":"InnerResultsCount","Label":"InnerResultsCount","Category":"","Description":"","Attributes":1,"ValueType":"System.Int32"},"Value":0}]},{"TestCase":{"Id":"da4deca8-886c-5012-967b-a1f7cec24430","FullyQualifiedName":"TestProject.Glasac1FunkcionalnostTest.TestiranjeValidnostiZnakovaImena2","DisplayName":"TestiranjeValidnostiZnakovaImena2 ()","ExecutorUri":"executor://MSTestAdapter/v2","Source":"C:\\Users\\Almina\\Desktop\\VVS_zadaca1\\TestProject\\bin\\Debug\\net5.0\\fine-code-coverage\\build-output\\TestProject.dll","CodeFilePath":null,"LineNumber":-1,"Properties":[{"Key":{"Id":"TestCase.ManagedType","Label":"ManagedType","Category":"","Description":"","Attributes":1,"ValueType":"System.String"},"Value":"TestProject.Glasac1FunkcionalnostTest"},{"Key":{"Id":"TestCase.ManagedMethod","Label":"ManagedMethod","Category":"","Description":"","Attributes":1,"ValueType":"System.String"},"Value":"TestiranjeValidnostiZnakovaImena2(System.String)"},{"Key":{"Id":"MSTestDiscoverer.TestClassName","Label":"ClassName","Category":"","Description":"","Attributes":1,"ValueType":"System.String"},"Value":"TestProject.Glasac1FunkcionalnostTest"},{"Key":{"Id":"TestCase.Hierarchy","Label":"Hierarchy","Category":"","Description":"","Attributes":2,"ValueType":"System.String[]"},"Value":["TestProject","Glasac1FunkcionalnostTest"]},{"Key":{"Id":"TestObject.Traits","Label":"Traits","Category":"","Description":"","Attributes":5,"ValueType":"System.Collections.Generic.KeyValuePair`2[[System.String],[System.String]][]"},"Value":[]},{"Key":{"Id":"MSTest.DynamicDataType","Label":"DynamicDataType","Category":"","Description":"","Attributes":1,"ValueType":"System.Int32"},"Value":2},{"Key":{"Id":"MSTest.DynamicData","Label":"DynamicData","Category":"","Description":"","Attributes":1,"ValueType":"System.String[]"},"Value":["System.String, System.Private.CoreLib, Version=5.0.0.0, Culture=neutral, PublicKeyToken=7cec85d7bea7798e","\"\""]}]},"Attachments":[],"Outcome":1,"ErrorMessage":null,"ErrorStackTrace":null,"DisplayName":"TestiranjeValidnostiZnakovaImena2 ()","Messages":[],"ComputerName":null,"Duration":"00:00:00.0007836","StartTime":"2022-12-04T00:19:28.7324164+01:00","EndTime":"2022-12-04T00:19:28.7338137+01:00","Properties":[{"Key":{"Id":"ExecutionId","Label":"ExecutionId","Category":"","Description":"","Attributes":1,"ValueType":"System.Guid"},"Value":"00000000-0000-0000-0000-000000000000"},{"Key":{"Id":"ParentExecId","Label":"ParentExecId","Category":"","Description":"","Attributes":1,"ValueType":"System.Guid"},"Value":"00000000-0000-0000-0000-000000000000"},{"Key":{"Id":"InnerResultsCount","Label":"InnerResultsCount","Category":"","Description":"","Attributes":1,"ValueType":"System.Int32"},"Value":0}]},{"TestCase":{"Id":"c4b6b727-6b43-0c5a-f6d8-a5f9f8a45edf","FullyQualifiedName":"TestProject.Glasac1FunkcionalnostTest.TestiranjeValidnostiZnakovaPrezimena1","DisplayName":"TestiranjeValidnostiZnakovaPrezimena1","ExecutorUri":"executor://MSTestAdapter/v2","Source":"C:\\Users\\Almina\\Desktop\\VVS_zadaca1\\TestProject\\bin\\Debug\\net5.0\\fine-code-coverage\\build-output\\TestProject.dll","CodeFilePath":null,"LineNumber":-1,"Properties":[{"Key":{"Id":"TestCase.ManagedType","Label":"ManagedType","Category":"","Description":"","Attributes":1,"ValueType":"System.String"},"Value":"TestProject.Glasac1FunkcionalnostTest"},{"Key":{"Id":"TestCase.ManagedMethod","Label":"ManagedMethod","Category":"","Description":"","Attributes":1,"ValueType":"System.String"},"Value":"TestiranjeValidnostiZnakovaPrezimena1"},{"Key":{"Id":"MSTestDiscoverer.TestClassName","Label":"ClassName","Category":"","Description":"","Attributes":1,"ValueType":"System.String"},"Value":"TestProject.Glasac1FunkcionalnostTest"},{"Key":{"Id":"TestCase.Hierarchy","Label":"Hierarchy","Category":"","Description":"","Attributes":2,"ValueType":"System.String[]"},"Value":["TestProject","Glasac1FunkcionalnostTest"]},{"Key":{"Id":"TestObject.Traits","Label":"Traits","Category":"","Description":"","Attributes":5,"ValueType":"System.Collections.Generic.KeyValuePair`2[[System.String],[System.String]][]"},"Value":[]}]},"Attachments":[],"Outcome":1,"ErrorMessage":null,"ErrorStackTrace":null,"DisplayName":"TestiranjeValidnostiZnakovaPrezimena1","Messages":[],"ComputerName":null,"Duration":"00:00:00.0012117","StartTime":"2022-12-04T00:19:28.7391008+01:00","EndTime":"2022-12-04T00:19:28.7407652+01:00","Properties":[{"Key":{"Id":"ExecutionId","Label":"ExecutionId","Category":"","Description":"","Attributes":1,"ValueType":"System.Guid"},"Value":"00000000-0000-0000-0000-000000000000"},{"Key":{"Id":"ParentExecId","Label":"ParentExecId","Category":"","Description":"","Attributes":1,"ValueType":"System.Guid"},"Value":"00000000-0000-0000-0000-000000000000"},{"Key":{"Id":"InnerResultsCount","Label":"InnerResultsCount","Category":"","Description":"","Attributes":1,"ValueType":"System.Int32"},"Value":0}]}],"TestRunStatistics":{"ExecutedTests":9,"Stats":{"Passed":9}},"ActiveTests":[{"Id":"02d2dabd-e46a-92c2-0d3f-df30b9dc6c2e","FullyQualifiedName":"TestProject.Glasac1FunkcionalnostTest.TestiranjeValidnostiZnakovaPrezimena2","DisplayName":"TestiranjeValidnostiZnakovaPrezimena2 (Haskovic123)","ExecutorUri":"executor://MSTestAdapter/v2","Source":"C:\\Users\\Almina\\Desktop\\VVS_zadaca1\\TestProject\\bin\\Debug\\net5.0\\fine-code-coverage\\build-output\\TestProject.dll","CodeFilePath":null,"LineNumber":-1,"Properties":[{"Key":{"Id":"TestCase.ManagedType","Label":"ManagedType","Category":"","Description":"","Attributes":1,"ValueType":"System.String"},"Value":"TestProject.Glasac1FunkcionalnostTest"},{"Key":{"Id":"TestCase.ManagedMethod","Label":"ManagedMethod","Category":"","Description":"","Attributes":1,"ValueType":"System.String"},"Value":"TestiranjeValidnostiZnakovaPrezimena2(System.String)"},{"Key":{"Id":"MSTestDiscoverer.TestClassName","Label":"ClassName","Category":"","Description":"","Attributes":1,"ValueType":"System.String"},"Value":"TestProject.Glasac1FunkcionalnostTest"},{"Key":{"Id":"TestCase.Hierarchy","Label":"Hierarchy","Category":"","Description":"","Attributes":2,"ValueType":"System.String[]"},"Value":["TestProject","Glasac1FunkcionalnostTest"]},{"Key":{"Id":"TestObject.Traits","Label":"Traits","Category":"","Description":"","Attributes":5,"ValueType":"System.Collections.Generic.KeyValuePair`2[[System.String],[System.String]][]"},"Value":[]},{"Key":{"Id":"MSTest.DynamicDataType","Label":"DynamicDataType","Category":"","Description":"","Attributes":1,"ValueType":"System.Int32"},"Value":2},{"Key":{"Id":"MSTest.DynamicData","Label":"DynamicData","Category":"","Description":"","Attributes":1,"ValueType":"System.String[]"},"Value":["System.String, System.Private.CoreLib, Version=5.0.0.0, Culture=neutral, PublicKeyToken=7cec85d7bea7798e","\"Haskovic123\""]}]}]}}
TpTrace Verbose: 0 : 6244, 10, 2022/12/04, 00:19:28.859, 1152916848096, vstest.console.dll, TestRunRequest:SendTestRunStatsChange: Starting.
TpTrace Verbose: 0 : 6244, 10, 2022/12/04, 00:19:28.860, 1152916852421, vstest.console.dll, InProgress is TestiranjeValidnostiZnakovaPrezimena2 (Haskovic123)
TpTrace Verbose: 0 : 6244, 10, 2022/12/04, 00:19:28.860, 1152916856242, vstest.console.dll, MulticastDelegateUtilities.SafeInvoke: TestRun.RunStatsChanged: Invoking callbacks was skipped because there are no subscribers.
TpTrace Information: 0 : 6244, 10, 2022/12/04, 00:19:28.860, 1152916856808, vstest.console.dll, TestRunRequest:SendTestRunStatsChange: Completed.
TpTrace Verbose: 0 : 6244, 10, 2022/12/04, 00:19:28.860, 1152916857339, vstest.console.dll, MulticastDelegateUtilities.SafeInvoke: LengthPrefixCommunicationChannel: MessageReceived: Invoking callback 1/1 for Microsoft.VisualStudio.TestPlatform.CommunicationUtilities.TestRequestSender+<>c__DisplayClass31_0., took 65 ms.
TpTrace Verbose: 0 : 6244, 10, 2022/12/04, 00:19:28.860, 1152916857845, vstest.console.dll, TcpClientExtensions.MessageLoopAsync: Polling on remoteEndPoint: 127.0.0.1:56415 localEndPoint: 127.0.0.1:56414
TpTrace Verbose: 0 : 6244, 4, 2022/12/04, 00:19:28.863, 1152916887428, vstest.console.dll, MulticastDelegateUtilities.SafeInvoke: InternalTestLoggerEvents.SendTestResult: Invoking callback 1/1 for Microsoft.VisualStudio.TestPlatform.CommandLine.Internal.ConsoleLogger., took 3 ms.
TpTrace Verbose: 0 : 6244, 4, 2022/12/04, 00:19:28.863, 1152916891396, vstest.console.dll, MulticastDelegateUtilities.SafeInvoke: InternalTestLoggerEvents.SendTestResult: Invoking callback 1/1 for Microsoft.VisualStudio.TestPlatform.CommandLine.Internal.ConsoleLogger., took 0 ms.
TpTrace Verbose: 0 : 6244, 4, 2022/12/04, 00:19:28.864, 1152916892347, vstest.console.dll, MulticastDelegateUtilities.SafeInvoke: InternalTestLoggerEvents.SendTestResult: Invoking callback 1/1 for Microsoft.VisualStudio.TestPlatform.CommandLine.Internal.ConsoleLogger., took 0 ms.
TpTrace Verbose: 0 : 6244, 4, 2022/12/04, 00:19:28.864, 1152916893190, vstest.console.dll, MulticastDelegateUtilities.SafeInvoke: InternalTestLoggerEvents.SendTestResult: Invoking callback 1/1 for Microsoft.VisualStudio.TestPlatform.CommandLine.Internal.ConsoleLogger., took 0 ms.
TpTrace Verbose: 0 : 6244, 4, 2022/12/04, 00:19:28.864, 1152916893997, vstest.console.dll, MulticastDelegateUtilities.SafeInvoke: InternalTestLoggerEvents.SendTestResult: Invoking callback 1/1 for Microsoft.VisualStudio.TestPlatform.CommandLine.Internal.ConsoleLogger., took 0 ms.
TpTrace Verbose: 0 : 6244, 4, 2022/12/04, 00:19:28.864, 1152916894638, vstest.console.dll, MulticastDelegateUtilities.SafeInvoke: InternalTestLoggerEvents.SendTestResult: Invoking callback 1/1 for Microsoft.VisualStudio.TestPlatform.CommandLine.Internal.ConsoleLogger., took 0 ms.
TpTrace Verbose: 0 : 6244, 4, 2022/12/04, 00:19:28.864, 1152916895258, vstest.console.dll, MulticastDelegateUtilities.SafeInvoke: InternalTestLoggerEvents.SendTestResult: Invoking callback 1/1 for Microsoft.VisualStudio.TestPlatform.CommandLine.Internal.ConsoleLogger., took 0 ms.
TpTrace Verbose: 0 : 6244, 4, 2022/12/04, 00:19:28.864, 1152916895869, vstest.console.dll, MulticastDelegateUtilities.SafeInvoke: InternalTestLoggerEvents.SendTestResult: Invoking callback 1/1 for Microsoft.VisualStudio.TestPlatform.CommandLine.Internal.ConsoleLogger., took 0 ms.
TpTrace Verbose: 0 : 6244, 4, 2022/12/04, 00:19:28.865, 1152916906046, vstest.console.dll, MulticastDelegateUtilities.SafeInvoke: InternalTestLoggerEvents.SendTestResult: Invoking callback 1/1 for Microsoft.VisualStudio.TestPlatform.CommandLine.Internal.ConsoleLogger., took 0 ms.
TpTrace Verbose: 0 : 6244, 10, 2022/12/04, 00:19:28.870, 1152916957026, vstest.console.dll, TcpClientExtensions.MessageLoopAsync: NotifyDataAvailable remoteEndPoint: 127.0.0.1:56415 localEndPoint: 127.0.0.1:56414
TpTrace Verbose: 0 : 6244, 10, 2022/12/04, 00:19:28.870, 1152916961374, vstest.console.dll, TestRequestSender.OnExecutionMessageReceived: Received message: {"Version":7,"MessageType":"TestExecution.Completed","Payload":{"TestRunCompleteArgs":{"TestRunStatistics":{"ExecutedTests":18,"Stats":{"Passed":18}},"IsCanceled":false,"IsAborted":false,"Error":null,"AttachmentSets":[],"InvokedDataCollectors":[],"ElapsedTimeInRunningTests":"00:00:00.4627266","Metrics":{},"DiscoveredExtensions":{"TestDiscoverers":["Microsoft.VisualStudio.TestPlatform.MSTest.TestAdapter.MSTestDiscoverer, Microsoft.VisualStudio.TestPlatform.MSTest.TestAdapter, Version=14.0.0.0, Culture=neutral, PublicKeyToken=b03f5f7f11d50a3a"],"TestExecutors":["executor://MSTestAdapter/v2"],"TestExecutors2":[],"TestSettingsProviders":[]}},"LastRunTests":{"NewTestResults":[{"TestCase":{"Id":"02d2dabd-e46a-92c2-0d3f-df30b9dc6c2e","FullyQualifiedName":"TestProject.Glasac1FunkcionalnostTest.TestiranjeValidnostiZnakovaPrezimena2","DisplayName":"TestiranjeValidnostiZnakovaPrezimena2 (Haskovic123)","ExecutorUri":"executor://MSTestAdapter/v2","Source":"C:\\Users\\Almina\\Desktop\\VVS_zadaca1\\TestProject\\bin\\Debug\\net5.0\\fine-code-coverage\\build-output\\TestProject.dll","CodeFilePath":null,"LineNumber":-1,"Properties":[{"Key":{"Id":"TestCase.ManagedType","Label":"ManagedType","Category":"","Description":"","Attributes":1,"ValueType":"System.String"},"Value":"TestProject.Glasac1FunkcionalnostTest"},{"Key":{"Id":"TestCase.ManagedMethod","Label":"ManagedMethod","Category":"","Description":"","Attributes":1,"ValueType":"System.String"},"Value":"TestiranjeValidnostiZnakovaPrezimena2(System.String)"},{"Key":{"Id":"MSTestDiscoverer.TestClassName","Label":"ClassName","Category":"","Description":"","Attributes":1,"ValueType":"System.String"},"Value":"TestProject.Glasac1FunkcionalnostTest"},{"Key":{"Id":"TestCase.Hierarchy","Label":"Hierarchy","Category":"","Description":"","Attributes":2,"ValueType":"System.String[]"},"Value":["TestProject","Glasac1FunkcionalnostTest"]},{"Key":{"Id":"TestObject.Traits","Label":"Traits","Category":"","Description":"","Attributes":5,"ValueType":"System.Collections.Generic.KeyValuePair`2[[System.String],[System.String]][]"},"Value":[]},{"Key":{"Id":"MSTest.DynamicDataType","Label":"DynamicDataType","Category":"","Description":"","Attributes":1,"ValueType":"System.Int32"},"Value":2},{"Key":{"Id":"MSTest.DynamicData","Label":"DynamicData","Category":"","Description":"","Attributes":1,"ValueType":"System.String[]"},"Value":["System.String, System.Private.CoreLib, Version=5.0.0.0, Culture=neutral, PublicKeyToken=7cec85d7bea7798e","\"Haskovic123\""]}]},"Attachments":[],"Outcome":1,"ErrorMessage":null,"ErrorStackTrace":null,"DisplayName":"TestiranjeValidnostiZnakovaPrezimena2 (Haskovic123)","Messages":[],"ComputerName":null,"Duration":"00:00:00.0007075","StartTime":"2022-12-04T00:19:28.7967629+01:00","EndTime":"2022-12-04T00:19:28.7978369+01:00","Properties":[{"Key":{"Id":"ExecutionId","Label":"ExecutionId","Category":"","Description":"","Attributes":1,"ValueType":"System.Guid"},"Value":"00000000-0000-0000-0000-000000000000"},{"Key":{"Id":"ParentExecId","Label":"ParentExecId","Category":"","Description":"","Attributes":1,"ValueType":"System.Guid"},"Value":"00000000-0000-0000-0000-000000000000"},{"Key":{"Id":"InnerResultsCount","Label":"InnerResultsCount","Category":"","Description":"","Attributes":1,"ValueType":"System.Int32"},"Value":0}]},{"TestCase":{"Id":"e7fbdbc8-187e-3638-6cbf-cd6a11c696c4","FullyQualifiedName":"TestProject.Glasac1FunkcionalnostTest.TestiranjeValidnostiZnakovaPrezimena2","DisplayName":"TestiranjeValidnostiZnakovaPrezimena2 (Hask0v1c)","ExecutorUri":"executor://MSTestAdapter/v2","Source":"C:\\Users\\Almina\\Desktop\\VVS_zadaca1\\TestProject\\bin\\Debug\\net5.0\\fine-code-coverage\\build-output\\TestProject.dll","CodeFilePath":null,"LineNumber":-1,"Properties":[{"Key":{"Id":"TestCase.ManagedType","Label":"ManagedType","Category":"","Description":"","Attributes":1,"ValueType":"System.String"},"Value":"TestProject.Glasac1FunkcionalnostTest"},{"Key":{"Id":"TestCase.ManagedMethod","Label":"ManagedMethod","Category":"","Description":"","Attributes":1,"ValueType":"System.String"},"Value":"TestiranjeValidnostiZnakovaPrezimena2(System.String)"},{"Key":{"Id":"MSTestDiscoverer.TestClassName","Label":"ClassName","Category":"","Description":"","Attributes":1,"ValueType":"System.String"},"Value":"TestProject.Glasac1FunkcionalnostTest"},{"Key":{"Id":"TestCase.Hierarchy","Label":"Hierarchy","Category":"","Description":"","Attributes":2,"ValueType":"System.String[]"},"Value":["TestProject","Glasac1FunkcionalnostTest"]},{"Key":{"Id":"TestObject.Traits","Label":"Traits","Category":"","Description":"","Attributes":5,"ValueType":"System.Collections.Generic.KeyValuePair`2[[System.String],[System.String]][]"},"Value":[]},{"Key":{"Id":"MSTest.DynamicDataType","Label":"DynamicDataType","Category":"","Description":"","Attributes":1,"ValueType":"System.Int32"},"Value":2},{"Key":{"Id":"MSTest.DynamicData","Label":"DynamicData","Category":"","Description":"","Attributes":1,"ValueType":"System.String[]"},"Value":["System.String, System.Private.CoreLib, Version=5.0.0.0, Culture=neutral, PublicKeyToken=7cec85d7bea7798e","\"Hask0v1c\""]}]},"Attachments":[],"Outcome":1,"ErrorMessage":null,"ErrorStackTrace":null,"DisplayName":"TestiranjeValidnostiZnakovaPrezimena2 (Hask0v1c)","Messages":[],"ComputerName":null,"Duration":"00:00:00.0004905","StartTime":"2022-12-04T00:19:28.8017038+01:00","EndTime":"2022-12-04T00:19:28.8025302+01:00","Properties":[{"Key":{"Id":"ExecutionId","Label":"ExecutionId","Category":"","Description":"","Attributes":1,"ValueType":"System.Guid"},"Value":"00000000-0000-0000-0000-000000000000"},{"Key":{"Id":"ParentExecId","Label":"ParentExecId","Category":"","Description":"","Attributes":1,"ValueType":"System.Guid"},"Value":"00000000-0000-0000-0000-000000000000"},{"Key":{"Id":"InnerResultsCount","Label":"InnerResultsCount","Category":"","Description":"","Attributes":1,"ValueType":"System.Int32"},"Value":0}]},{"TestCase":{"Id":"56b778d9-21b4-e244-a868-98c9a968d886","FullyQualifiedName":"TestProject.Glasac1FunkcionalnostTest.TestiranjeValidnostiZnakovaPrezimena2","DisplayName":"TestiranjeValidnostiZnakovaPrezimena2 (Haskov!c)","ExecutorUri":"executor://MSTestAdapter/v2","Source":"C:\\Users\\Almina\\Desktop\\VVS_zadaca1\\TestProject\\bin\\Debug\\net5.0\\fine-code-coverage\\build-output\\TestProject.dll","CodeFilePath":null,"LineNumber":-1,"Properties":[{"Key":{"Id":"TestCase.ManagedType","Label":"ManagedType","Category":"","Description":"","Attributes":1,"ValueType":"System.String"},"Value":"TestProject.Glasac1FunkcionalnostTest"},{"Key":{"Id":"TestCase.ManagedMethod","Label":"ManagedMethod","Category":"","Description":"","Attributes":1,"ValueType":"System.String"},"Value":"TestiranjeValidnostiZnakovaPrezimena2(System.String)"},{"Key":{"Id":"MSTestDiscoverer.TestClassName","Label":"ClassName","Category":"","Description":"","Attributes":1,"ValueType":"System.String"},"Value":"TestProject.Glasac1FunkcionalnostTest"},{"Key":{"Id":"TestCase.Hierarchy","Label":"Hierarchy","Category":"","Description":"","Attributes":2,"ValueType":"System.String[]"},"Value":["TestProject","Glasac1FunkcionalnostTest"]},{"Key":{"Id":"TestObject.Traits","Label":"Traits","Category":"","Description":"","Attributes":5,"ValueType":"System.Collections.Generic.KeyValuePair`2[[System.String],[System.String]][]"},"Value":[]},{"Key":{"Id":"MSTest.DynamicDataType","Label":"DynamicDataType","Category":"","Description":"","Attributes":1,"ValueType":"System.Int32"},"Value":2},{"Key":{"Id":"MSTest.DynamicData","Label":"DynamicData","Category":"","Description":"","Attributes":1,"ValueType":"System.String[]"},"Value":["System.String, System.Private.CoreLib, Version=5.0.0.0, Culture=neutral, PublicKeyToken=7cec85d7bea7798e","\"Haskov!c\""]}]},"Attachments":[],"Outcome":1,"ErrorMessage":null,"ErrorStackTrace":null,"DisplayName":"TestiranjeValidnostiZnakovaPrezimena2 (Haskov!c)","Messages":[],"ComputerName":null,"Duration":"00:00:00.0004656","StartTime":"2022-12-04T00:19:28.8061393+01:00","EndTime":"2022-12-04T00:19:28.8069212+01:00","Properties":[{"Key":{"Id":"ExecutionId","Label":"ExecutionId","Category":"","Description":"","Attributes":1,"ValueType":"System.Guid"},"Value":"00000000-0000-0000-0000-000000000000"},{"Key":{"Id":"ParentExecId","Label":"ParentExecId","Category":"","Description":"","Attributes":1,"ValueType":"System.Guid"},"Value":"00000000-0000-0000-0000-000000000000"},{"Key":{"Id":"InnerResultsCount","Label":"InnerResultsCount","Category":"","Description":"","Attributes":1,"ValueType":"System.Int32"},"Value":0}]},{"TestCase":{"Id":"79b04306-25b9-e5b6-7530-956e82e54c1e","FullyQualifiedName":"TestProject.Glasac1FunkcionalnostTest.TestiranjeValidnostiZnakovaPrezimena2","DisplayName":"TestiranjeValidnostiZnakovaPrezimena2 (Haskovic Hadan1)","ExecutorUri":"executor://MSTestAdapter/v2","Source":"C:\\Users\\Almina\\Desktop\\VVS_zadaca1\\TestProject\\bin\\Debug\\net5.0\\fine-code-coverage\\build-output\\TestProject.dll","CodeFilePath":null,"LineNumber":-1,"Properties":[{"Key":{"Id":"TestCase.ManagedType","Label":"ManagedType","Category":"","Description":"","Attributes":1,"ValueType":"System.String"},"Value":"TestProject.Glasac1FunkcionalnostTest"},{"Key":{"Id":"TestCase.ManagedMethod","Label":"ManagedMethod","Category":"","Description":"","Attributes":1,"ValueType":"System.String"},"Value":"TestiranjeValidnostiZnakovaPrezimena2(System.String)"},{"Key":{"Id":"MSTestDiscoverer.TestClassName","Label":"ClassName","Category":"","Description":"","Attributes":1,"ValueType":"System.String"},"Value":"TestProject.Glasac1FunkcionalnostTest"},{"Key":{"Id":"TestCase.Hierarchy","Label":"Hierarchy","Category":"","Description":"","Attributes":2,"ValueType":"System.String[]"},"Value":["TestProject","Glasac1FunkcionalnostTest"]},{"Key":{"Id":"TestObject.Traits","Label":"Traits","Category":"","Description":"","Attributes":5,"ValueType":"System.Collections.Generic.KeyValuePair`2[[System.String],[System.String]][]"},"Value":[]},{"Key":{"Id":"MSTest.DynamicDataType","Label":"DynamicDataType","Category":"","Description":"","Attributes":1,"ValueType":"System.Int32"},"Value":2},{"Key":{"Id":"MSTest.DynamicData","Label":"DynamicData","Category":"","Description":"","Attributes":1,"ValueType":"System.String[]"},"Value":["System.String, System.Private.CoreLib, Version=5.0.0.0, Culture=neutral, PublicKeyToken=7cec85d7bea7798e","\"Haskovic Hadan1\""]}]},"Attachments":[],"Outcome":1,"ErrorMessage":null,"ErrorStackTrace":null,"DisplayName":"TestiranjeValidnostiZnakovaPrezimena2 (Haskovic Hadan1)","Messages":[],"ComputerName":null,"Duration":"00:00:00.0004912","StartTime":"2022-12-04T00:19:28.8106505+01:00","EndTime":"2022-12-04T00:19:28.811481+01:00","Properties":[{"Key":{"Id":"ExecutionId","Label":"ExecutionId","Category":"","Description":"","Attributes":1,"ValueType":"System.Guid"},"Value":"00000000-0000-0000-0000-000000000000"},{"Key":{"Id":"ParentExecId","Label":"ParentExecId","Category":"","Description":"","Attributes":1,"ValueType":"System.Guid"},"Value":"00000000-0000-0000-0000-000000000000"},{"Key":{"Id":"InnerResultsCount","Label":"InnerResultsCount","Category":"","Description":"","Attributes":1,"ValueType":"System.Int32"},"Value":0}]},{"TestCase":{"Id":"caa19253-8449-c2cd-159d-7f45ef4c755f","FullyQualifiedName":"TestProject.Glasac1FunkcionalnostTest.TestiranjeValidnostiZnakovaPrezimena2","DisplayName":"TestiranjeValidnostiZnakovaPrezimena2 (Ha)","ExecutorUri":"executor://MSTestAdapter/v2","Source":"C:\\Users\\Almina\\Desktop\\VVS_zadaca1\\TestProject\\bin\\Debug\\net5.0\\fine-code-coverage\\build-output\\TestProject.dll","CodeFilePath":null,"LineNumber":-1,"Properties":[{"Key":{"Id":"TestCase.ManagedType","Label":"ManagedType","Category":"","Description":"","Attributes":1,"ValueType":"System.String"},"Value":"TestProject.Glasac1FunkcionalnostTest"},{"Key":{"Id":"TestCase.ManagedMethod","Label":"ManagedMethod","Category":"","Description":"","Attributes":1,"ValueType":"System.String"},"Value":"TestiranjeValidnostiZnakovaPrezimena2(System.String)"},{"Key":{"Id":"MSTestDiscoverer.TestClassName","Label":"ClassName","Category":"","Description":"","Attributes":1,"ValueType":"System.String"},"Value":"TestProject.Glasac1FunkcionalnostTest"},{"Key":{"Id":"TestCase.Hierarchy","Label":"Hierarchy","Category":"","Description":"","Attributes":2,"ValueType":"System.String[]"},"Value":["TestProject","Glasac1FunkcionalnostTest"]},{"Key":{"Id":"TestObject.Traits","Label":"Traits","Category":"","Description":"","Attributes":5,"ValueType":"System.Collections.Generic.KeyValuePair`2[[System.String],[System.String]][]"},"Value":[]},{"Key":{"Id":"MSTest.DynamicDataType","Label":"DynamicDataType","Category":"","Description":"","Attributes":1,"ValueType":"System.Int32"},"Value":2},{"Key":{"Id":"MSTest.DynamicData","Label":"DynamicData","Category":"","Description":"","Attributes":1,"ValueType":"System.String[]"},"Value":["System.String, System.Private.CoreLib, Version=5.0.0.0, Culture=neutral, PublicKeyToken=7cec85d7bea7798e","\"Ha\""]}]},"Attachments":[],"Outcome":1,"ErrorMessage":null,"ErrorStackTrace":null,"DisplayName":"TestiranjeValidnostiZnakovaPrezimena2 (Ha)","Messages":[],"ComputerName":null,"Duration":"00:00:00.0004339","StartTime":"2022-12-04T00:19:28.8158377+01:00","EndTime":"2022-12-04T00:19:28.8166321+01:00","Properties":[{"Key":{"Id":"ExecutionId","Label":"ExecutionId","Category":"","Description":"","Attributes":1,"ValueType":"System.Guid"},"Value":"00000000-0000-0000-0000-000000000000"},{"Key":{"Id":"ParentExecId","Label":"ParentExecId","Category":"","Description":"","Attributes":1,"ValueType":"System.Guid"},"Value":"00000000-0000-0000-0000-000000000000"},{"Key":{"Id":"InnerResultsCount","Label":"InnerResultsCount","Category":"","Description":"","Attributes":1,"ValueType":"System.Int32"},"Value":0}]},{"TestCase":{"Id":"1c928d0e-f194-8218-9221-355d36f3fe0e","FullyQualifiedName":"TestProject.Glasac1FunkcionalnostTest.TestiranjeValidnostiZnakovaPrezimena2","DisplayName":"TestiranjeValidnostiZnakovaPrezimena2 (ovajobjekatimaprekopedesetzarakterazaprezimeglasaaatonijedozvoljenozatotrebadabaciizuzetaksvudagdjesetoprobauraditi.bacitceseizuzetak)","ExecutorUri":"executor://MSTestAdapter/v2","Source":"C:\\Users\\Almina\\Desktop\\VVS_zadaca1\\TestProject\\bin\\Debug\\net5.0\\fine-code-coverage\\build-output\\TestProject.dll","CodeFilePath":null,"LineNumber":-1,"Properties":[{"Key":{"Id":"TestCase.ManagedType","Label":"ManagedType","Category":"","Description":"","Attributes":1,"ValueType":"System.String"},"Value":"TestProject.Glasac1FunkcionalnostTest"},{"Key":{"Id":"TestCase.ManagedMethod","Label":"ManagedMethod","Category":"","Description":"","Attributes":1,"ValueType":"System.String"},"Value":"TestiranjeValidnostiZnakovaPrezimena2(System.String)"},{"Key":{"Id":"MSTestDiscoverer.TestClassName","Label":"ClassName","Category":"","Description":"","Attributes":1,"ValueType":"System.String"},"Value":"TestProject.Glasac1FunkcionalnostTest"},{"Key":{"Id":"TestCase.Hierarchy","Label":"Hierarchy","Category":"","Description":"","Attributes":2,"ValueType":"System.String[]"},"Value":["TestProject","Glasac1FunkcionalnostTest"]},{"Key":{"Id":"TestObject.Traits","Label":"Traits","Category":"","Description":"","Attributes":5,"ValueType":"System.Collections.Generic.KeyValuePair`2[[System.String],[System.String]][]"},"Value":[]},{"Key":{"Id":"MSTest.DynamicDataType","Label":"DynamicDataType","Category":"","Description":"","Attributes":1,"ValueType":"System.Int32"},"Value":2},{"Key":{"Id":"MSTest.DynamicData","Label":"DynamicData","Category":"","Description":"","Attributes":1,"ValueType":"System.String[]"},"Value":["System.String, System.Private.CoreLib, Version=5.0.0.0, Culture=neutral, PublicKeyToken=7cec85d7bea7798e","\"ovajobjekatimaprekopedesetzarakterazaprezimeglasaaatonijedozvoljenozatotrebadabaciizuzetaksvudagdjesetoprobauraditi.bacitceseizuzetak\""]}]},"Attachments":[],"Outcome":1,"ErrorMessage":null,"ErrorStackTrace":null,"DisplayName":"TestiranjeValidnostiZnakovaPrezimena2 (ovajobjekatimaprekopedesetzarakterazaprezimeglasaaatonijedozvoljenozatotrebadabaciizuzetaksvudagdjesetoprobauraditi.bacitceseizuzetak)","Messages":[],"ComputerName":null,"Duration":"00:00:00.0005074","StartTime":"2022-12-04T00:19:28.8243685+01:00","EndTime":"2022-12-04T00:19:28.8252134+01:00","Properties":[{"Key":{"Id":"ExecutionId","Label":"ExecutionId","Category":"","Description":"","Attributes":1,"ValueType":"System.Guid"},"Value":"00000000-0000-0000-0000-000000000000"},{"Key":{"Id":"ParentExecId","Label":"ParentExecId","Category":"","Description":"","Attributes":1,"ValueType":"System.Guid"},"Value":"00000000-0000-0000-0000-000000000000"},{"Key":{"Id":"InnerResultsCount","Label":"InnerResultsCount","Category":"","Description":"","Attributes":1,"ValueType":"System.Int32"},"Value":0}]},{"TestCase":{"Id":"5a2716f6-2850-14ae-68ca-ee9415e2b642","FullyQualifiedName":"TestProject.Glasac1FunkcionalnostTest.TestiranjeValidnostiZnakovaPrezimena2","DisplayName":"TestiranjeValidnostiZnakovaPrezimena2 ()","ExecutorUri":"executor://MSTestAdapter/v2","Source":"C:\\Users\\Almina\\Desktop\\VVS_zadaca1\\TestProject\\bin\\Debug\\net5.0\\fine-code-coverage\\build-output\\TestProject.dll","CodeFilePath":null,"LineNumber":-1,"Properties":[{"Key":{"Id":"TestCase.ManagedType","Label":"ManagedType","Category":"","Description":"","Attributes":1,"ValueType":"System.String"},"Value":"TestProject.Glasac1FunkcionalnostTest"},{"Key":{"Id":"TestCase.ManagedMethod","Label":"ManagedMethod","Category":"","Description":"","Attributes":1,"ValueType":"System.String"},"Value":"TestiranjeValidnostiZnakovaPrezimena2(System.String)"},{"Key":{"Id":"MSTestDiscoverer.TestClassName","Label":"ClassName","Category":"","Description":"","Attributes":1,"ValueType":"System.String"},"Value":"TestProject.Glasac1FunkcionalnostTest"},{"Key":{"Id":"TestCase.Hierarchy","Label":"Hierarchy","Category":"","Description":"","Attributes":2,"ValueType":"System.String[]"},"Value":["TestProject","Glasac1FunkcionalnostTest"]},{"Key":{"Id":"TestObject.Traits","Label":"Traits","Category":"","Description":"","Attributes":5,"ValueType":"System.Collections.Generic.KeyValuePair`2[[System.String],[System.String]][]"},"Value":[]},{"Key":{"Id":"MSTest.DynamicDataType","Label":"DynamicDataType","Category":"","Description":"","Attributes":1,"ValueType":"System.Int32"},"Value":2},{"Key":{"Id":"MSTest.DynamicData","Label":"DynamicData","Category":"","Description":"","Attributes":1,"ValueType":"System.String[]"},"Value":["System.String, System.Private.CoreLib, Version=5.0.0.0, Culture=neutral, PublicKeyToken=7cec85d7bea7798e","\"\""]}]},"Attachments":[],"Outcome":1,"ErrorMessage":null,"ErrorStackTrace":null,"DisplayName":"TestiranjeValidnostiZnakovaPrezimena2 ()","Messages":[],"ComputerName":null,"Duration":"00:00:00.0004310","StartTime":"2022-12-04T00:19:28.8291928+01:00","EndTime":"2022-12-04T00:19:28.829973+01:00","Properties":[{"Key":{"Id":"ExecutionId","Label":"ExecutionId","Category":"","Description":"","Attributes":1,"ValueType":"System.Guid"},"Value":"00000000-0000-0000-0000-000000000000"},{"Key":{"Id":"ParentExecId","Label":"ParentExecId","Category":"","Description":"","Attributes":1,"ValueType":"System.Guid"},"Value":"00000000-0000-0000-0000-000000000000"},{"Key":{"Id":"InnerResultsCount","Label":"InnerResultsCount","Category":"","Description":"","Attributes":1,"ValueType":"System.Int32"},"Value":0}]},{"TestCase":{"Id":"0bbfaee3-be49-fbba-0d07-fd09ca8c9e1c","FullyQualifiedName":"TestProject.Glasac1FunkcionalnostTest.TestiranjeValidnostiAdrese","DisplayName":"TestiranjeValidnostiAdrese","ExecutorUri":"executor://MSTestAdapter/v2","Source":"C:\\Users\\Almina\\Desktop\\VVS_zadaca1\\TestProject\\bin\\Debug\\net5.0\\fine-code-coverage\\build-output\\TestProject.dll","CodeFilePath":null,"LineNumber":-1,"Properties":[{"Key":{"Id":"TestCase.ManagedType","Label":"ManagedType","Category":"","Description":"","Attributes":1,"ValueType":"System.String"},"Value":"TestProject.Glasac1FunkcionalnostTest"},{"Key":{"Id":"TestCase.ManagedMethod","Label":"ManagedMethod","Category":"","Description":"","Attributes":1,"ValueType":"System.String"},"Value":"TestiranjeValidnostiAdrese"},{"Key":{"Id":"MSTestDiscoverer.TestClassName","Label":"ClassName","Category":"","Description":"","Attributes":1,"ValueType":"System.String"},"Value":"TestProject.Glasac1FunkcionalnostTest"},{"Key":{"Id":"TestCase.Hierarchy","Label":"Hierarchy","Category":"","Description":"","Attributes":2,"ValueType":"System.String[]"},"Value":["TestProject","Glasac1FunkcionalnostTest"]},{"Key":{"Id":"TestObject.Traits","Label":"Traits","Category":"","Description":"","Attributes":5,"ValueType":"System.Collections.Generic.KeyValuePair`2[[System.String],[System.String]][]"},"Value":[]}]},"Attachments":[],"Outcome":1,"ErrorMessage":null,"ErrorStackTrace":null,"DisplayName":"TestiranjeValidnostiAdrese","Messages":[],"ComputerName":null,"Duration":"00:00:00.0006372","StartTime":"2022-12-04T00:19:28.8340249+01:00","EndTime":"2022-12-04T00:19:28.8351565+01:00","Properties":[{"Key":{"Id":"ExecutionId","Label":"ExecutionId","Category":"","Description":"","Attributes":1,"ValueType":"System.Guid"},"Value":"00000000-0000-0000-0000-000000000000"},{"Key":{"Id":"ParentExecId","Label":"ParentExecId","Category":"","Description":"","Attributes":1,"ValueType":"System.Guid"},"Value":"00000000-0000-0000-0000-000000000000"},{"Key":{"Id":"InnerResultsCount","Label":"InnerResultsCount","Category":"","Description":"","Attributes":1,"ValueType":"System.Int32"},"Value":0}]},{"TestCase":{"Id":"4b6ac864-af99-d45b-5aff-6a7724b9c29e","FullyQualifiedName":"TestProject.UnitTest1.TestMethod1","DisplayName":"TestMethod1","ExecutorUri":"executor://MSTestAdapter/v2","Source":"C:\\Users\\Almina\\Desktop\\VVS_zadaca1\\TestProject\\bin\\Debug\\net5.0\\fine-code-coverage\\build-output\\TestProject.dll","CodeFilePath":null,"LineNumber":-1,"Properties":[{"Key":{"Id":"TestCase.ManagedType","Label":"ManagedType","Category":"","Description":"","Attributes":1,"ValueType":"System.String"},"Value":"TestProject.UnitTest1"},{"Key":{"Id":"TestCase.ManagedMethod","Label":"ManagedMethod","Category":"","Description":"","Attributes":1,"ValueType":"System.String"},"Value":"TestMethod1"},{"Key":{"Id":"MSTestDiscoverer.TestClassName","Label":"ClassName","Category":"","Description":"","Attributes":1,"ValueType":"System.String"},"Value":"TestProject.UnitTest1"},{"Key":{"Id":"TestCase.Hierarchy","Label":"Hierarchy","Category":"","Description":"","Attributes":2,"ValueType":"System.String[]"},"Value":["TestProject","UnitTest1"]},{"Key":{"Id":"TestObject.Traits","Label":"Traits","Category":"","Description":"","Attributes":5,"ValueType":"System.Collections.Generic.KeyValuePair`2[[System.String],[System.String]][]"},"Value":[]}]},"Attachments":[],"Outcome":1,"ErrorMessage":null,"ErrorStackTrace":null,"DisplayName":"TestMethod1","Messages":[],"ComputerName":null,"Duration":"00:00:00.0002065","StartTime":"2022-12-04T00:19:28.8387324+01:00","EndTime":"2022-12-04T00:19:28.8393266+01:00","Properties":[{"Key":{"Id":"ExecutionId","Label":"ExecutionId","Category":"","Description":"","Attributes":1,"ValueType":"System.Guid"},"Value":"00000000-0000-0000-0000-000000000000"},{"Key":{"Id":"ParentExecId","Label":"ParentExecId","Category":"","Description":"","Attributes":1,"ValueType":"System.Guid"},"Value":"00000000-0000-0000-0000-000000000000"},{"Key":{"Id":"InnerResultsCount","Label":"InnerResultsCount","Category":"","Description":"","Attributes":1,"ValueType":"System.Int32"},"Value":0}]}],"TestRunStatistics":{"ExecutedTests":18,"Stats":{"Passed":18}},"ActiveTests":[]},"RunAttachments":[],"ExecutorUris":["executor://mstestadapter/v2"]}}
TpTrace Verbose: 0 : 6244, 10, 2022/12/04, 00:19:28.871, 1152916964433, vstest.console.dll, TestRequestSender.EndSession: Sending end session.
TpTrace Verbose: 0 : 6244, 10, 2022/12/04, 00:19:28.871, 1152916966353, vstest.console.dll, ProxyOperationManager.Close: waiting for test host to exit for 100 ms
TpTrace Warning: 0 : 6244, 11, 2022/12/04, 00:19:28.892, 1152917179533, vstest.console.dll, TestHostManagerCallbacks.ErrorReceivedCallback Test host standard error line: 
TpTrace Verbose: 0 : 6244, 11, 2022/12/04, 00:19:28.898, 1152917238926, vstest.console.dll, TestHostProvider.ExitCallBack: Host exited starting callback.
TpTrace Information: 0 : 6244, 11, 2022/12/04, 00:19:28.898, 1152917241254, vstest.console.dll, TestHostManagerCallbacks.ExitCallBack: Testhost processId: 12580 exited with exitcode: 0 error: ''
TpTrace Verbose: 0 : 6244, 11, 2022/12/04, 00:19:28.898, 1152917241824, vstest.console.dll, DotnetTestHostManager.OnHostExited: invoking OnHostExited callback
TpTrace Verbose: 0 : 6244, 11, 2022/12/04, 00:19:28.899, 1152917242493, vstest.console.dll, CrossPlatEngine.TestHostManagerHostExited: calling on client process exit callback.
TpTrace Information: 0 : 6244, 11, 2022/12/04, 00:19:28.899, 1152917243130, vstest.console.dll, TestRequestSender.OnClientProcessExit: Test host process exited. Standard error: 
TpTrace Information: 0 : 6244, 11, 2022/12/04, 00:19:28.899, 1152917243638, vstest.console.dll, SocketServer.Stop: Stop server endPoint: 127.0.0.1:56414
TpTrace Information: 0 : 6244, 11, 2022/12/04, 00:19:28.899, 1152917244057, vstest.console.dll, SocketServer.Stop: Cancellation requested. Stopping message loop.
TpTrace Information: 0 : 6244, 10, 2022/12/04, 00:19:28.899, 1152917244429, vstest.console.dll, SocketServer.Stop: Stop server endPoint: 127.0.0.1:56414
TpTrace Information: 0 : 6244, 10, 2022/12/04, 00:19:28.899, 1152917245023, vstest.console.dll, SocketServer.Stop: Cancellation requested. Stopping message loop.
TpTrace Verbose: 0 : 6244, 11, 2022/12/04, 00:19:28.899, 1152917245395, vstest.console.dll, MulticastDelegateUtilities.SafeInvoke: HostProviderEvents.OnHostExited: Invoking callback 1/1 for Microsoft.VisualStudio.TestPlatform.CrossPlatEngine.Client.ProxyOperationManager., took 0 ms.
TpTrace Information: 0 : 6244, 10, 2022/12/04, 00:19:28.899, 1152917245624, vstest.console.dll, Closing the connection
TpTrace Verbose: 0 : 6244, 10, 2022/12/04, 00:19:28.899, 1152917248424, vstest.console.dll, ProxyDataCollectionManager.InvokeDataCollectionServiceAction: Starting.
TpTrace Information: 0 : 6244, 10, 2022/12/04, 00:19:28.899, 1152917248938, vstest.console.dll, ProxyDataCollectionManager.AfterTestRunEnd: Get attachment set and invoked data collectors processId: 14196 port: 56411
TpTrace Verbose: 0 : 6244, 10, 2022/12/04, 00:19:28.899, 1152917249591, vstest.console.dll, DataCollectionRequestSender.SendAfterTestRunStartAndGetResult: Send AfterTestRunEnd message with isCancelled: False
TpTrace Verbose: 0 : 6244, 10, 2022/12/04, 00:19:28.909, 1152917343546, vstest.console.dll, DataCollectionRequestSender.SendAfterTestRunStartAndGetResult: Received message: (DataCollection.AfterTestRunEndResult) -> {"MessageType":"DataCollection.AfterTestRunEndResult","Payload":{"AttachmentSets":[],"InvokedDataCollectors":[{"Uri":"datacollector://Microsoft/TestPlatform/Extensions/Blame/v1","FriendlyName":"Blame","AssemblyQualifiedName":"Microsoft.TestPlatform.Extensions.BlameDataCollector.BlameCollector, Microsoft.TestPlatform.Extensions.BlameDataCollector, Version=15.0.0.0, Culture=neutral, PublicKeyToken=b03f5f7f11d50a3a","FilePath":"C:\\Program Files\\dotnet\\sdk\\7.0.100\\Extensions\\Microsoft.TestPlatform.Extensions.BlameDataCollector.dll","HasAttachmentProcessor":false}],"Metrics":{}}}
TpTrace Warning: 0 : 6244, 9, 2022/12/04, 00:19:28.914, 1152917396164, vstest.console.dll, DataCollectionLauncher.ErrorReceivedCallback datacollector standard error line: 
TpTrace Information: 0 : 6244, 10, 2022/12/04, 00:19:28.915, 1152917410225, vstest.console.dll, ProxyDataCollectionManager.InvokeDataCollectionServiceAction: Completed.
TpTrace Information: 0 : 6244, 9, 2022/12/04, 00:19:28.922, 1152917479893, vstest.console.dll, DataCollectionLauncher.ExitCallBack: Data collector exited with exitcode: 0 error: ''
TpTrace Verbose: 0 : 6244, 10, 2022/12/04, 00:19:28.974, 1152917998133, vstest.console.dll, TestRunRequest:SendTestRunStatsChange: Starting.
TpTrace Verbose: 0 : 6244, 10, 2022/12/04, 00:19:28.974, 1152918000089, vstest.console.dll, MulticastDelegateUtilities.SafeInvoke: TestRun.RunStatsChanged: Invoking callbacks was skipped because there are no subscribers.
TpTrace Information: 0 : 6244, 10, 2022/12/04, 00:19:28.974, 1152918000553, vstest.console.dll, TestRunRequest:SendTestRunStatsChange: Completed.
TpTrace Verbose: 0 : 6244, 4, 2022/12/04, 00:19:28.974, 1152918000767, vstest.console.dll, MulticastDelegateUtilities.SafeInvoke: InternalTestLoggerEvents.SendTestResult: Invoking callback 1/1 for Microsoft.VisualStudio.TestPlatform.CommandLine.Internal.ConsoleLogger., took 0 ms.
TpTrace Verbose: 0 : 6244, 4, 2022/12/04, 00:19:28.974, 1152918001673, vstest.console.dll, MulticastDelegateUtilities.SafeInvoke: InternalTestLoggerEvents.SendTestResult: Invoking callback 1/1 for Microsoft.VisualStudio.TestPlatform.CommandLine.Internal.ConsoleLogger., took 0 ms.
TpTrace Verbose: 0 : 6244, 4, 2022/12/04, 00:19:28.975, 1152918002337, vstest.console.dll, MulticastDelegateUtilities.SafeInvoke: InternalTestLoggerEvents.SendTestResult: Invoking callback 1/1 for Microsoft.VisualStudio.TestPlatform.CommandLine.Internal.ConsoleLogger., took 0 ms.
TpTrace Verbose: 0 : 6244, 4, 2022/12/04, 00:19:28.975, 1152918003025, vstest.console.dll, MulticastDelegateUtilities.SafeInvoke: InternalTestLoggerEvents.SendTestResult: Invoking callback 1/1 for Microsoft.VisualStudio.TestPlatform.CommandLine.Internal.ConsoleLogger., took 0 ms.
TpTrace Verbose: 0 : 6244, 4, 2022/12/04, 00:19:28.975, 1152918003658, vstest.console.dll, MulticastDelegateUtilities.SafeInvoke: InternalTestLoggerEvents.SendTestResult: Invoking callback 1/1 for Microsoft.VisualStudio.TestPlatform.CommandLine.Internal.ConsoleLogger., took 0 ms.
TpTrace Verbose: 0 : 6244, 4, 2022/12/04, 00:19:28.975, 1152918004372, vstest.console.dll, MulticastDelegateUtilities.SafeInvoke: InternalTestLoggerEvents.SendTestResult: Invoking callback 1/1 for Microsoft.VisualStudio.TestPlatform.CommandLine.Internal.ConsoleLogger., took 0 ms.
TpTrace Verbose: 0 : 6244, 4, 2022/12/04, 00:19:28.975, 1152918005078, vstest.console.dll, MulticastDelegateUtilities.SafeInvoke: InternalTestLoggerEvents.SendTestResult: Invoking callback 1/1 for Microsoft.VisualStudio.TestPlatform.CommandLine.Internal.ConsoleLogger., took 0 ms.
TpTrace Verbose: 0 : 6244, 4, 2022/12/04, 00:19:28.975, 1152918005730, vstest.console.dll, MulticastDelegateUtilities.SafeInvoke: InternalTestLoggerEvents.SendTestResult: Invoking callback 1/1 for Microsoft.VisualStudio.TestPlatform.CommandLine.Internal.ConsoleLogger., took 0 ms.
TpTrace Verbose: 0 : 6244, 4, 2022/12/04, 00:19:28.975, 1152918006342, vstest.console.dll, MulticastDelegateUtilities.SafeInvoke: InternalTestLoggerEvents.SendTestResult: Invoking callback 1/1 for Microsoft.VisualStudio.TestPlatform.CommandLine.Internal.ConsoleLogger., took 0 ms.
TpTrace Verbose: 0 : 6244, 10, 2022/12/04, 00:19:28.975, 1152918007109, vstest.console.dll, ParallelProxyExecutionManager: HandlePartialRunComplete: Total completed clients = 1, Run complete = True, Run canceled: False.
TpTrace Verbose: 0 : 6244, 4, 2022/12/04, 00:19:28.987, 1152918129197, vstest.console.dll, MulticastDelegateUtilities.SafeInvoke: InternalTestLoggerEvents.SendTestRunComplete: Invoking callback 1/2 for Microsoft.TestPlatform.Extensions.BlameDataCollector.BlameLogger., took 0 ms.
TpTrace Verbose: 0 : 6244, 4, 2022/12/04, 00:19:28.994, 1152918195801, vstest.console.dll, MulticastDelegateUtilities.SafeInvoke: InternalTestLoggerEvents.SendTestRunComplete: Invoking callback 2/2 for Microsoft.VisualStudio.TestPlatform.CommandLine.Internal.ConsoleLogger., took 6 ms.
TpTrace Verbose: 0 : 6244, 10, 2022/12/04, 00:19:28.994, 1152918199811, vstest.console.dll, TestRunRequest:TestRunComplete: Starting. IsAborted:False IsCanceled:False.
TpTrace Verbose: 0 : 6244, 10, 2022/12/04, 00:19:28.996, 1152918214520, vstest.console.dll, TestLoggerManager.HandleTestRunComplete: Ignoring as the object is disposed.
TpTrace Verbose: 0 : 6244, 10, 2022/12/04, 00:19:28.996, 1152918217765, vstest.console.dll, MulticastDelegateUtilities.SafeInvoke: TestRun.TestRunComplete: Invoking callback 1/2 for Microsoft.VisualStudio.TestPlatform.CommandLine.TestRunResultAggregator., took 0 ms.
TpTrace Verbose: 0 : 6244, 10, 2022/12/04, 00:19:28.996, 1152918219416, vstest.console.dll, MulticastDelegateUtilities.SafeInvoke: TestRun.TestRunComplete: Invoking callback 2/2 for Microsoft.VisualStudio.TestPlatform.CommandLine.Processors.RunTestsArgumentExecutor+TestRunRequestEventsRegistrar., took 0 ms.
TpTrace Information: 0 : 6244, 10, 2022/12/04, 00:19:28.996, 1152918220628, vstest.console.dll, TestRunRequest:TestRunComplete: Completed.
TpTrace Verbose: 0 : 6244, 10, 2022/12/04, 00:19:28.996, 1152918221206, vstest.console.dll, TestRequestSender.SetOperationComplete: Setting operation complete.
TpTrace Verbose: 0 : 6244, 1, 2022/12/04, 00:19:28.996, 1152918221285, vstest.console.dll, TestRunRequest.Dispose: Starting.
TpTrace Information: 0 : 6244, 10, 2022/12/04, 00:19:28.996, 1152918221652, vstest.console.dll, SocketServer.Stop: Stop server endPoint: 127.0.0.1:56414
TpTrace Information: 0 : 6244, 1, 2022/12/04, 00:19:28.997, 1152918222309, vstest.console.dll, TestRunRequest.Dispose: Completed.
TpTrace Information: 0 : 6244, 1, 2022/12/04, 00:19:28.997, 1152918222953, vstest.console.dll, TestRequestManager.RunTests: run tests completed.
TpTrace Information: 0 : 6244, 10, 2022/12/04, 00:19:28.997, 1152918223040, vstest.console.dll, SocketServer.Stop: Cancellation requested. Stopping message loop.
TpTrace Verbose: 0 : 6244, 10, 2022/12/04, 00:19:28.997, 1152918224088, vstest.console.dll, MulticastDelegateUtilities.SafeInvoke: LengthPrefixCommunicationChannel: MessageReceived: Invoking callback 1/1 for Microsoft.VisualStudio.TestPlatform.CommunicationUtilities.TestRequestSender+<>c__DisplayClass31_0., took 126 ms.
TpTrace Information: 0 : 6244, 1, 2022/12/04, 00:19:28.997, 1152918224348, vstest.console.dll, RunTestsArgumentProcessor:Execute: Test run is completed.
TpTrace Information: 0 : 6244, 10, 2022/12/04, 00:19:28.997, 1152918226180, vstest.console.dll, SocketServer.PrivateStop: Stopping server endPoint: 127.0.0.1:56414 error: 
TpTrace Verbose: 0 : 6244, 1, 2022/12/04, 00:19:28.997, 1152918227501, vstest.console.dll, Executor.Execute: Exiting with exit code of 0
TpTrace Verbose: 0 : 6244, 10, 2022/12/04, 00:19:28.997, 1152918231264, vstest.console.dll, LengthPrefixCommunicationChannel.Dispose: Dispose reader and writer.
TpTrace Information: 0 : 6244, 10, 2022/12/04, 00:19:28.998, 1152918232102, vstest.console.dll, SocketServer.Stop: Raise disconnected event endPoint: 127.0.0.1:56414 error: 
