<?xml version="1.0" encoding="utf-8"?>
<coverage line-rate="0.4747" branch-rate="0.43439999999999995" version="1.9" timestamp="1670150110" lines-covered="310" lines-valid="653" branches-covered="106" branches-valid="244">
  <sources>
    <source>C:\Users\Almina\</source>
  </sources>
  <packages>
    <package name="TestProject" line-rate="0.9431" branch-rate="0.8125" complexity="31">
      <classes>
        <class name="AutoGeneratedProgram" filename=".nuget\packages\microsoft.net.test.sdk\17.3.2\build\netcoreapp2.1\Microsoft.NET.Test.Sdk.Program.cs" line-rate="0" branch-rate="1" complexity="1">
          <methods>
            <method name="Main" signature="(System.String[])" line-rate="0" branch-rate="1" complexity="1">
              <lines>
                <line number="4" hits="0" branch="False" />
              </lines>
            </method>
          </methods>
          <lines>
            <line number="4" hits="0" branch="False" />
          </lines>
        </class>
        <class name="TestProject.Glasac1FunkcionalnostTest" filename="Desktop\VVS_zadaca1\TestProject\Glasac1FunkcinalnostTest.cs" line-rate="0.9328" branch-rate="0.25" complexity="15">
          <methods>
            <method name="get_podaciZaTestiranjeImenaGlasaca" signature="()" line-rate="1" branch-rate="1" complexity="1">
              <lines>
                <line number="24" hits="1" branch="False" />
                <line number="25" hits="1" branch="False" />
                <line number="26" hits="1" branch="False" />
                <line number="27" hits="1" branch="False" />
                <line number="28" hits="1" branch="False" />
                <line number="29" hits="1" branch="False" />
                <line number="30" hits="1" branch="False" />
                <line number="31" hits="1" branch="False" />
                <line number="32" hits="1" branch="False" />
                <line number="33" hits="1" branch="False" />
                <line number="34" hits="1" branch="False" />
                <line number="35" hits="1" branch="False" />
                <line number="36" hits="1" branch="False" />
                <line number="37" hits="1" branch="False" />
                <line number="38" hits="1" branch="False" />
                <line number="39" hits="1" branch="False" />
                <line number="40" hits="1" branch="False" />
                <line number="41" hits="1" branch="False" />
                <line number="42" hits="1" branch="False" />
                <line number="43" hits="1" branch="False" />
                <line number="44" hits="1" branch="False" />
                <line number="45" hits="1" branch="False" />
                <line number="46" hits="1" branch="False" />
                <line number="47" hits="1" branch="False" />
                <line number="48" hits="1" branch="False" />
                <line number="49" hits="1" branch="False" />
                <line number="50" hits="1" branch="False" />
                <line number="51" hits="1" branch="False" />
                <line number="52" hits="1" branch="False" />
                <line number="53" hits="1" branch="False" />
                <line number="54" hits="1" branch="False" />
                <line number="55" hits="1" branch="False" />
                <line number="56" hits="1" branch="False" />
              </lines>
            </method>
            <method name="get_podaciZaTestiranjePrezimenaGlasaca" signature="()" line-rate="1" branch-rate="1" complexity="1">
              <lines>
                <line number="62" hits="1" branch="False" />
                <line number="63" hits="1" branch="False" />
                <line number="64" hits="1" branch="False" />
                <line number="65" hits="1" branch="False" />
                <line number="66" hits="1" branch="False" />
                <line number="67" hits="1" branch="False" />
                <line number="68" hits="1" branch="False" />
                <line number="69" hits="1" branch="False" />
                <line number="70" hits="1" branch="False" />
                <line number="71" hits="1" branch="False" />
                <line number="72" hits="1" branch="False" />
                <line number="73" hits="1" branch="False" />
                <line number="74" hits="1" branch="False" />
                <line number="75" hits="1" branch="False" />
                <line number="76" hits="1" branch="False" />
                <line number="77" hits="1" branch="False" />
                <line number="78" hits="1" branch="False" />
                <line number="79" hits="1" branch="False" />
                <line number="80" hits="1" branch="False" />
                <line number="81" hits="1" branch="False" />
                <line number="82" hits="1" branch="False" />
                <line number="83" hits="1" branch="False" />
                <line number="84" hits="1" branch="False" />
                <line number="85" hits="1" branch="False" />
                <line number="86" hits="1" branch="False" />
                <line number="87" hits="1" branch="False" />
                <line number="88" hits="1" branch="False" />
                <line number="89" hits="1" branch="False" />
                <line number="90" hits="1" branch="False" />
                <line number="91" hits="1" branch="False" />
                <line number="92" hits="1" branch="False" />
                <line number="93" hits="1" branch="False" />
                <line number="94" hits="1" branch="False" />
              </lines>
            </method>
            <method name="get_podaciZaTestiranjeMaticnogBroja" signature="()" line-rate="1" branch-rate="1" complexity="1">
              <lines>
                <line number="100" hits="1" branch="False" />
                <line number="101" hits="1" branch="False" />
                <line number="102" hits="1" branch="False" />
              </lines>
            </method>
            <method name="get_podaciZaTestiranjeDatumaRodjenja" signature="()" line-rate="1" branch-rate="1" complexity="1">
              <lines>
                <line number="108" hits="1" branch="False" />
                <line number="109" hits="1" branch="False" />
                <line number="110" hits="1" branch="False" />
              </lines>
            </method>
            <method name="get_podaciZaTestiranjeBrojaLicneKarte" signature="()" line-rate="1" branch-rate="1" complexity="1">
              <lines>
                <line number="116" hits="1" branch="False" />
                <line number="117" hits="1" branch="False" />
                <line number="118" hits="1" branch="False" />
              </lines>
            </method>
            <method name="TestiranjeValidnostiZnakovaImena1" signature="()" line-rate="1" branch-rate="1" complexity="1">
              <lines>
                <line number="124" hits="1" branch="False" />
                <line number="125" hits="1" branch="False" />
                <line number="126" hits="1" branch="False" />
                <line number="127" hits="1" branch="False" />
                <line number="128" hits="1" branch="False" />
                <line number="129" hits="1" branch="False" />
                <line number="132" hits="1" branch="False" />
                <line number="133" hits="1" branch="False" />
                <line number="135" hits="1" branch="False" />
                <line number="136" hits="1" branch="False" />
                <line number="138" hits="2" branch="False" />
                <line number="141" hits="1" branch="False" />
              </lines>
            </method>
            <method name="TestiranjeValidnostiZnakovaImena2" signature="(System.String)" line-rate="0.6666" branch-rate="1" complexity="1">
              <lines>
                <line number="148" hits="7" branch="False" />
                <line number="150" hits="7" branch="False" />
                <line number="151" hits="0" branch="False" />
              </lines>
            </method>
            <method name="TestiranjeValidnostiZnakovaPrezimena1" signature="()" line-rate="1" branch-rate="1" complexity="1">
              <lines>
                <line number="159" hits="1" branch="False" />
                <line number="160" hits="1" branch="False" />
                <line number="161" hits="1" branch="False" />
                <line number="162" hits="1" branch="False" />
                <line number="163" hits="1" branch="False" />
                <line number="164" hits="1" branch="False" />
                <line number="166" hits="1" branch="False" />
                <line number="167" hits="1" branch="False" />
                <line number="169" hits="1" branch="False" />
                <line number="170" hits="1" branch="False" />
                <line number="172" hits="2" branch="False" />
                <line number="173" hits="1" branch="False" />
              </lines>
            </method>
            <method name="TestiranjeValidnostiZnakovaPrezimena2" signature="(System.String)" line-rate="0.6666" branch-rate="1" complexity="1">
              <lines>
                <line number="180" hits="7" branch="False" />
                <line number="182" hits="7" branch="False" />
                <line number="183" hits="0" branch="False" />
              </lines>
            </method>
            <method name="TestiranjeValidnostiAdrese" signature="()" line-rate="0.8887999999999999" branch-rate="0.5" complexity="2">
              <lines>
                <line number="187" hits="1" branch="False" />
                <line number="188" hits="1" branch="False" />
                <line number="189" hits="1" branch="False" />
                <line number="190" hits="1" branch="False" />
                <line number="192" hits="1" branch="False" />
                <line number="193" hits="1" branch="False" />
                <line number="195" hits="1" branch="False" />
                <line number="197" hits="1" branch="False" />
                <line number="199" hits="1" branch="False" />
                <line number="200" hits="0" branch="False" />
                <line number="201" hits="1" branch="False" />
                <line number="202" hits="1" branch="False" />
                <line number="203" hits="1" branch="False" />
                <line number="204" hits="1" branch="False" />
                <line number="205" hits="1" branch="False" />
                <line number="207" hits="1" branch="True" condition-coverage="50% (1/2)">
                  <conditions>
                    <condition number="133" type="jump" coverage="50%" />
                  </conditions>
                </line>
                <line number="208" hits="0" branch="False" />
                <line number="209" hits="1" branch="False" />
              </lines>
            </method>
            <method name="TestiranjeMaticnogBroja" signature="(System.String,System.String,System.String,System.DateTime,System.String,System.String)" line-rate="0.6666" branch-rate="1" complexity="1">
              <lines>
                <line number="231" hits="6" branch="False" />
                <line number="232" hits="6" branch="False" />
                <line number="233" hits="0" branch="False" />
              </lines>
            </method>
            <method name="TestiranjeDatumaRodjenja" signature="(System.DateTime,System.String)" line-rate="0.4" branch-rate="0" complexity="2">
              <lines>
                <line number="254" hits="4" branch="False" />
                <line number="256" hits="4" branch="False" />
                <line number="258" hits="0" branch="True" condition-coverage="0% (0/2)">
                  <conditions>
                    <condition number="37" type="jump" coverage="0%" />
                  </conditions>
                </line>
                <line number="259" hits="0" branch="False" />
                <line number="261" hits="0" branch="False" />
              </lines>
            </method>
            <method name="TestiranjeBrojaLicneKarte" signature="(System.String,System.String,System.String,System.DateTime,System.String,System.String)" line-rate="0.6666" branch-rate="1" complexity="1">
              <lines>
                <line number="287" hits="4" branch="False" />
                <line number="288" hits="4" branch="False" />
                <line number="289" hits="0" branch="False" />
              </lines>
            </method>
          </methods>
          <lines>
            <line number="24" hits="1" branch="False" />
            <line number="25" hits="1" branch="False" />
            <line number="26" hits="1" branch="False" />
            <line number="27" hits="1" branch="False" />
            <line number="28" hits="1" branch="False" />
            <line number="29" hits="1" branch="False" />
            <line number="30" hits="1" branch="False" />
            <line number="31" hits="1" branch="False" />
            <line number="32" hits="1" branch="False" />
            <line number="33" hits="1" branch="False" />
            <line number="34" hits="1" branch="False" />
            <line number="35" hits="1" branch="False" />
            <line number="36" hits="1" branch="False" />
            <line number="37" hits="1" branch="False" />
            <line number="38" hits="1" branch="False" />
            <line number="39" hits="1" branch="False" />
            <line number="40" hits="1" branch="False" />
            <line number="41" hits="1" branch="False" />
            <line number="42" hits="1" branch="False" />
            <line number="43" hits="1" branch="False" />
            <line number="44" hits="1" branch="False" />
            <line number="45" hits="1" branch="False" />
            <line number="46" hits="1" branch="False" />
            <line number="47" hits="1" branch="False" />
            <line number="48" hits="1" branch="False" />
            <line number="49" hits="1" branch="False" />
            <line number="50" hits="1" branch="False" />
            <line number="51" hits="1" branch="False" />
            <line number="52" hits="1" branch="False" />
            <line number="53" hits="1" branch="False" />
            <line number="54" hits="1" branch="False" />
            <line number="55" hits="1" branch="False" />
            <line number="56" hits="1" branch="False" />
            <line number="62" hits="1" branch="False" />
            <line number="63" hits="1" branch="False" />
            <line number="64" hits="1" branch="False" />
            <line number="65" hits="1" branch="False" />
            <line number="66" hits="1" branch="False" />
            <line number="67" hits="1" branch="False" />
            <line number="68" hits="1" branch="False" />
            <line number="69" hits="1" branch="False" />
            <line number="70" hits="1" branch="False" />
            <line number="71" hits="1" branch="False" />
            <line number="72" hits="1" branch="False" />
            <line number="73" hits="1" branch="False" />
            <line number="74" hits="1" branch="False" />
            <line number="75" hits="1" branch="False" />
            <line number="76" hits="1" branch="False" />
            <line number="77" hits="1" branch="False" />
            <line number="78" hits="1" branch="False" />
            <line number="79" hits="1" branch="False" />
            <line number="80" hits="1" branch="False" />
            <line number="81" hits="1" branch="False" />
            <line number="82" hits="1" branch="False" />
            <line number="83" hits="1" branch="False" />
            <line number="84" hits="1" branch="False" />
            <line number="85" hits="1" branch="False" />
            <line number="86" hits="1" branch="False" />
            <line number="87" hits="1" branch="False" />
            <line number="88" hits="1" branch="False" />
            <line number="89" hits="1" branch="False" />
            <line number="90" hits="1" branch="False" />
            <line number="91" hits="1" branch="False" />
            <line number="92" hits="1" branch="False" />
            <line number="93" hits="1" branch="False" />
            <line number="94" hits="1" branch="False" />
            <line number="100" hits="1" branch="False" />
            <line number="101" hits="1" branch="False" />
            <line number="102" hits="1" branch="False" />
            <line number="108" hits="1" branch="False" />
            <line number="109" hits="1" branch="False" />
            <line number="110" hits="1" branch="False" />
            <line number="116" hits="1" branch="False" />
            <line number="117" hits="1" branch="False" />
            <line number="118" hits="1" branch="False" />
            <line number="124" hits="1" branch="False" />
            <line number="125" hits="1" branch="False" />
            <line number="126" hits="1" branch="False" />
            <line number="127" hits="1" branch="False" />
            <line number="128" hits="1" branch="False" />
            <line number="129" hits="1" branch="False" />
            <line number="132" hits="1" branch="False" />
            <line number="133" hits="1" branch="False" />
            <line number="135" hits="1" branch="False" />
            <line number="136" hits="1" branch="False" />
            <line number="138" hits="2" branch="False" />
            <line number="141" hits="1" branch="False" />
            <line number="148" hits="7" branch="False" />
            <line number="150" hits="7" branch="False" />
            <line number="151" hits="0" branch="False" />
            <line number="159" hits="1" branch="False" />
            <line number="160" hits="1" branch="False" />
            <line number="161" hits="1" branch="False" />
            <line number="162" hits="1" branch="False" />
            <line number="163" hits="1" branch="False" />
            <line number="164" hits="1" branch="False" />
            <line number="166" hits="1" branch="False" />
            <line number="167" hits="1" branch="False" />
            <line number="169" hits="1" branch="False" />
            <line number="170" hits="1" branch="False" />
            <line number="172" hits="2" branch="False" />
            <line number="173" hits="1" branch="False" />
            <line number="180" hits="7" branch="False" />
            <line number="182" hits="7" branch="False" />
            <line number="183" hits="0" branch="False" />
            <line number="187" hits="1" branch="False" />
            <line number="188" hits="1" branch="False" />
            <line number="189" hits="1" branch="False" />
            <line number="190" hits="1" branch="False" />
            <line number="192" hits="1" branch="False" />
            <line number="193" hits="1" branch="False" />
            <line number="195" hits="1" branch="False" />
            <line number="197" hits="1" branch="False" />
            <line number="199" hits="1" branch="False" />
            <line number="200" hits="0" branch="False" />
            <line number="201" hits="1" branch="False" />
            <line number="202" hits="1" branch="False" />
            <line number="203" hits="1" branch="False" />
            <line number="204" hits="1" branch="False" />
            <line number="205" hits="1" branch="False" />
            <line number="207" hits="1" branch="True" condition-coverage="50% (1/2)">
              <conditions>
                <condition number="133" type="jump" coverage="50%" />
              </conditions>
            </line>
            <line number="208" hits="0" branch="False" />
            <line number="209" hits="1" branch="False" />
            <line number="231" hits="6" branch="False" />
            <line number="232" hits="6" branch="False" />
            <line number="233" hits="0" branch="False" />
            <line number="254" hits="4" branch="False" />
            <line number="256" hits="4" branch="False" />
            <line number="258" hits="0" branch="True" condition-coverage="0% (0/2)">
              <conditions>
                <condition number="37" type="jump" coverage="0%" />
              </conditions>
            </line>
            <line number="259" hits="0" branch="False" />
            <line number="261" hits="0" branch="False" />
            <line number="287" hits="4" branch="False" />
            <line number="288" hits="4" branch="False" />
            <line number="289" hits="0" branch="False" />
          </lines>
        </class>
        <class name="TestProject.Glasac1FunkcionalnostTest/&lt;&gt;c" filename="Desktop\VVS_zadaca1\TestProject\Glasac1FunkcinalnostTest.cs" line-rate="1" branch-rate="1" complexity="2">
          <methods>
            <method name="&lt;UcitajPodatkeMaticniBrojCSV&gt;b__15_0" signature="(System.Object)" line-rate="1" branch-rate="1" complexity="1">
              <lines>
                <line number="220" hits="49" branch="False" />
              </lines>
            </method>
            <method name="&lt;UcitajPodatkeDatumRodjenjaCSV&gt;b__17_0" signature="(System.Object)" line-rate="1" branch-rate="1" complexity="1">
              <lines>
                <line number="244" hits="15" branch="False" />
              </lines>
            </method>
          </methods>
          <lines>
            <line number="220" hits="49" branch="False" />
            <line number="244" hits="15" branch="False" />
          </lines>
        </class>
        <class name="TestProject.Glasac1FunkcionalnostTest/&lt;UcitajPodatkeDatumRodjenjaCSV&gt;d__17" filename="Desktop\VVS_zadaca1\TestProject\Glasac1FunkcinalnostTest.cs" line-rate="1" branch-rate="1" complexity="4">
          <methods>
            <method name="MoveNext" signature="()" line-rate="1" branch-rate="1" complexity="4">
              <lines>
                <line number="236" hits="2" branch="False" />
                <line number="237" hits="2" branch="False" />
                <line number="238" hits="2" branch="False" />
                <line number="239" hits="2" branch="False" />
                <line number="240" hits="2" branch="False" />
                <line number="241" hits="15" branch="True" condition-coverage="100% (2/2)">
                  <conditions>
                    <condition number="402" type="jump" coverage="100%" />
                  </conditions>
                </line>
                <line number="242" hits="5" branch="False" />
                <line number="243" hits="5" branch="True" condition-coverage="100% (2/2)">
                  <conditions>
                    <condition number="168" type="jump" coverage="100%" />
                  </conditions>
                </line>
                <line number="245" hits="5" branch="False" />
                <line number="246" hits="4" branch="False" />
                <line number="247" hits="1" branch="False" />
                <line number="248" hits="1" branch="False" />
              </lines>
            </method>
          </methods>
          <lines>
            <line number="236" hits="2" branch="False" />
            <line number="237" hits="2" branch="False" />
            <line number="238" hits="2" branch="False" />
            <line number="239" hits="2" branch="False" />
            <line number="240" hits="2" branch="False" />
            <line number="241" hits="15" branch="True" condition-coverage="100% (2/2)">
              <conditions>
                <condition number="402" type="jump" coverage="100%" />
              </conditions>
            </line>
            <line number="242" hits="5" branch="False" />
            <line number="243" hits="5" branch="True" condition-coverage="100% (2/2)">
              <conditions>
                <condition number="168" type="jump" coverage="100%" />
              </conditions>
            </line>
            <line number="245" hits="5" branch="False" />
            <line number="246" hits="4" branch="False" />
            <line number="247" hits="1" branch="False" />
            <line number="248" hits="1" branch="False" />
          </lines>
        </class>
        <class name="TestProject.Glasac1FunkcionalnostTest/&lt;UcitajPodatkeMaticniBrojCSV&gt;d__15" filename="Desktop\VVS_zadaca1\TestProject\Glasac1FunkcinalnostTest.cs" line-rate="1" branch-rate="1" complexity="4">
          <methods>
            <method name="MoveNext" signature="()" line-rate="1" branch-rate="1" complexity="4">
              <lines>
                <line number="212" hits="2" branch="False" />
                <line number="213" hits="2" branch="False" />
                <line number="214" hits="2" branch="False" />
                <line number="215" hits="2" branch="False" />
                <line number="216" hits="2" branch="False" />
                <line number="217" hits="19" branch="True" condition-coverage="100% (2/2)">
                  <conditions>
                    <condition number="462" type="jump" coverage="100%" />
                  </conditions>
                </line>
                <line number="218" hits="7" branch="False" />
                <line number="219" hits="7" branch="True" condition-coverage="100% (2/2)">
                  <conditions>
                    <condition number="168" type="jump" coverage="100%" />
                  </conditions>
                </line>
                <line number="221" hits="7" branch="False" />
                <line number="222" hits="6" branch="False" />
                <line number="223" hits="1" branch="False" />
                <line number="224" hits="1" branch="False" />
              </lines>
            </method>
          </methods>
          <lines>
            <line number="212" hits="2" branch="False" />
            <line number="213" hits="2" branch="False" />
            <line number="214" hits="2" branch="False" />
            <line number="215" hits="2" branch="False" />
            <line number="216" hits="2" branch="False" />
            <line number="217" hits="19" branch="True" condition-coverage="100% (2/2)">
              <conditions>
                <condition number="462" type="jump" coverage="100%" />
              </conditions>
            </line>
            <line number="218" hits="7" branch="False" />
            <line number="219" hits="7" branch="True" condition-coverage="100% (2/2)">
              <conditions>
                <condition number="168" type="jump" coverage="100%" />
              </conditions>
            </line>
            <line number="221" hits="7" branch="False" />
            <line number="222" hits="6" branch="False" />
            <line number="223" hits="1" branch="False" />
            <line number="224" hits="1" branch="False" />
          </lines>
        </class>
        <class name="TestProject.Glasac1FunkcionalnostTest/&lt;UcitajPodatkeXML&gt;d__19" filename="Desktop\VVS_zadaca1\TestProject\Glasac1FunkcinalnostTest.cs" line-rate="1" branch-rate="1" complexity="4">
          <methods>
            <method name="MoveNext" signature="()" line-rate="1" branch-rate="1" complexity="4">
              <lines>
                <line number="266" hits="2" branch="False" />
                <line number="267" hits="2" branch="False" />
                <line number="268" hits="2" branch="False" />
                <line number="269" hits="15" branch="True" condition-coverage="100% (2/2)">
                  <conditions>
                    <condition number="419" type="jump" coverage="100%" />
                  </conditions>
                </line>
                <line number="270" hits="5" branch="False" />
                <line number="271" hits="5" branch="False" />
                <line number="272" hits="75" branch="True" condition-coverage="100% (2/2)">
                  <conditions>
                    <condition number="228" type="jump" coverage="100%" />
                  </conditions>
                </line>
                <line number="273" hits="30" branch="False" />
                <line number="274" hits="30" branch="False" />
                <line number="275" hits="30" branch="False" />
                <line number="276" hits="5" branch="False" />
                <line number="277" hits="4" branch="False" />
                <line number="278" hits="1" branch="False" />
              </lines>
            </method>
          </methods>
          <lines>
            <line number="266" hits="2" branch="False" />
            <line number="267" hits="2" branch="False" />
            <line number="268" hits="2" branch="False" />
            <line number="269" hits="15" branch="True" condition-coverage="100% (2/2)">
              <conditions>
                <condition number="419" type="jump" coverage="100%" />
              </conditions>
            </line>
            <line number="270" hits="5" branch="False" />
            <line number="271" hits="5" branch="False" />
            <line number="272" hits="75" branch="True" condition-coverage="100% (2/2)">
              <conditions>
                <condition number="228" type="jump" coverage="100%" />
              </conditions>
            </line>
            <line number="273" hits="30" branch="False" />
            <line number="274" hits="30" branch="False" />
            <line number="275" hits="30" branch="False" />
            <line number="276" hits="5" branch="False" />
            <line number="277" hits="4" branch="False" />
            <line number="278" hits="1" branch="False" />
          </lines>
        </class>
        <class name="TestProject.UnitTest1" filename="Desktop\VVS_zadaca1\TestProject\UnitTest1.cs" line-rate="1" branch-rate="1" complexity="1">
          <methods>
            <method name="TestMethod1" signature="()" line-rate="1" branch-rate="1" complexity="1">
              <lines>
                <line number="10" hits="1" branch="False" />
                <line number="11" hits="1" branch="False" />
              </lines>
            </method>
          </methods>
          <lines>
            <line number="10" hits="1" branch="False" />
            <line number="11" hits="1" branch="False" />
          </lines>
        </class>
      </classes>
    </package>
    <package name="Zadaca1" line-rate="0.3018" branch-rate="0.4078" complexity="250">
      <classes>
        <class name="Zadaca1.Glasac" filename="Desktop\VVS_zadaca1\Zadaca1\Glasac.cs" line-rate="0.77" branch-rate="0.7265" complexity="135">
          <methods>
            <method name="get_Ime" signature="()" line-rate="1" branch-rate="1" complexity="1">
              <lines>
                <line number="31" hits="9" branch="False" />
              </lines>
            </method>
            <method name="set_Ime" signature="(System.String)" line-rate="1" branch-rate="1" complexity="2">
              <lines>
                <line number="32" hits="2" branch="False" />
                <line number="33" hits="2" branch="True" condition-coverage="100% (2/2)">
                  <conditions>
                    <condition number="9" type="jump" coverage="100%" />
                  </conditions>
                </line>
                <line number="34" hits="1" branch="False" />
                <line number="35" hits="1" branch="False" />
                <line number="37" hits="1" branch="False" />
              </lines>
            </method>
            <method name="get_Prezime" signature="()" line-rate="1" branch-rate="1" complexity="1">
              <lines>
                <line number="42" hits="9" branch="False" />
              </lines>
            </method>
            <method name="set_Prezime" signature="(System.String)" line-rate="1" branch-rate="1" complexity="2">
              <lines>
                <line number="44" hits="2" branch="False" />
                <line number="45" hits="2" branch="True" condition-coverage="100% (2/2)">
                  <conditions>
                    <condition number="9" type="jump" coverage="100%" />
                  </conditions>
                </line>
                <line number="46" hits="1" branch="False" />
                <line number="47" hits="1" branch="False" />
                <line number="48" hits="1" branch="False" />
              </lines>
            </method>
            <method name="get_Adresa" signature="()" line-rate="1" branch-rate="1" complexity="1">
              <lines>
                <line number="54" hits="6" branch="False" />
              </lines>
            </method>
            <method name="set_Adresa" signature="(System.String)" line-rate="1" branch-rate="1" complexity="2">
              <lines>
                <line number="56" hits="2" branch="False" />
                <line number="57" hits="2" branch="True" condition-coverage="100% (2/2)">
                  <conditions>
                    <condition number="12" type="jump" coverage="100%" />
                  </conditions>
                </line>
                <line number="58" hits="1" branch="False" />
                <line number="59" hits="1" branch="False" />
                <line number="60" hits="1" branch="False" />
              </lines>
            </method>
            <method name="get_birao" signature="()" line-rate="1" branch-rate="1" complexity="1">
              <lines>
                <line number="64" hits="5" branch="False" />
              </lines>
            </method>
            <method name="KreirajJedinstveniKod" signature="()" line-rate="1" branch-rate="1" complexity="2">
              <lines>
                <line number="86" hits="5" branch="False" />
                <line number="87" hits="5" branch="False" />
                <line number="88" hits="5" branch="False" />
                <line number="89" hits="5" branch="False" />
                <line number="90" hits="5" branch="False" />
                <line number="91" hits="5" branch="False" />
                <line number="92" hits="5" branch="True" condition-coverage="100% (2/2)">
                  <conditions>
                    <condition number="206" type="jump" coverage="100%" />
                  </conditions>
                </line>
                <line number="93" hits="5" branch="False" />
                <line number="94" hits="5" branch="False" />
                <line number="95" hits="5" branch="False" />
                <line number="96" hits="5" branch="False" />
                <line number="97" hits="5" branch="False" />
                <line number="98" hits="5" branch="False" />
                <line number="99" hits="5" branch="False" />
              </lines>
            </method>
            <method name="ValidirajUnos" signature="(System.String,System.String,System.String,System.String,System.String,System.DateTime)" line-rate="0.9473" branch-rate="0.9166" complexity="12">
              <lines>
                <line number="103" hits="33" branch="False" />
                <line number="104" hits="33" branch="True" condition-coverage="100% (2/2)">
                  <conditions>
                    <condition number="12" type="jump" coverage="100%" />
                  </conditions>
                </line>
                <line number="105" hits="7" branch="False" />
                <line number="106" hits="7" branch="False" />
                <line number="108" hits="26" branch="True" condition-coverage="100% (2/2)">
                  <conditions>
                    <condition number="37" type="jump" coverage="100%" />
                  </conditions>
                </line>
                <line number="109" hits="7" branch="False" />
                <line number="110" hits="7" branch="False" />
                <line number="113" hits="19" branch="True" condition-coverage="100% (2/2)">
                  <conditions>
                    <condition number="63" type="jump" coverage="100%" />
                  </conditions>
                </line>
                <line number="114" hits="4" branch="False" />
                <line number="115" hits="4" branch="False" />
                <line number="117" hits="15" branch="True" condition-coverage="100% (2/2)">
                  <conditions>
                    <condition number="91" type="jump" coverage="100%" />
                  </conditions>
                </line>
                <line number="118" hits="9" branch="False" />
                <line number="119" hits="9" branch="False" />
                <line number="121" hits="6" branch="True" condition-coverage="50% (1/2)">
                  <conditions>
                    <condition number="119" type="jump" coverage="50%" />
                  </conditions>
                </line>
                <line number="122" hits="0" branch="False" />
                <line number="123" hits="6" branch="True" condition-coverage="100% (2/2)">
                  <conditions>
                    <condition number="146" type="jump" coverage="100%" />
                  </conditions>
                </line>
                <line number="124" hits="1" branch="False" />
                <line number="125" hits="1" branch="False" />
                <line number="127" hits="5" branch="False" />
              </lines>
            </method>
            <method name="ValidirajJedinstveniKod" signature="(System.String)" line-rate="0" branch-rate="0" complexity="8">
              <lines>
                <line number="130" hits="0" branch="False" />
                <line number="131" hits="0" branch="True" condition-coverage="0% (0/2)">
                  <conditions>
                    <condition number="16" type="jump" coverage="0%" />
                  </conditions>
                </line>
                <line number="132" hits="0" branch="False" />
                <line number="133" hits="0" branch="False" />
                <line number="134" hits="0" branch="False" />
                <line number="135" hits="0" branch="True" condition-coverage="0% (0/6)">
                  <conditions>
                    <condition number="98" type="jump" coverage="0%" />
                    <condition number="112" type="jump" coverage="0%" />
                    <condition number="138" type="jump" coverage="0%" />
                  </conditions>
                </line>
                <line number="136" hits="0" branch="False" />
                <line number="138" hits="0" branch="False" />
                <line number="139" hits="0" branch="False" />
              </lines>
            </method>
            <method name="ValidirajBrojLicneKarte" signature="(System.String)" line-rate="1" branch-rate="0.909" complexity="22">
              <lines>
                <line number="142" hits="19" branch="False" />
                <line number="143" hits="20" branch="True" condition-coverage="100% (2/2)">
                  <conditions>
                    <condition number="16" type="jump" coverage="100%" />
                  </conditions>
                </line>
                <line number="144" hits="18" branch="False" />
                <line number="145" hits="353" branch="True" condition-coverage="100% (2/2)">
                  <conditions>
                    <condition number="160" type="jump" coverage="100%" />
                  </conditions>
                </line>
                <line number="146" hits="151" branch="False" />
                <line number="147" hits="151" branch="True" condition-coverage="100% (2/2)">
                  <conditions>
                    <condition number="57" type="jump" coverage="100%" />
                  </conditions>
                </line>
                <line number="148" hits="133" branch="False" />
                <line number="149" hits="133" branch="True" condition-coverage="75% (3/4)">
                  <conditions>
                    <condition number="64" type="jump" coverage="50%" />
                    <condition number="79" type="jump" coverage="100%" />
                  </conditions>
                </line>
                <line number="150" hits="1" branch="False" />
                <line number="151" hits="132" branch="False" />
                <line number="153" hits="18" branch="True" condition-coverage="91.66% (11/12)">
                  <conditions>
                    <condition number="90" type="jump" coverage="50%" />
                    <condition number="96" type="jump" coverage="100%" />
                    <condition number="102" type="jump" coverage="100%" />
                    <condition number="108" type="jump" coverage="100%" />
                    <condition number="114" type="jump" coverage="100%" />
                    <condition number="135" type="jump" coverage="100%" />
                  </conditions>
                </line>
                <line number="154" hits="2" branch="False" />
                <line number="156" hits="148" branch="False" />
                <line number="158" hits="148" branch="False" />
                <line number="159" hits="15" branch="False" />
                <line number="160" hits="19" branch="False" />
              </lines>
            </method>
            <method name="ValidirajDatumRodjenja" signature="(System.DateTime)" line-rate="0.7857" branch-rate="0.5714" complexity="14">
              <lines>
                <line number="162" hits="6" branch="False" />
                <line number="164" hits="6" branch="True" condition-coverage="50% (1/2)">
                  <conditions>
                    <condition number="14" type="jump" coverage="50%" />
                  </conditions>
                </line>
                <line number="165" hits="0" branch="False" />
                <line number="167" hits="6" branch="False" />
                <line number="168" hits="6" branch="False" />
                <line number="169" hits="6" branch="False" />
                <line number="170" hits="6" branch="True" condition-coverage="100% (2/2)">
                  <conditions>
                    <condition number="102" type="jump" coverage="100%" />
                  </conditions>
                </line>
                <line number="171" hits="5" branch="False" />
                <line number="172" hits="1" branch="True" condition-coverage="50% (2/4)">
                  <conditions>
                    <condition number="112" type="jump" coverage="50%" />
                    <condition number="125" type="jump" coverage="50%" />
                  </conditions>
                </line>
                <line number="173" hits="0" branch="False" />
                <line number="174" hits="1" branch="True" condition-coverage="50% (3/6)">
                  <conditions>
                    <condition number="135" type="jump" coverage="50%" />
                    <condition number="138" type="jump" coverage="50%" />
                    <condition number="151" type="jump" coverage="50%" />
                  </conditions>
                </line>
                <line number="175" hits="0" branch="False" />
                <line number="176" hits="1" branch="False" />
                <line number="177" hits="6" branch="False" />
              </lines>
            </method>
            <method name="ValidirajAdresu" signature="(System.String)" line-rate="1" branch-rate="1" complexity="2">
              <lines>
                <line number="179" hits="10" branch="False" />
                <line number="180" hits="10" branch="True" condition-coverage="100% (2/2)">
                  <conditions>
                    <condition number="12" type="jump" coverage="100%" />
                  </conditions>
                </line>
                <line number="181" hits="1" branch="False" />
                <line number="182" hits="9" branch="False" />
                <line number="183" hits="10" branch="False" />
              </lines>
            </method>
            <method name="ValidirajSlova" signature="(System.String)" line-rate="0" branch-rate="0" complexity="6">
              <lines>
                <line number="187" hits="0" branch="False" />
                <line number="192" hits="0" branch="True" condition-coverage="0% (0/2)">
                  <conditions>
                    <condition number="88" type="jump" coverage="0%" />
                  </conditions>
                </line>
                <line number="193" hits="0" branch="False" />
                <line number="198" hits="0" branch="True" condition-coverage="0% (0/4)">
                  <conditions>
                    <condition number="38" type="jump" coverage="0%" />
                    <condition number="68" type="jump" coverage="0%" />
                  </conditions>
                </line>
                <line number="199" hits="0" branch="False" />
                <line number="200" hits="0" branch="False" />
                <line number="202" hits="0" branch="False" />
                <line number="203" hits="0" branch="False" />
                <line number="204" hits="0" branch="False" />
              </lines>
            </method>
            <method name="ValidirajIme" signature="(System.String)" line-rate="1" branch-rate="1" complexity="14">
              <lines>
                <line number="207" hits="38" branch="False" />
                <line number="208" hits="38" branch="True" condition-coverage="100% (2/2)">
                  <conditions>
                    <condition number="12" type="jump" coverage="100%" />
                  </conditions>
                </line>
                <line number="209" hits="1" branch="False" />
                <line number="213" hits="37" branch="False" />
                <line number="214" hits="760" branch="True" condition-coverage="100% (2/2)">
                  <conditions>
                    <condition number="99" type="jump" coverage="100%" />
                  </conditions>
                </line>
                <line number="215" hits="327" branch="False" />
                <line number="221" hits="327" branch="True" condition-coverage="100% (6/6)">
                  <conditions>
                    <condition number="48" type="jump" coverage="100%" />
                    <condition number="59" type="jump" coverage="100%" />
                    <condition number="74" type="jump" coverage="100%" />
                  </conditions>
                </line>
                <line number="222" hits="322" branch="False" />
                <line number="224" hits="5" branch="False" />
                <line number="226" hits="322" branch="False" />
                <line number="227" hits="32" branch="True" condition-coverage="100% (4/4)">
                  <conditions>
                    <condition number="108" type="jump" coverage="100%" />
                    <condition number="127" type="jump" coverage="100%" />
                  </conditions>
                </line>
                <line number="228" hits="2" branch="False" />
                <line number="230" hits="32" branch="False" />
                <line number="231" hits="38" branch="False" />
              </lines>
            </method>
            <method name="ValidirajPrezime" signature="(System.String)" line-rate="1" branch-rate="1" complexity="14">
              <lines>
                <line number="234" hits="31" branch="False" />
                <line number="235" hits="31" branch="True" condition-coverage="100% (2/2)">
                  <conditions>
                    <condition number="12" type="jump" coverage="100%" />
                  </conditions>
                </line>
                <line number="236" hits="1" branch="False" />
                <line number="240" hits="30" branch="False" />
                <line number="241" hits="752" branch="True" condition-coverage="100% (2/2)">
                  <conditions>
                    <condition number="126" type="jump" coverage="100%" />
                  </conditions>
                </line>
                <line number="242" hits="334" branch="False" />
                <line number="247" hits="334" branch="True" condition-coverage="100% (6/6)">
                  <conditions>
                    <condition number="63" type="jump" coverage="100%" />
                    <condition number="86" type="jump" coverage="100%" />
                    <condition number="101" type="jump" coverage="100%" />
                  </conditions>
                </line>
                <line number="248" hits="328" branch="False" />
                <line number="250" hits="6" branch="False" />
                <line number="252" hits="328" branch="False" />
                <line number="253" hits="24" branch="True" condition-coverage="100% (4/4)">
                  <conditions>
                    <condition number="135" type="jump" coverage="100%" />
                    <condition number="154" type="jump" coverage="100%" />
                  </conditions>
                </line>
                <line number="254" hits="1" branch="False" />
                <line number="256" hits="24" branch="False" />
                <line number="257" hits="31" branch="False" />
              </lines>
            </method>
            <method name="ValidirajBrojeve" signature="(System.String)" line-rate="0" branch-rate="0" complexity="6">
              <lines>
                <line number="261" hits="0" branch="False" />
                <line number="262" hits="0" branch="True" condition-coverage="0% (0/2)">
                  <conditions>
                    <condition number="52" type="jump" coverage="0%" />
                  </conditions>
                </line>
                <line number="263" hits="0" branch="False" />
                <line number="264" hits="0" branch="True" condition-coverage="0% (0/4)">
                  <conditions>
                    <condition number="20" type="jump" coverage="0%" />
                    <condition number="32" type="jump" coverage="0%" />
                  </conditions>
                </line>
                <line number="265" hits="0" branch="False" />
                <line number="266" hits="0" branch="False" />
                <line number="268" hits="0" branch="False" />
                <line number="269" hits="0" branch="False" />
                <line number="270" hits="0" branch="False" />
              </lines>
            </method>
            <method name="ValidirajSlovaBrojeve" signature="(System.String)" line-rate="0" branch-rate="0" complexity="6">
              <lines>
                <line number="273" hits="0" branch="False" />
                <line number="274" hits="0" branch="True" condition-coverage="0% (0/2)">
                  <conditions>
                    <condition number="73" type="jump" coverage="0%" />
                  </conditions>
                </line>
                <line number="275" hits="0" branch="False" />
                <line number="277" hits="0" branch="True" condition-coverage="0% (0/4)">
                  <conditions>
                    <condition number="30" type="jump" coverage="0%" />
                    <condition number="53" type="jump" coverage="0%" />
                  </conditions>
                </line>
                <line number="278" hits="0" branch="False" />
                <line number="279" hits="0" branch="False" />
                <line number="281" hits="0" branch="False" />
                <line number="282" hits="0" branch="False" />
                <line number="283" hits="0" branch="False" />
              </lines>
            </method>
            <method name="ValidirajJMBG" signature="(System.String,System.DateTime)" line-rate="1" branch-rate="1" complexity="16">
              <lines>
                <line number="286" hits="15" branch="False" />
                <line number="287" hits="15" branch="True" condition-coverage="100% (2/2)">
                  <conditions>
                    <condition number="16" type="jump" coverage="100%" />
                  </conditions>
                </line>
                <line number="288" hits="3" branch="False" />
                <line number="289" hits="3" branch="False" />
                <line number="291" hits="343" branch="True" condition-coverage="100% (2/2)">
                  <conditions>
                    <condition number="94" type="jump" coverage="100%" />
                  </conditions>
                </line>
                <line number="292" hits="154" branch="False" />
                <line number="293" hits="154" branch="True" condition-coverage="100% (4/4)">
                  <conditions>
                    <condition number="52" type="jump" coverage="100%" />
                    <condition number="67" type="jump" coverage="100%" />
                  </conditions>
                </line>
                <line number="294" hits="1" branch="False" />
                <line number="295" hits="1" branch="False" />
                <line number="297" hits="153" branch="False" />
                <line number="298" hits="11" branch="False" />
                <line number="299" hits="11" branch="False" />
                <line number="300" hits="11" branch="False" />
                <line number="301" hits="11" branch="True" condition-coverage="100% (2/2)">
                  <conditions>
                    <condition number="156" type="jump" coverage="100%" />
                  </conditions>
                </line>
                <line number="302" hits="11" branch="False" />
                <line number="303" hits="11" branch="False" />
                <line number="304" hits="11" branch="False" />
                <line number="305" hits="16" branch="True" condition-coverage="100% (6/6)">
                  <conditions>
                    <condition number="176" type="jump" coverage="100%" />
                    <condition number="186" type="jump" coverage="100%" />
                    <condition number="208" type="jump" coverage="100%" />
                  </conditions>
                </line>
                <line number="306" hits="6" branch="False" />
                <line number="307" hits="15" branch="False" />
              </lines>
            </method>
            <method name="ToString" signature="()" line-rate="0" branch-rate="1" complexity="1">
              <lines>
                <line number="310" hits="0" branch="False" />
                <line number="311" hits="0" branch="False" />
                <line number="312" hits="0" branch="False" />
              </lines>
            </method>
            <method name=".ctor" signature="()" line-rate="1" branch-rate="1" complexity="1">
              <lines>
                <line number="66" hits="6" branch="False" />
              </lines>
            </method>
            <method name=".ctor" signature="(System.String,System.String,System.String,System.DateTime,System.String,System.String)" line-rate="1" branch-rate="1" complexity="1">
              <lines>
                <line number="68" hits="33" branch="False" />
                <line number="69" hits="33" branch="False" />
                <line number="70" hits="33" branch="False" />
                <line number="71" hits="5" branch="False" />
                <line number="72" hits="5" branch="False" />
                <line number="73" hits="5" branch="False" />
                <line number="74" hits="5" branch="False" />
                <line number="75" hits="5" branch="False" />
                <line number="76" hits="5" branch="False" />
                <line number="77" hits="5" branch="False" />
                <line number="78" hits="5" branch="False" />
                <line number="79" hits="5" branch="False" />
              </lines>
            </method>
          </methods>
          <lines>
            <line number="31" hits="9" branch="False" />
            <line number="32" hits="2" branch="False" />
            <line number="33" hits="2" branch="True" condition-coverage="100% (2/2)">
              <conditions>
                <condition number="9" type="jump" coverage="100%" />
              </conditions>
            </line>
            <line number="34" hits="1" branch="False" />
            <line number="35" hits="1" branch="False" />
            <line number="37" hits="1" branch="False" />
            <line number="42" hits="9" branch="False" />
            <line number="44" hits="2" branch="False" />
            <line number="45" hits="2" branch="True" condition-coverage="100% (2/2)">
              <conditions>
                <condition number="9" type="jump" coverage="100%" />
              </conditions>
            </line>
            <line number="46" hits="1" branch="False" />
            <line number="47" hits="1" branch="False" />
            <line number="48" hits="1" branch="False" />
            <line number="54" hits="6" branch="False" />
            <line number="56" hits="2" branch="False" />
            <line number="57" hits="2" branch="True" condition-coverage="100% (2/2)">
              <conditions>
                <condition number="12" type="jump" coverage="100%" />
              </conditions>
            </line>
            <line number="58" hits="1" branch="False" />
            <line number="59" hits="1" branch="False" />
            <line number="60" hits="1" branch="False" />
            <line number="64" hits="5" branch="False" />
            <line number="86" hits="5" branch="False" />
            <line number="87" hits="5" branch="False" />
            <line number="88" hits="5" branch="False" />
            <line number="89" hits="5" branch="False" />
            <line number="90" hits="5" branch="False" />
            <line number="91" hits="5" branch="False" />
            <line number="92" hits="5" branch="True" condition-coverage="100% (2/2)">
              <conditions>
                <condition number="206" type="jump" coverage="100%" />
              </conditions>
            </line>
            <line number="93" hits="5" branch="False" />
            <line number="94" hits="5" branch="False" />
            <line number="95" hits="5" branch="False" />
            <line number="96" hits="5" branch="False" />
            <line number="97" hits="5" branch="False" />
            <line number="98" hits="5" branch="False" />
            <line number="99" hits="5" branch="False" />
            <line number="103" hits="33" branch="False" />
            <line number="104" hits="33" branch="True" condition-coverage="100% (2/2)">
              <conditions>
                <condition number="12" type="jump" coverage="100%" />
              </conditions>
            </line>
            <line number="105" hits="7" branch="False" />
            <line number="106" hits="7" branch="False" />
            <line number="108" hits="26" branch="True" condition-coverage="100% (2/2)">
              <conditions>
                <condition number="37" type="jump" coverage="100%" />
              </conditions>
            </line>
            <line number="109" hits="7" branch="False" />
            <line number="110" hits="7" branch="False" />
            <line number="113" hits="19" branch="True" condition-coverage="100% (2/2)">
              <conditions>
                <condition number="63" type="jump" coverage="100%" />
              </conditions>
            </line>
            <line number="114" hits="4" branch="False" />
            <line number="115" hits="4" branch="False" />
            <line number="117" hits="15" branch="True" condition-coverage="100% (2/2)">
              <conditions>
                <condition number="91" type="jump" coverage="100%" />
              </conditions>
            </line>
            <line number="118" hits="9" branch="False" />
            <line number="119" hits="9" branch="False" />
            <line number="121" hits="6" branch="True" condition-coverage="50% (1/2)">
              <conditions>
                <condition number="119" type="jump" coverage="50%" />
              </conditions>
            </line>
            <line number="122" hits="0" branch="False" />
            <line number="123" hits="6" branch="True" condition-coverage="100% (2/2)">
              <conditions>
                <condition number="146" type="jump" coverage="100%" />
              </conditions>
            </line>
            <line number="124" hits="1" branch="False" />
            <line number="125" hits="1" branch="False" />
            <line number="127" hits="5" branch="False" />
            <line number="130" hits="0" branch="False" />
            <line number="131" hits="0" branch="True" condition-coverage="0% (0/2)">
              <conditions>
                <condition number="16" type="jump" coverage="0%" />
              </conditions>
            </line>
            <line number="132" hits="0" branch="False" />
            <line number="133" hits="0" branch="False" />
            <line number="134" hits="0" branch="False" />
            <line number="135" hits="0" branch="True" condition-coverage="0% (0/6)">
              <conditions>
                <condition number="98" type="jump" coverage="0%" />
                <condition number="112" type="jump" coverage="0%" />
                <condition number="138" type="jump" coverage="0%" />
              </conditions>
            </line>
            <line number="136" hits="0" branch="False" />
            <line number="138" hits="0" branch="False" />
            <line number="139" hits="0" branch="False" />
            <line number="142" hits="19" branch="False" />
            <line number="143" hits="20" branch="True" condition-coverage="100% (2/2)">
              <conditions>
                <condition number="16" type="jump" coverage="100%" />
              </conditions>
            </line>
            <line number="144" hits="18" branch="False" />
            <line number="145" hits="353" branch="True" condition-coverage="100% (2/2)">
              <conditions>
                <condition number="160" type="jump" coverage="100%" />
              </conditions>
            </line>
            <line number="146" hits="151" branch="False" />
            <line number="147" hits="151" branch="True" condition-coverage="100% (2/2)">
              <conditions>
                <condition number="57" type="jump" coverage="100%" />
              </conditions>
            </line>
            <line number="148" hits="133" branch="False" />
            <line number="149" hits="133" branch="True" condition-coverage="75% (3/4)">
              <conditions>
                <condition number="64" type="jump" coverage="50%" />
                <condition number="79" type="jump" coverage="100%" />
              </conditions>
            </line>
            <line number="150" hits="1" branch="False" />
            <line number="151" hits="132" branch="False" />
            <line number="153" hits="18" branch="True" condition-coverage="91.66% (11/12)">
              <conditions>
                <condition number="90" type="jump" coverage="50%" />
                <condition number="96" type="jump" coverage="100%" />
                <condition number="102" type="jump" coverage="100%" />
                <condition number="108" type="jump" coverage="100%" />
                <condition number="114" type="jump" coverage="100%" />
                <condition number="135" type="jump" coverage="100%" />
              </conditions>
            </line>
            <line number="154" hits="2" branch="False" />
            <line number="156" hits="148" branch="False" />
            <line number="158" hits="148" branch="False" />
            <line number="159" hits="15" branch="False" />
            <line number="160" hits="19" branch="False" />
            <line number="162" hits="6" branch="False" />
            <line number="164" hits="6" branch="True" condition-coverage="50% (1/2)">
              <conditions>
                <condition number="14" type="jump" coverage="50%" />
              </conditions>
            </line>
            <line number="165" hits="0" branch="False" />
            <line number="167" hits="6" branch="False" />
            <line number="168" hits="6" branch="False" />
            <line number="169" hits="6" branch="False" />
            <line number="170" hits="6" branch="True" condition-coverage="100% (2/2)">
              <conditions>
                <condition number="102" type="jump" coverage="100%" />
              </conditions>
            </line>
            <line number="171" hits="5" branch="False" />
            <line number="172" hits="1" branch="True" condition-coverage="50% (2/4)">
              <conditions>
                <condition number="112" type="jump" coverage="50%" />
                <condition number="125" type="jump" coverage="50%" />
              </conditions>
            </line>
            <line number="173" hits="0" branch="False" />
            <line number="174" hits="1" branch="True" condition-coverage="50% (3/6)">
              <conditions>
                <condition number="135" type="jump" coverage="50%" />
                <condition number="138" type="jump" coverage="50%" />
                <condition number="151" type="jump" coverage="50%" />
              </conditions>
            </line>
            <line number="175" hits="0" branch="False" />
            <line number="176" hits="1" branch="False" />
            <line number="177" hits="6" branch="False" />
            <line number="179" hits="10" branch="False" />
            <line number="180" hits="10" branch="True" condition-coverage="100% (2/2)">
              <conditions>
                <condition number="12" type="jump" coverage="100%" />
              </conditions>
            </line>
            <line number="181" hits="1" branch="False" />
            <line number="182" hits="9" branch="False" />
            <line number="183" hits="10" branch="False" />
            <line number="187" hits="0" branch="False" />
            <line number="192" hits="0" branch="True" condition-coverage="0% (0/2)">
              <conditions>
                <condition number="88" type="jump" coverage="0%" />
              </conditions>
            </line>
            <line number="193" hits="0" branch="False" />
            <line number="198" hits="0" branch="True" condition-coverage="0% (0/4)">
              <conditions>
                <condition number="38" type="jump" coverage="0%" />
                <condition number="68" type="jump" coverage="0%" />
              </conditions>
            </line>
            <line number="199" hits="0" branch="False" />
            <line number="200" hits="0" branch="False" />
            <line number="202" hits="0" branch="False" />
            <line number="203" hits="0" branch="False" />
            <line number="204" hits="0" branch="False" />
            <line number="207" hits="38" branch="False" />
            <line number="208" hits="38" branch="True" condition-coverage="100% (2/2)">
              <conditions>
                <condition number="12" type="jump" coverage="100%" />
              </conditions>
            </line>
            <line number="209" hits="1" branch="False" />
            <line number="213" hits="37" branch="False" />
            <line number="214" hits="760" branch="True" condition-coverage="100% (2/2)">
              <conditions>
                <condition number="99" type="jump" coverage="100%" />
              </conditions>
            </line>
            <line number="215" hits="327" branch="False" />
            <line number="221" hits="327" branch="True" condition-coverage="100% (6/6)">
              <conditions>
                <condition number="48" type="jump" coverage="100%" />
                <condition number="59" type="jump" coverage="100%" />
                <condition number="74" type="jump" coverage="100%" />
              </conditions>
            </line>
            <line number="222" hits="322" branch="False" />
            <line number="224" hits="5" branch="False" />
            <line number="226" hits="322" branch="False" />
            <line number="227" hits="32" branch="True" condition-coverage="100% (4/4)">
              <conditions>
                <condition number="108" type="jump" coverage="100%" />
                <condition number="127" type="jump" coverage="100%" />
              </conditions>
            </line>
            <line number="228" hits="2" branch="False" />
            <line number="230" hits="32" branch="False" />
            <line number="231" hits="38" branch="False" />
            <line number="234" hits="31" branch="False" />
            <line number="235" hits="31" branch="True" condition-coverage="100% (2/2)">
              <conditions>
                <condition number="12" type="jump" coverage="100%" />
              </conditions>
            </line>
            <line number="236" hits="1" branch="False" />
            <line number="240" hits="30" branch="False" />
            <line number="241" hits="752" branch="True" condition-coverage="100% (2/2)">
              <conditions>
                <condition number="126" type="jump" coverage="100%" />
              </conditions>
            </line>
            <line number="242" hits="334" branch="False" />
            <line number="247" hits="334" branch="True" condition-coverage="100% (6/6)">
              <conditions>
                <condition number="63" type="jump" coverage="100%" />
                <condition number="86" type="jump" coverage="100%" />
                <condition number="101" type="jump" coverage="100%" />
              </conditions>
            </line>
            <line number="248" hits="328" branch="False" />
            <line number="250" hits="6" branch="False" />
            <line number="252" hits="328" branch="False" />
            <line number="253" hits="24" branch="True" condition-coverage="100% (4/4)">
              <conditions>
                <condition number="135" type="jump" coverage="100%" />
                <condition number="154" type="jump" coverage="100%" />
              </conditions>
            </line>
            <line number="254" hits="1" branch="False" />
            <line number="256" hits="24" branch="False" />
            <line number="257" hits="31" branch="False" />
            <line number="261" hits="0" branch="False" />
            <line number="262" hits="0" branch="True" condition-coverage="0% (0/2)">
              <conditions>
                <condition number="52" type="jump" coverage="0%" />
              </conditions>
            </line>
            <line number="263" hits="0" branch="False" />
            <line number="264" hits="0" branch="True" condition-coverage="0% (0/4)">
              <conditions>
                <condition number="20" type="jump" coverage="0%" />
                <condition number="32" type="jump" coverage="0%" />
              </conditions>
            </line>
            <line number="265" hits="0" branch="False" />
            <line number="266" hits="0" branch="False" />
            <line number="268" hits="0" branch="False" />
            <line number="269" hits="0" branch="False" />
            <line number="270" hits="0" branch="False" />
            <line number="273" hits="0" branch="False" />
            <line number="274" hits="0" branch="True" condition-coverage="0% (0/2)">
              <conditions>
                <condition number="73" type="jump" coverage="0%" />
              </conditions>
            </line>
            <line number="275" hits="0" branch="False" />
            <line number="277" hits="0" branch="True" condition-coverage="0% (0/4)">
              <conditions>
                <condition number="30" type="jump" coverage="0%" />
                <condition number="53" type="jump" coverage="0%" />
              </conditions>
            </line>
            <line number="278" hits="0" branch="False" />
            <line number="279" hits="0" branch="False" />
            <line number="281" hits="0" branch="False" />
            <line number="282" hits="0" branch="False" />
            <line number="283" hits="0" branch="False" />
            <line number="286" hits="15" branch="False" />
            <line number="287" hits="15" branch="True" condition-coverage="100% (2/2)">
              <conditions>
                <condition number="16" type="jump" coverage="100%" />
              </conditions>
            </line>
            <line number="288" hits="3" branch="False" />
            <line number="289" hits="3" branch="False" />
            <line number="291" hits="343" branch="True" condition-coverage="100% (2/2)">
              <conditions>
                <condition number="94" type="jump" coverage="100%" />
              </conditions>
            </line>
            <line number="292" hits="154" branch="False" />
            <line number="293" hits="154" branch="True" condition-coverage="100% (4/4)">
              <conditions>
                <condition number="52" type="jump" coverage="100%" />
                <condition number="67" type="jump" coverage="100%" />
              </conditions>
            </line>
            <line number="294" hits="1" branch="False" />
            <line number="295" hits="1" branch="False" />
            <line number="297" hits="153" branch="False" />
            <line number="298" hits="11" branch="False" />
            <line number="299" hits="11" branch="False" />
            <line number="300" hits="11" branch="False" />
            <line number="301" hits="11" branch="True" condition-coverage="100% (2/2)">
              <conditions>
                <condition number="156" type="jump" coverage="100%" />
              </conditions>
            </line>
            <line number="302" hits="11" branch="False" />
            <line number="303" hits="11" branch="False" />
            <line number="304" hits="11" branch="False" />
            <line number="305" hits="16" branch="True" condition-coverage="100% (6/6)">
              <conditions>
                <condition number="176" type="jump" coverage="100%" />
                <condition number="186" type="jump" coverage="100%" />
                <condition number="208" type="jump" coverage="100%" />
              </conditions>
            </line>
            <line number="306" hits="6" branch="False" />
            <line number="307" hits="15" branch="False" />
            <line number="310" hits="0" branch="False" />
            <line number="311" hits="0" branch="False" />
            <line number="312" hits="0" branch="False" />
            <line number="66" hits="6" branch="False" />
            <line number="68" hits="33" branch="False" />
            <line number="69" hits="33" branch="False" />
            <line number="70" hits="33" branch="False" />
            <line number="71" hits="5" branch="False" />
            <line number="72" hits="5" branch="False" />
            <line number="73" hits="5" branch="False" />
            <line number="74" hits="5" branch="False" />
            <line number="75" hits="5" branch="False" />
            <line number="76" hits="5" branch="False" />
            <line number="77" hits="5" branch="False" />
            <line number="78" hits="5" branch="False" />
            <line number="79" hits="5" branch="False" />
          </lines>
        </class>
        <class name="Zadaca1.Izbori" filename="Desktop\VVS_zadaca1\Zadaca1\Izbori.cs" line-rate="0" branch-rate="0" complexity="77">
          <methods>
            <method name="get_Stranke" signature="()" line-rate="0" branch-rate="1" complexity="1">
              <lines>
                <line number="17" hits="0" branch="False" />
              </lines>
            </method>
            <method name="get_Kandidati" signature="()" line-rate="0" branch-rate="1" complexity="1">
              <lines>
                <line number="18" hits="0" branch="False" />
              </lines>
            </method>
            <method name="get_Glasaci" signature="()" line-rate="0" branch-rate="1" complexity="1">
              <lines>
                <line number="19" hits="0" branch="False" />
              </lines>
            </method>
            <method name="Glasaj" signature="(Zadaca1.Glasac)" line-rate="0" branch-rate="0" complexity="38">
              <lines>
                <line number="31" hits="0" branch="False" />
                <line number="32" hits="0" branch="True" condition-coverage="0% (0/2)">
                  <conditions>
                    <condition number="11" type="jump" coverage="0%" />
                  </conditions>
                </line>
                <line number="33" hits="0" branch="False" />
                <line number="34" hits="0" branch="False" />
                <line number="35" hits="0" branch="False" />
                <line number="38" hits="0" branch="False" />
                <line number="39" hits="0" branch="False" />
                <line number="40" hits="0" branch="False" />
                <line number="41" hits="0" branch="True" condition-coverage="0% (0/2)">
                  <conditions>
                    <condition number="139" type="jump" coverage="0%" />
                  </conditions>
                </line>
                <line number="42" hits="0" branch="True" condition-coverage="0% (0/2)">
                  <conditions>
                    <condition number="93" type="jump" coverage="0%" />
                  </conditions>
                </line>
                <line number="43" hits="0" branch="False" />
                <line number="45" hits="0" branch="False" />
                <line number="46" hits="0" branch="True" condition-coverage="0% (0/2)">
                  <conditions>
                    <condition number="177" type="jump" coverage="0%" />
                  </conditions>
                </line>
                <line number="47" hits="0" branch="False" />
                <line number="49" hits="0" branch="False" />
                <line number="50" hits="0" branch="False" />
                <line number="51" hits="0" branch="False" />
                <line number="52" hits="0" branch="False" />
                <line number="53" hits="0" branch="True" condition-coverage="0% (0/2)">
                  <conditions>
                    <condition number="424" type="jump" coverage="0%" />
                  </conditions>
                </line>
                <line number="54" hits="0" branch="False" />
                <line number="55" hits="0" branch="False" />
                <line number="56" hits="0" branch="False" />
                <line number="57" hits="0" branch="True" condition-coverage="0% (0/2)">
                  <conditions>
                    <condition number="384" type="jump" coverage="0%" />
                  </conditions>
                </line>
                <line number="58" hits="0" branch="False" />
                <line number="60" hits="0" branch="False" />
                <line number="61" hits="0" branch="False" />
                <line number="62" hits="0" branch="False" />
                <line number="64" hits="0" branch="False" />
                <line number="65" hits="0" branch="False" />
                <line number="67" hits="0" branch="False" />
                <line number="68" hits="0" branch="True" condition-coverage="0% (0/2)">
                  <conditions>
                    <condition number="884" type="jump" coverage="0%" />
                  </conditions>
                </line>
                <line number="69" hits="0" branch="False" />
                <line number="70" hits="0" branch="False" />
                <line number="71" hits="0" branch="True" condition-coverage="0% (0/4)">
                  <conditions>
                    <condition number="508" type="jump" coverage="0%" />
[...]
              </lines>
            </method>
          </methods>
          <lines>
            <line number="12" hits="0" branch="False" />
            <line number="13" hits="0" branch="False" />
            <line number="14" hits="0" branch="False" />
            <line number="15" hits="0" branch="False" />
            <line number="16" hits="0" branch="False" />
            <line number="17" hits="0" branch="False" />
            <line number="18" hits="0" branch="False" />
            <line number="19" hits="0" branch="False" />
            <line number="20" hits="0" branch="False" />
          </lines>
        </class>
        <class name="Zadaca1.Program" filename="Desktop\VVS_zadaca1\Zadaca1\Program.cs" line-rate="0" branch-rate="0" complexity="28">
          <methods>
            <method name="Main" signature="(System.String[])" line-rate="0" branch-rate="0" complexity="28">
              <lines>
                <line number="9" hits="0" branch="False" />
                <line number="33" hits="0" branch="False" />
                <line number="34" hits="0" branch="False" />
                <line number="35" hits="0" branch="False" />
                <line number="36" hits="0" branch="False" />
                <line number="37" hits="0" branch="False" />
                <line number="38" hits="0" branch="False" />
                <line number="39" hits="0" branch="False" />
                <line number="41" hits="0" branch="False" />
                <line number="42" hits="0" branch="False" />
                <line number="44" hits="0" branch="False" />
                <line number="45" hits="0" branch="False" />
                <line number="46" hits="0" branch="False" />
                <line number="47" hits="0" branch="False" />
                <line number="48" hits="0" branch="False" />
                <line number="50" hits="0" branch="False" />
                <line number="52" hits="0" branch="False" />
                <line number="53" hits="0" branch="False" />
                <line number="54" hits="0" branch="False" />
                <line number="57" hits="0" branch="False" />
                <line number="58" hits="0" branch="False" />
                <line number="59" hits="0" branch="False" />
                <line number="60" hits="0" branch="False" />
                <line number="61" hits="0" branch="False" />
                <line number="62" hits="0" branch="False" />
                <line number="63" hits="0" branch="False" />
                <line number="64" hits="0" branch="False" />
                <line number="65" hits="0" branch="False" />
                <line number="66" hits="0" branch="False" />
                <line number="68" hits="0" branch="False" />
                <line number="70" hits="0" branch="True" condition-coverage="0% (0/2)">
                  <conditions>
                    <condition number="510" type="jump" coverage="0%" />
                  </conditions>
                </line>
                <line number="71" hits="0" branch="False" />
                <line number="73" hits="0" branch="True" condition-coverage="0% (0/2)">
                  <conditions>
                    <condition number="526" type="jump" coverage="0%" />
                  </conditions>
                </line>
                <line number="75" hits="0" branch="False" />
                <line number="76" hits="0" branch="False" />
                <line number="77" hits="0" branch="False" />
                <line number="78" hits="0" branch="False" />
                <line number="79" hits="0" branch="False" />
                <line number="80" hits="0" branch="True" condition-coverage="0% (0/2)">
                  <conditions>
                    <condition number="588" type="jump" coverage="0%" />
                  </conditions>
                </line>
                <line number="81" hits="0" branch="False" />
                <line number="82" hits="0" branch="False" />
                <line number="83" hits="0" branch="False" />
                <line number="85" hits="0" branch="True" condition-coverage="0% (0/2)">
                  <conditions>
                    <condition number="673" type="jump" coverage="0%" />
                  </conditions>
                </line>
                <line number="86" hits="0" branch="False" />
                <line number="87" hits="0" branch="True" condition-coverage="0% (0/2)">
                  <conditions>
                    <condition number="639" type="jump" coverage="0%" />
                  </conditions>
                </line>
                <line number="88" hits="0" branch="False" />
                <line number="89" hits="0" branch="False" />
                <line number="90" hits="0" branch="False" />
                <line number="91" hits="0" branch="False" />
                <line number="92" hits="0" branch="False" />
                <line number="93" hits="0" branch="False" />
                <line number="94" hits="0" branch="False" />
                <line number="96" hits="0" branch="False" />
                <line number="97" hits="0" branch="True" condition-coverage="0% (0/2)">
                  <conditions>
                    <condition number="698" type="jump" coverage="0%" />
                  </conditions>
                </line>
                <line number="98" hits="0" branch="False" />
                <line number="99" hits="0" branch="False" />
                <line number="100" hits="0" branch="False" />
                <line number="101" hits="0" branch="False" />
                <line number="103" hits="0" branch="True" condition-coverage="0% (0/2)">
                  <conditions>
                    <condition number="745" type="jump" coverage="0%" />
                  </conditions>
                </line>
                <line number="104" hits="0" branch="False" />
                <line number="105" hits="0" branch="False" />
                <line number="106" hits="0" branch="False" />
                <line number="107" hits="0" branch="False" />
                <line number="108" hits="0" branch="True" condition-coverage="0% (0/2)">
                  <conditions>
                    <condition number="775" type="jump" coverage="0%" />
                  </conditions>
                </line>
                <line number="109" hits="0" branch="False" />
                <line number="110" hits="0" branch="False" />
                <line number="111" hits="0" branch="True" condition-coverage="0% (0/2)">
                  <conditions>
                    <condition number="802" type="jump" coverage="0%" />
                  </conditions>
                </line>
                <line number="112" hits="0" branch="False" />
                <line number="114" hits="0" branch="True" condition-coverage="0% (0/2)">
                  <conditions>
                    <condition number="826" type="jump" coverage="0%" />
                  </conditions>
                </line>
                <line number="115" hits="0" branch="False" />
                <line number="117" hits="0" branch="True" condition-coverage="0% (0/2)">
                  <conditions>
                    <condition number="850" type="jump" coverage="0%" />
                  </conditions>
                </line>
                <line number="118" hits="0" branch="False" />
                <line number="119" hits="0" branch="False" />
                <line number="120" hits="0" branch="False" />
                <line number="121" hits="0" branch="False" />
                <line number="122" hits="0" branch="True" condition-coverage="0% (0/2)">
                  <conditions>
                    <condition number="890" type="jump" coverage="0%" />
                  </conditions>
                </line>
                <line number="123" hits="0" branch="False" />
                <line number="124" hits="0" branch="False" />
                <line number="125" hits="0" branch="True" condition-coverage="0% (0/2)">
                  <conditions>
                    <condition number="911" type="jump" coverage="0%" />
                  </conditions>
                </line>
                <line number="126" hits="0" branch="False" />
                <line number="127" hits="0" branch="False" />
                <line number="128" hits="0" branch="False" />
                <line number="129" hits="0" branch="False" />
                <line number="130" hits="0" branch="False" />
                <line number="131" hits="0" branch="False" />
                <line number="132" hits="0" branch="False" />
                <line number="133" hits="0" branch="False" />
                <line number="134" hits="0" branch="False" />
                <line number="135" hits="0" branch="False" />
                <line number="137" hits="0" branch="False" />
                <line number="138" hits="0" branch="False" />
                <line number="139" hits="0" branch="False" />
                <line number="141" hits="0" branch="True" condition-coverage="0% (0/2)">
                  <conditions>
                    <condition number="995" type="jump" coverage="0%" />
                  </conditions>
                </line>
                <line number="142" hits="0" branch="False" />
                <line number="143" hits="0" branch="False" />
                <line number="144" hits="0" branch="False" />
                <line number="146" hits="0" branch="False" />
                <line number="147" hits="0" branch="False" />
              </lines>
            </method>
          </methods>
          <lines>
            <line number="9" hits="0" branch="False" />
            <line number="33" hits="0" branch="False" />
            <line number="34" hits="0" branch="False" />
            <line number="35" hits="0" branch="False" />
            <line number="36" hits="0" branch="False" />
            <line number="37" hits="0" branch="False" />
            <line number="38" hits="0" branch="False" />
            <line number="39" hits="0" branch="False" />
            <line number="41" hits="0" branch="False" />
            <line number="42" hits="0" branch="False" />
            <line number="44" hits="0" branch="False" />
            <line number="45" hits="0" branch="False" />
            <line number="46" hits="0" branch="False" />
            <line number="47" hits="0" branch="False" />
            <line number="48" hits="0" branch="False" />
            <line number="50" hits="0" branch="False" />
            <line number="52" hits="0" branch="False" />
            <line number="53" hits="0" branch="False" />
            <line number="54" hits="0" branch="False" />
            <line number="57" hits="0" branch="False" />
            <line number="58" hits="0" branch="False" />
            <line number="59" hits="0" branch="False" />
            <line number="60" hits="0" branch="False" />
            <line number="61" hits="0" branch="False" />
            <line number="62" hits="0" branch="False" />
            <line number="63" hits="0" branch="False" />
            <line number="64" hits="0" branch="False" />
            <line number="65" hits="0" branch="False" />
            <line number="66" hits="0" branch="False" />
            <line number="68" hits="0" branch="False" />
            <line number="70" hits="0" branch="True" condition-coverage="0% (0/2)">
              <conditions>
                <condition number="510" type="jump" coverage="0%" />
              </conditions>
            </line>
            <line number="71" hits="0" branch="False" />
            <line number="73" hits="0" branch="True" condition-coverage="0% (0/2)">
              <conditions>
                <condition number="526" type="jump" coverage="0%" />
              </conditions>
            </line>
            <line number="75" hits="0" branch="False" />
            <line number="76" hits="0" branch="False" />
            <line number="77" hits="0" branch="False" />
            <line number="78" hits="0" branch="False" />
            <line number="79" hits="0" branch="False" />
            <line number="80" hits="0" branch="True" condition-coverage="0% (0/2)">
              <conditions>
                <condition number="588" type="jump" coverage="0%" />
              </conditions>
            </line>
            <line number="81" hits="0" branch="False" />
            <line number="82" hits="0" branch="False" />
            <line number="83" hits="0" branch="False" />
            <line number="85" hits="0" branch="True" condition-coverage="0% (0/2)">
              <conditions>
                <condition number="673" type="jump" coverage="0%" />
              </conditions>
            </line>
            <line number="86" hits="0" branch="False" />
            <line number="87" hits="0" branch="True" condition-coverage="0% (0/2)">
              <conditions>
                <condition number="639" type="jump" coverage="0%" />
              </conditions>
            </line>
            <line number="88" hits="0" branch="False" />
            <line number="89" hits="0" branch="False" />
            <line number="90" hits="0" branch="False" />
            <line number="91" hits="0" branch="False" />
            <line number="92" hits="0" branch="False" />
            <line number="93" hits="0" branch="False" />
            <line number="94" hits="0" branch="False" />
            <line number="96" hits="0" branch="False" />
            <line number="97" hits="0" branch="True" condition-coverage="0% (0/2)">
              <conditions>
                <condition number="698" type="jump" coverage="0%" />
              </conditions>
            </line>
            <line number="98" hits="0" branch="False" />
            <line number="99" hits="0" branch="False" />
            <line number="100" hits="0" branch="False" />
            <line number="101" hits="0" branch="False" />
            <line number="103" hits="0" branch="True" condition-coverage="0% (0/2)">
              <conditions>
                <condition number="745" type="jump" coverage="0%" />
              </conditions>
            </line>
            <line number="104" hits="0" branch="False" />
            <line number="105" hits="0" branch="False" />
            <line number="106" hits="0" branch="False" />
            <line number="107" hits="0" branch="False" />
            <line number="108" hits="0" branch="True" condition-coverage="0% (0/2)">
              <conditions>
                <condition number="775" type="jump" coverage="0%" />
              </conditions>
            </line>
            <line number="109" hits="0" branch="False" />
            <line number="110" hits="0" branch="False" />
            <line number="111" hits="0" branch="True" condition-coverage="0% (0/2)">
              <conditions>
                <condition number="802" type="jump" coverage="0%" />
              </conditions>
            </line>
            <line number="112" hits="0" branch="False" />
            <line number="114" hits="0" branch="True" condition-coverage="0% (0/2)">
              <conditions>
                <condition number="826" type="jump" coverage="0%" />
              </conditions>
            </line>
            <line number="115" hits="0" branch="False" />
            <line number="117" hits="0" branch="True" condition-coverage="0% (0/2)">
              <conditions>
                <condition number="850" type="jump" coverage="0%" />
              </conditions>
            </line>
            <line number="118" hits="0" branch="False" />
            <line number="119" hits="0" branch="False" />
            <line number="120" hits="0" branch="False" />
            <line number="121" hits="0" branch="False" />
            <line number="122" hits="0" branch="True" condition-coverage="0% (0/2)">
              <conditions>
                <condition number="890" type="jump" coverage="0%" />
              </conditions>
            </line>
            <line number="123" hits="0" branch="False" />
            <line number="124" hits="0" branch="False" />
            <line number="125" hits="0" branch="True" condition-coverage="0% (0/2)">
              <conditions>
                <condition number="911" type="jump" coverage="0%" />
              </conditions>
            </line>
            <line number="126" hits="0" branch="False" />
            <line number="127" hits="0" branch="False" />
            <line number="128" hits="0" branch="False" />
            <line number="129" hits="0" branch="False" />
            <line number="130" hits="0" branch="False" />
            <line number="131" hits="0" branch="False" />
            <line number="132" hits="0" branch="False" />
            <line number="133" hits="0" branch="False" />
            <line number="134" hits="0" branch="False" />
            <line number="135" hits="0" branch="False" />
            <line number="137" hits="0" branch="False" />
            <line number="138" hits="0" branch="False" />
            <line number="139" hits="0" branch="False" />
            <line number="141" hits="0" branch="True" condition-coverage="0% (0/2)">
              <conditions>
                <condition number="995" type="jump" coverage="0%" />
              </conditions>
            </line>
            <line number="142" hits="0" branch="False" />
            <line number="143" hits="0" branch="False" />
            <line number="144" hits="0" branch="False" />
            <line number="146" hits="0" branch="False" />
            <line number="147" hits="0" branch="False" />
          </lines>
        </class>
        <class name="Zadaca1.Stranka" filename="Desktop\VVS_zadaca1\Zadaca1\Stranka.cs" line-rate="0" branch-rate="1" complexity="5">
          <methods>
            <method name="get_naziv" signature="()" line-rate="0" branch-rate="1" complexity="1">
              <lines>
                <line number="11" hits="0" branch="False" />
              </lines>
            </method>
            <method name="get_clanovi" signature="()" line-rate="0" branch-rate="1" complexity="1">
              <lines>
                <line number="12" hits="0" branch="False" />
              </lines>
            </method>
            <method name="get_brojGlasova" signature="()" line-rate="0" branch-rate="1" complexity="1">
              <lines>
                <line number="13" hits="0" branch="False" />
              </lines>
            </method>
            <method name=".ctor" signature="()" line-rate="0" branch-rate="1" complexity="1">
              <lines>
                <line number="14" hits="0" branch="False" />
              </lines>
            </method>
            <method name=".ctor" signature="(System.String,System.Collections.Generic.List`1&lt;Zadaca1.Kandidat&gt;)" line-rate="0" branch-rate="1" complexity="1">
              <lines>
                <line number="15" hits="0" branch="False" />
                <line number="16" hits="0" branch="False" />
                <line number="17" hits="0" branch="False" />
                <line number="18" hits="0" branch="False" />
                <line number="19" hits="0" branch="False" />
              </lines>
            </method>
          </methods>
          <lines>
            <line number="11" hits="0" branch="False" />
            <line number="12" hits="0" branch="False" />
            <line number="13" hits="0" branch="False" />
            <line number="14" hits="0" branch="False" />
            <line number="15" hits="0" branch="False" />
            <line number="16" hits="0" branch="False" />
            <line number="17" hits="0" branch="False" />
            <line number="18" hits="0" branch="False" />
            <line number="19" hits="0" branch="False" />
          </lines>
        </class>
      </classes>
    </package>
  </packages>
</coverage>